#
# A fatal error has been detected by the Java Runtime Environment:
#
#  EXCEPTION_ACCESS_VIOLATION (0xc0000005) at pc=0x00007ffaa4c1ee9d, pid=5936, tid=0x0000000000005b38
#
# JRE version: Java(TM) SE Runtime Environment (8.0_201-b09) (build 1.8.0_201-b09)
# Java VM: Java HotSpot(TM) 64-Bit Server VM (25.201-b09 mixed mode windows-amd64 compressed oops)
# Problematic frame:
# C  [ntdll.dll+0x1ee9d]
#
# Failed to write core dump. Minidumps are not enabled by default on client versions of Windows
#
# If you would like to submit a bug report, please visit:
#   http://bugreport.java.com/bugreport/crash.jsp
# The crash happened outside the Java Virtual Machine in native code.
# See problematic frame for where to report the bug.
#

---------------  T H R E A D  ---------------

Current thread (0x0000000024530000):  JavaThread "Secondary finalizer" [_thread_in_native, id=23352, stack(0x0000000029810000,0x0000000029910000)]

siginfo: ExceptionCode=0xc0000005, reading address 0xffffffffffffffff

Registers:
RAX=0x0000000000b64000, RBX=0x0000000028076648, RCX=0x000e902104000004, RDX=0x000000002990f5f0
RSP=0x000000002990f4c0, RBP=0x000000002990f5c0, RSI=0x0000000026f59940, RDI=0x000000001c44fa28
R8 =0x0000000028076648, R9 =0x0000000024530000, R10=0x0000000002d197af, R11=0x00000000595dcd40
R12=0x0000000000000000, R13=0x0000000025c21040, R14=0x000000002990f5f0, R15=0x0000000024530000
RIP=0x00007ffaa4c1ee9d, EFLAGS=0x0000000000010206

Top of Stack: (sp=0x000000002990f4c0)
0x000000002990f4c0:   0000000024530000 0000000024530000
0x000000002990f4d0:   000000002990f570 00000000595eecca
0x000000002990f4e0:   0000000023a0e908 000000006cdfa0d4
0x000000002990f4f0:   00000006c2f2a800 00000000034e34ac
0x000000002990f500:   0000000022baf390 0000000059467f71
0x000000002990f510:   000000002990fa68 0000000025c21040
0x000000002990f520:   00000006c2f2a800 0000000002d197db
0x000000002990f530:   000000001c44fa28 0000000002d19542
0x000000002990f540:   0000000024530000 0000000025c21040
0x000000002990f550:   000000002990f550 00000000255c1508
0x000000002990f560:   0000000000000001 0000000002d1950a
0x000000002990f570:   0000000000000003 00000006c2f447b0
0x000000002990f580:   000000002990f570 0000000025c21040
0x000000002990f590:   000000002990f5f0 0000000025c52df0
0x000000002990f5a0:   0000000000000000 0000000025c21040
0x000000002990f5b0:   0000000000000000 000000002990f5e0 

Instructions: (pc=0x00007ffaa4c1ee9d)
0x00007ffaa4c1ee7d:   5e c3 f0 ff 43 38 eb c8 cc cc cc cc cc cc cc cc
0x00007ffaa4c1ee8d:   cc cc cc 48 83 ec 28 65 48 8b 04 25 30 00 00 00
0x00007ffaa4c1ee9d:   f0 0f ba 71 08 00 48 8b 40 48 73 12 48 89 41 10
0x00007ffaa4c1eead:   33 c0 c7 41 0c 01 00 00 00 48 83 c4 28 c3 48 39 


Register to memory mapping:

RAX=0x0000000000b64000 is an unknown value
RBX=0x0000000028076648 is an unknown value
RCX=0x000e902104000004 is an unknown value
RDX=0x000000002990f5f0 is pointing into the stack for thread: 0x0000000024530000
RSP=0x000000002990f4c0 is pointing into the stack for thread: 0x0000000024530000
RBP=0x000000002990f5c0 is pointing into the stack for thread: 0x0000000024530000
RSI=0x0000000026f59940 is an unknown value
RDI=0x000000001c44fa28 is pointing into metadata
R8 =0x0000000028076648 is an unknown value
R9 =0x0000000024530000 is a thread
R10=0x0000000002d197af is at code_begin+1295 in an Interpreter codelet
method entry point (kind = native_synchronized)  [0x0000000002d192a0, 0x0000000002d19e00]  2912 bytes
R11=0x00000000595dcd40 is an unknown value
R12=0x0000000000000000 is an unknown value
R13={method} {0x0000000025c21048} 'reset' '(J)I' in 'org/sqlite/core/NativeDB'
R14=0x000000002990f5f0 is pointing into the stack for thread: 0x0000000024530000
R15=0x0000000024530000 is a thread


Stack: [0x0000000029810000,0x0000000029910000],  sp=0x000000002990f4c0,  free space=1021k
Native frames: (J=compiled Java code, j=interpreted, Vv=VM code, C=native code)
C  [ntdll.dll+0x1ee9d]
C  [sqlite-3.16.1-80115cf4-2966-4c35-91a3-c51d26cd4524-sqlitejdbc.dll+0x7a0d4]
C  0x0000000002d197db

Java frames: (J=compiled Java code, j=interpreted, Vv=VM code)
j  org.sqlite.core.NativeDB.reset(J)I+0
j  org.sqlite.core.CoreResultSet.close()V+81
j  org.sqlite.jdbc4.JDBC4ResultSet.close()V+6
j  org.sqlite.jdbc3.JDBC3ResultSet.finalize()V+1
J 3514 C2 java.lang.ref.Finalizer.access$100(Ljava/lang/ref/Finalizer;Lsun/misc/JavaLangAccess;)V (6 bytes) @ 0x0000000002e34114 [0x0000000002e33f40+0x1d4]
j  java.lang.ref.Finalizer$2.run()V+36
j  java.lang.Thread.run()V+11
v  ~StubRoutines::call_stub

---------------  P R O C E S S  ---------------

Java Threads: ( => current thread )
=>0x0000000024530000 JavaThread "Secondary finalizer" [_thread_in_native, id=23352, stack(0x0000000029810000,0x0000000029910000)]
  0x000000002453d800 JavaThread "Thread-5" [_thread_blocked, id=5044, stack(0x0000000029510000,0x0000000029610000)]
  0x0000000024536000 JavaThread "DestroyJavaVM" [_thread_blocked, id=17296, stack(0x0000000002b00000,0x0000000002c00000)]
  0x0000000024537000 JavaThread "Live Reload Server" daemon [_thread_in_native, id=23172, stack(0x0000000027ea0000,0x0000000027fa0000)]
  0x000000001e699000 JavaThread "mysql-cj-abandoned-connection-cleanup" daemon [_thread_blocked, id=4536, stack(0x0000000025d60000,0x0000000025e60000)]
  0x000000001e723800 JavaThread "Service Thread" daemon [_thread_blocked, id=22092, stack(0x000000001f240000,0x000000001f340000)]
  0x000000001e695800 JavaThread "C1 CompilerThread3" daemon [_thread_blocked, id=1544, stack(0x000000001f140000,0x000000001f240000)]
  0x000000001e68c800 JavaThread "C2 CompilerThread2" daemon [_thread_blocked, id=2976, stack(0x000000001f040000,0x000000001f140000)]
  0x000000001e686800 JavaThread "C2 CompilerThread1" daemon [_thread_blocked, id=3356, stack(0x000000001ef40000,0x000000001f040000)]
  0x000000001e684000 JavaThread "C2 CompilerThread0" daemon [_thread_blocked, id=22776, stack(0x000000001ee40000,0x000000001ef40000)]
  0x000000001e67e000 JavaThread "Attach Listener" daemon [_thread_blocked, id=18244, stack(0x000000001ed40000,0x000000001ee40000)]
  0x000000001e67d000 JavaThread "Signal Dispatcher" daemon [_thread_blocked, id=6868, stack(0x000000001ec40000,0x000000001ed40000)]
  0x000000001e670800 JavaThread "Finalizer" daemon [_thread_blocked, id=20608, stack(0x000000001ea50000,0x000000001eb50000)]
  0x0000000002cfc000 JavaThread "Reference Handler" daemon [_thread_blocked, id=8136, stack(0x000000001e550000,0x000000001e650000)]

Other Threads:
  0x000000001c769800 VMThread [stack: 0x000000001e450000,0x000000001e550000] [id=18160]
  0x000000001e767000 WatcherThread [stack: 0x000000001f340000,0x000000001f440000] [id=22704]

VM state:not at safepoint (normal execution)

VM Mutex/Monitor currently owned by a thread: None

heap address: 0x00000006c1c00000, size: 4068 MB, Compressed Oops mode: Zero based, Oop shift amount: 3
Narrow klass base: 0x0000000000000000, Narrow klass shift: 3
Compressed class space size: 1073741824 Address: 0x00000007c0000000

Heap:
 PSYoungGen      total 194560K, used 5094K [0x000000076b400000, 0x0000000778500000, 0x00000007c0000000)
  eden space 177152K, 2% used [0x000000076b400000,0x000000076b8f98c8,0x0000000776100000)
  from space 17408K, 0% used [0x0000000777400000,0x0000000777400000,0x0000000778500000)
  to   space 18432K, 0% used [0x0000000776100000,0x0000000776100000,0x0000000777300000)
 ParOldGen       total 178176K, used 21229K [0x00000006c1c00000, 0x00000006cca00000, 0x000000076b400000)
  object space 178176K, 11% used [0x00000006c1c00000,0x00000006c30bb628,0x00000006cca00000)
 Metaspace       used 49662K, capacity 51746K, committed 51968K, reserved 1093632K
  class space    used 6728K, capacity 7147K, committed 7168K, reserved 1048576K

Card table byte_map: [0x00000000120c0000,0x00000000128c0000] byte_map_base: 0x000000000eab2000

Marking Bits: (ParMarkBitMap*) 0x0000000059bd4ce0
 Begin Bits: [0x0000000013610000, 0x00000000175a0000)
 End Bits:   [0x00000000175a0000, 0x000000001b530000)

Polling page: 0x0000000001260000

CodeCache: size=245760Kb used=13459Kb max_used=15363Kb free=232300Kb
 bounds [0x0000000002d00000, 0x0000000003c40000, 0x0000000011d00000]
 total_blobs=4098 nmethods=3624 adapters=385
 compilation: enabled

Compilation events (10 events):
Event: 78.010 Thread 0x000000001e695800 4286       3       org.apache.catalina.LifecycleEvent::<init> (16 bytes)
Event: 78.010 Thread 0x000000001e695800 nmethod 4286 0x000000000314d9d0 code [0x000000000314db60, 0x000000000314dec8]
Event: 78.012 Thread 0x000000001e695800 4287       1       org.apache.catalina.util.LifecycleBase::getState (5 bytes)
Event: 78.013 Thread 0x000000001e695800 nmethod 4287 0x0000000003284010 code [0x0000000003284160, 0x0000000003284270]
Event: 78.016 Thread 0x000000001e695800 4288       3       javax.management.ObjectName::isPattern (27 bytes)
Event: 78.016 Thread 0x000000001e695800 nmethod 4288 0x00000000036c2950 code [0x00000000036c2aa0, 0x00000000036c2cd0]
Event: 78.017 Thread 0x000000001e68c800 4292   !   4       org.springframework.util.ConcurrentReferenceHashMap$Segment::clear (63 bytes)
Event: 78.017 Thread 0x000000001e695800 4289  s    3       org.apache.catalina.util.LifecycleBase::setStateInternal (144 bytes)
Event: 78.159 Thread 0x000000001e684000 4294       4       java.util.zip.ZipFile$ZipFileInputStream::finalize (5 bytes)
Event: 78.159 Thread 0x000000001e686800 4295       4       java.util.zip.ZipFile$ZipFileInflaterInputStream::finalize (5 bytes)

GC Heap History (10 events):
Event: 4.529 GC heap before
{Heap before GC invocations=7 (full 1):
 PSYoungGen      total 134656K, used 116019K [0x000000076b400000, 0x0000000775300000, 0x00000007c0000000)
  eden space 123904K, 84% used [0x000000076b400000,0x0000000771ad6d00,0x0000000772d00000)
  from space 10752K, 99% used [0x0000000772d00000,0x0000000773776088,0x0000000773780000)
  to   space 13824K, 0% used [0x0000000774580000,0x0000000774580000,0x0000000775300000)
 ParOldGen       total 108032K, used 9750K [0x00000006c1c00000, 0x00000006c8580000, 0x000000076b400000)
  object space 108032K, 9% used [0x00000006c1c00000,0x00000006c25858d8,0x00000006c8580000)
 Metaspace       used 33987K, capacity 35418K, committed 35456K, reserved 1079296K
  class space    used 4430K, capacity 4723K, committed 4736K, reserved 1048576K
Event: 4.551 GC heap after
Heap after GC invocations=7 (full 1):
 PSYoungGen      total 145920K, used 13808K [0x000000076b400000, 0x0000000778380000, 0x00000007c0000000)
  eden space 132096K, 0% used [0x000000076b400000,0x000000076b400000,0x0000000773500000)
  from space 13824K, 99% used [0x0000000774580000,0x00000007752fc088,0x0000000775300000)
  to   space 16896K, 0% used [0x0000000773500000,0x0000000773500000,0x0000000774580000)
 ParOldGen       total 108032K, used 10602K [0x00000006c1c00000, 0x00000006c8580000, 0x000000076b400000)
  object space 108032K, 9% used [0x00000006c1c00000,0x00000006c265ab58,0x00000006c8580000)
 Metaspace       used 33987K, capacity 35418K, committed 35456K, reserved 1079296K
  class space    used 4430K, capacity 4723K, committed 4736K, reserved 1048576K
}
Event: 4.551 GC heap before
{Heap before GC invocations=8 (full 2):
 PSYoungGen      total 145920K, used 13808K [0x000000076b400000, 0x0000000778380000, 0x00000007c0000000)
  eden space 132096K, 0% used [0x000000076b400000,0x000000076b400000,0x0000000773500000)
  from space 13824K, 99% used [0x0000000774580000,0x00000007752fc088,0x0000000775300000)
  to   space 16896K, 0% used [0x0000000773500000,0x0000000773500000,0x0000000774580000)
 ParOldGen       total 108032K, used 10602K [0x00000006c1c00000, 0x00000006c8580000, 0x000000076b400000)
  object space 108032K, 9% used [0x00000006c1c00000,0x00000006c265ab58,0x00000006c8580000)
 Metaspace       used 33987K, capacity 35418K, committed 35456K, reserved 1079296K
  class space    used 4430K, capacity 4723K, committed 4736K, reserved 1048576K
Event: 4.654 GC heap after
Heap after GC invocations=8 (full 2):
 PSYoungGen      total 145920K, used 0K [0x000000076b400000, 0x0000000778380000, 0x00000007c0000000)
  eden space 132096K, 0% used [0x000000076b400000,0x000000076b400000,0x0000000773500000)
  from space 13824K, 0% used [0x0000000774580000,0x0000000774580000,0x0000000775300000)
  to   space 16896K, 0% used [0x0000000773500000,0x0000000773500000,0x0000000774580000)
 ParOldGen       total 178176K, used 18897K [0x00000006c1c00000, 0x00000006cca00000, 0x000000076b400000)
  object space 178176K, 10% used [0x00000006c1c00000,0x00000006c2e74498,0x00000006cca00000)
 Metaspace       used 33987K, capacity 35418K, committed 35456K, reserved 1079296K
  class space    used 4430K, capacity 4723K, committed 4736K, reserved 1048576K
}
Event: 7.380 GC heap before
{Heap before GC invocations=9 (full 2):
 PSYoungGen      total 145920K, used 132096K [0x000000076b400000, 0x0000000778380000, 0x00000007c0000000)
  eden space 132096K, 100% used [0x000000076b400000,0x0000000773500000,0x0000000773500000)
  from space 13824K, 0% used [0x0000000774580000,0x0000000774580000,0x0000000775300000)
  to   space 16896K, 0% used [0x0000000773500000,0x0000000773500000,0x0000000774580000)
 ParOldGen       total 178176K, used 18897K [0x00000006c1c00000, 0x00000006cca00000, 0x000000076b400000)
  object space 178176K, 10% used [0x00000006c1c00000,0x00000006c2e74498,0x00000006cca00000)
 Metaspace       used 46724K, capacity 48648K, committed 48768K, reserved 1091584K
  class space    used 6343K, capacity 6701K, committed 6784K, reserved 1048576K
Event: 7.392 GC heap after
Heap after GC invocations=9 (full 2):
 PSYoungGen      total 148992K, used 15308K [0x000000076b400000, 0x0000000778700000, 0x00000007c0000000)
  eden space 132096K, 0% used [0x000000076b400000,0x000000076b400000,0x0000000773500000)
  from space 16896K, 90% used [0x0000000773500000,0x00000007743f3178,0x0000000774580000)
  to   space 19456K, 0% used [0x0000000777400000,0x0000000777400000,0x0000000778700000)
 ParOldGen       total 178176K, used 18905K [0x00000006c1c00000, 0x00000006cca00000, 0x000000076b400000)
  object space 178176K, 10% used [0x00000006c1c00000,0x00000006c2e76498,0x00000006cca00000)
 Metaspace       used 46724K, capacity 48648K, committed 48768K, reserved 1091584K
  class space    used 6343K, capacity 6701K, committed 6784K, reserved 1048576K
}
Event: 78.017 GC heap before
{Heap before GC invocations=10 (full 2):
 PSYoungGen      total 148992K, used 62884K [0x000000076b400000, 0x0000000778700000, 0x00000007c0000000)
  eden space 132096K, 36% used [0x000000076b400000,0x000000076e275fa8,0x0000000773500000)
  from space 16896K, 90% used [0x0000000773500000,0x00000007743f3178,0x0000000774580000)
  to   space 19456K, 0% used [0x0000000777400000,0x0000000777400000,0x0000000778700000)
 ParOldGen       total 178176K, used 18905K [0x00000006c1c00000, 0x00000006cca00000, 0x000000076b400000)
  object space 178176K, 10% used [0x00000006c1c00000,0x00000006c2e76498,0x00000006cca00000)
 Metaspace       used 49660K, capacity 51746K, committed 51968K, reserved 1093632K
  class space    used 6727K, capacity 7147K, committed 7168K, reserved 1048576K
Event: 78.024 GC heap after
Heap after GC invocations=10 (full 2):
 PSYoungGen      total 194560K, used 7386K [0x000000076b400000, 0x0000000778500000, 0x00000007c0000000)
  eden space 177152K, 0% used [0x000000076b400000,0x000000076b400000,0x0000000776100000)
  from space 17408K, 42% used [0x0000000777400000,0x0000000777b369e0,0x0000000778500000)
  to   space 18432K, 0% used [0x0000000776100000,0x0000000776100000,0x0000000777300000)
 ParOldGen       total 178176K, used 18913K [0x00000006c1c00000, 0x00000006cca00000, 0x000000076b400000)
  object space 178176K, 10% used [0x00000006c1c00000,0x00000006c2e78498,0x00000006cca00000)
 Metaspace       used 49660K, capacity 51746K, committed 51968K, reserved 1093632K
  class space    used 6727K, capacity 7147K, committed 7168K, reserved 1048576K
}
Event: 78.024 GC heap before
{Heap before GC invocations=11 (full 3):
 PSYoungGen      total 194560K, used 7386K [0x000000076b400000, 0x0000000778500000, 0x00000007c0000000)
  eden space 177152K, 0% used [0x000000076b400000,0x000000076b400000,0x0000000776100000)
  from space 17408K, 42% used [0x0000000777400000,0x0000000777b369e0,0x0000000778500000)
  to   space 18432K, 0% used [0x0000000776100000,0x0000000776100000,0x0000000777300000)
 ParOldGen       total 178176K, used 18913K [0x00000006c1c00000, 0x00000006cca00000, 0x000000076b400000)
  object space 178176K, 10% used [0x00000006c1c00000,0x00000006c2e78498,0x00000006cca00000)
 Metaspace       used 49660K, capacity 51746K, committed 51968K, reserved 1093632K
  class space    used 6727K, capacity 7147K, committed 7168K, reserved 1048576K
Event: 78.159 GC heap after
Heap after GC invocations=11 (full 3):
 PSYoungGen      total 194560K, used 0K [0x000000076b400000, 0x0000000778500000, 0x00000007c0000000)
  eden space 177152K, 0% used [0x000000076b400000,0x000000076b400000,0x0000000776100000)
  from space 17408K, 0% used [0x0000000777400000,0x0000000777400000,0x0000000778500000)
  to   space 18432K, 0% used [0x0000000776100000,0x0000000776100000,0x0000000777300000)
 ParOldGen       total 178176K, used 21229K [0x00000006c1c00000, 0x00000006cca00000, 0x000000076b400000)
  object space 178176K, 11% used [0x00000006c1c00000,0x00000006c30bb628,0x00000006cca00000)
 Metaspace       used 49660K, capacity 51746K, committed 51968K, reserved 1093632K
  class space    used 6727K, capacity 7147K, committed 7168K, reserved 1048576K
}

Deoptimization events (10 events):
Event: 8.408 Thread 0x0000000024533000 Uncommon trap: reason=class_check action=maybe_recompile pc=0x000000000383b748 method=java.util.AbstractCollection.containsAll(Ljava/util/Collection;)Z @ 1
Event: 8.408 Thread 0x0000000024533000 Uncommon trap: reason=class_check action=maybe_recompile pc=0x000000000383b748 method=java.util.AbstractCollection.containsAll(Ljava/util/Collection;)Z @ 1
Event: 8.408 Thread 0x0000000024533000 Uncommon trap: reason=class_check action=maybe_recompile pc=0x000000000383b748 method=java.util.AbstractCollection.containsAll(Ljava/util/Collection;)Z @ 1
Event: 44.074 Thread 0x0000000024534800 Uncommon trap: reason=null_check action=make_not_entrant pc=0x0000000003c0c670 method=org.springframework.core.annotation.AnnotatedElementUtils.searchWithGetSemanticsInAnnotations(Ljava/lang/reflect/AnnotatedElement;Ljava/util/List;Ljava/util/Set;Ljava/la
Event: 44.258 Thread 0x0000000024534800 Uncommon trap: reason=class_check action=maybe_recompile pc=0x000000000383fad0 method=org.springframework.core.annotation.AnnotationUtils.getDeclaredAnnotations(Ljava/lang/reflect/AnnotatedElement;)[Ljava/lang/annotation/Annotation; @ 33
Event: 44.311 Thread 0x0000000024534800 Uncommon trap: reason=unstable_if action=reinterpret pc=0x0000000003930bcc method=java.util.Properties.load0(Ljava/util/Properties$LineReader;)V @ 80
Event: 44.311 Thread 0x0000000024534800 Uncommon trap: reason=unstable_if action=reinterpret pc=0x000000000386a9bc method=java.util.Properties.load0(Ljava/util/Properties$LineReader;)V @ 80
Event: 77.223 Thread 0x0000000024533000 Uncommon trap: reason=unstable_if action=reinterpret pc=0x0000000002e42538 method=java.util.AbstractCollection.containsAll(Ljava/util/Collection;)Z @ 28
Event: 77.650 Thread 0x0000000024533000 Uncommon trap: reason=unstable_if action=reinterpret pc=0x0000000003462b2c method=org.springframework.boot.devtools.filewatch.FileSnapshot.equals(Ljava/lang/Object;)Z @ 93
Event: 78.159 Thread 0x0000000002cfc000 Uncommon trap: reason=unstable_if action=reinterpret pc=0x00000000033f32f0 method=java.lang.ref.Reference.tryHandlePending(Z)Z @ 20

Classes redefined (0 events):
No events

Internal exceptions (10 events):
Event: 6.704 Thread 0x000000001e694000 Exception <a 'java/lang/ClassNotFoundException': org/springframework/boot/autoconfigure/web/servlet/WebMvcAutoConfiguration$EnableWebMvcConfiguration$$EnhancerBySpringCGLIB$$5c14d717Customizer> (0x0000000770a02c90) thrown at [C:\re\workspace\8-2-build-win
Event: 6.706 Thread 0x000000001e694000 Exception <a 'java/lang/ClassNotFoundException': org/springframework/context/annotation/ConfigurationClassEnhancer$EnhancedConfigurationCustomizer> (0x0000000770a42ab0) thrown at [C:\re\workspace\8-2-build-windows-amd64-cygwin\jdk8u201\12322\hotspot\src\s
Event: 6.706 Thread 0x000000001e694000 Exception <a 'java/lang/ClassNotFoundException': org/springframework/beans/factory/BeanFactoryAwareCustomizer> (0x0000000770a57858) thrown at [C:\re\workspace\8-2-build-windows-amd64-cygwin\jdk8u201\12322\hotspot\src\share\vm\classfile\systemDictionary.cp
Event: 6.706 Thread 0x000000001e694000 Exception <a 'java/lang/ClassNotFoundException': org/springframework/beans/factory/AwareCustomizer> (0x0000000770a6afb8) thrown at [C:\re\workspace\8-2-build-windows-amd64-cygwin\jdk8u201\12322\hotspot\src\share\vm\classfile\systemDictionary.cpp, line 210
Event: 6.707 Thread 0x000000001e694000 Exception <a 'java/lang/ClassNotFoundException': org/springframework/context/ApplicationContextAwareCustomizer> (0x0000000770a7ffd0) thrown at [C:\re\workspace\8-2-build-windows-amd64-cygwin\jdk8u201\12322\hotspot\src\share\vm\classfile\systemDictionary.c
Event: 6.707 Thread 0x000000001e694000 Exception <a 'java/lang/ClassNotFoundException': org/springframework/beans/factory/AwareCustomizer> (0x0000000770a93708) thrown at [C:\re\workspace\8-2-build-windows-amd64-cygwin\jdk8u201\12322\hotspot\src\share\vm\classfile\systemDictionary.cpp, line 210
Event: 6.708 Thread 0x000000001e694000 Exception <a 'java/lang/ClassNotFoundException': org/springframework/web/context/ServletContextAwareCustomizer> (0x0000000770aa86b0) thrown at [C:\re\workspace\8-2-build-windows-amd64-cygwin\jdk8u201\12322\hotspot\src\share\vm\classfile\systemDictionary.c
Event: 6.708 Thread 0x000000001e694000 Exception <a 'java/lang/ClassNotFoundException': org/springframework/beans/factory/AwareCustomizer> (0x0000000770abb858) thrown at [C:\re\workspace\8-2-build-windows-amd64-cygwin\jdk8u201\12322\hotspot\src\share\vm\classfile\systemDictionary.cpp, line 210
Event: 44.074 Thread 0x0000000024534800 Implicit null exception at 0x0000000003c0a1d5 to 0x0000000003c0c63d
Event: 78.016 Thread 0x000000001e692800 Exception <a 'java/lang/InterruptedException': sleep interrupted> (0x000000076e199d58) thrown at [C:\re\workspace\8-2-build-windows-amd64-cygwin\jdk8u201\12322\hotspot\src\share\vm\prims\jvm.cpp, line 3340]

Events (10 events):
Event: 78.159 Thread 0x000000002453b800 Thread exited: 0x000000002453b800
Event: 78.159 Thread 0x0000000002cfc000 DEOPT PACKING pc=0x00000000033f32f0 sp=0x000000001e64f030
Event: 78.159 Thread 0x0000000002cfc000 DEOPT UNPACKING pc=0x0000000002d4583b sp=0x000000001e64efe8 mode 2
Event: 78.159 loading class java/lang/ref/Finalizer$2
Event: 78.159 loading class java/lang/ref/Finalizer$2 done
Event: 78.159 loading class java/lang/ref/Finalizer$1
Event: 78.159 loading class java/lang/ref/Finalizer$1 done
Event: 78.159 Thread 0x0000000024530000 Thread added: 0x0000000024530000
Event: 78.160 Executing VM operation: RevokeBias
Event: 78.160 Executing VM operation: RevokeBias done


Dynamic libraries:
0x00007ff65f020000 - 0x00007ff65f057000 	C:\Program Files\Java\jre1.8.0_201\bin\javaw.exe
0x00007ffaa4c00000 - 0x00007ffaa4de1000 	C:\WINDOWS\SYSTEM32\ntdll.dll
0x00007ffaa49f0000 - 0x00007ffaa4aa2000 	C:\WINDOWS\System32\KERNEL32.DLL
0x00007ffaa1990000 - 0x00007ffaa1c03000 	C:\WINDOWS\System32\KERNELBASE.dll
0x00007ffaa4b10000 - 0x00007ffaa4bb1000 	C:\WINDOWS\System32\ADVAPI32.dll
0x00007ffaa22d0000 - 0x00007ffaa236e000 	C:\WINDOWS\System32\msvcrt.dll
0x00007ffaa20f0000 - 0x00007ffaa214b000 	C:\WINDOWS\System32\sechost.dll
0x00007ffaa3c70000 - 0x00007ffaa3d94000 	C:\WINDOWS\System32\RPCRT4.dll
0x00007ffaa2370000 - 0x00007ffaa2500000 	C:\WINDOWS\System32\USER32.dll
0x00007ffaa11c0000 - 0x00007ffaa11e0000 	C:\WINDOWS\System32\win32u.dll
0x00007ffaa3e50000 - 0x00007ffaa3e78000 	C:\WINDOWS\System32\GDI32.dll
0x00007ffaa1de0000 - 0x00007ffaa1f72000 	C:\WINDOWS\System32\gdi32full.dll
0x00007ffaa11e0000 - 0x00007ffaa127f000 	C:\WINDOWS\System32\msvcp_win.dll
0x00007ffaa1ce0000 - 0x00007ffaa1dd8000 	C:\WINDOWS\System32\ucrtbase.dll
0x00007ffa907b0000 - 0x00007ffa90a19000 	C:\WINDOWS\WinSxS\amd64_microsoft.windows.common-controls_6595b64144ccf1df_6.0.17134.648_none_fb45a0e93062a6d2\COMCTL32.dll
0x00007ffaa2500000 - 0x00007ffaa2822000 	C:\WINDOWS\System32\combase.dll
0x00007ffaa1c60000 - 0x00007ffaa1cda000 	C:\WINDOWS\System32\bcryptPrimitives.dll
0x00007ffaa41c0000 - 0x00007ffaa41ed000 	C:\WINDOWS\System32\IMM32.DLL
0x0000000058d90000 - 0x0000000058e61000 	C:\Program Files\Java\jre1.8.0_201\bin\msvcr100.dll
0x00000000593b0000 - 0x0000000059c54000 	C:\Program Files\Java\jre1.8.0_201\bin\server\jvm.dll
0x00007ffaa3ef0000 - 0x00007ffaa3ef8000 	C:\WINDOWS\System32\PSAPI.DLL
0x00007ffa9e980000 - 0x00007ffa9e989000 	C:\WINDOWS\SYSTEM32\WSOCK32.dll
0x00007ffa9caf0000 - 0x00007ffa9cb13000 	C:\WINDOWS\SYSTEM32\WINMM.dll
0x00007ffa9b690000 - 0x00007ffa9b69a000 	C:\WINDOWS\SYSTEM32\VERSION.dll
0x00007ffaa3e80000 - 0x00007ffaa3eec000 	C:\WINDOWS\System32\WS2_32.dll
0x00007ffa9cac0000 - 0x00007ffa9caea000 	C:\WINDOWS\SYSTEM32\winmmbase.dll
0x00007ffaa1c10000 - 0x00007ffaa1c59000 	C:\WINDOWS\System32\cfgmgr32.dll
0x00007ffa9cdb0000 - 0x00007ffa9cdbf000 	C:\Program Files\Java\jre1.8.0_201\bin\verify.dll
0x00007ffa91600000 - 0x00007ffa91629000 	C:\Program Files\Java\jre1.8.0_201\bin\java.dll
0x00007ffa8ee60000 - 0x00007ffa8ee76000 	C:\Program Files\Java\jre1.8.0_201\bin\zip.dll
0x00007ffaa2830000 - 0x00007ffaa3c70000 	C:\WINDOWS\System32\SHELL32.dll
0x00007ffaa3da0000 - 0x00007ffaa3e49000 	C:\WINDOWS\System32\shcore.dll
0x00007ffaa1280000 - 0x00007ffaa198d000 	C:\WINDOWS\System32\windows.storage.dll
0x00007ffaa4060000 - 0x00007ffaa40b1000 	C:\WINDOWS\System32\shlwapi.dll
0x00007ffaa0f90000 - 0x00007ffaa0fa1000 	C:\WINDOWS\System32\kernel.appcore.dll
0x00007ffaa0f70000 - 0x00007ffaa0f8f000 	C:\WINDOWS\System32\profapi.dll
0x00007ffaa0f20000 - 0x00007ffaa0f6c000 	C:\WINDOWS\System32\powrprof.dll
0x00007ffaa0f10000 - 0x00007ffaa0f1a000 	C:\WINDOWS\System32\FLTLIB.DLL
0x00007ffa9cd10000 - 0x00007ffa9cd1d000 	C:\Program Files\Java\jre1.8.0_201\bin\management.dll
0x00007ffa8ee40000 - 0x00007ffa8ee5a000 	C:\Program Files\Java\jre1.8.0_201\bin\net.dll
0x00007ffa92f40000 - 0x00007ffa93108000 	C:\WINDOWS\SYSTEM32\urlmon.dll
0x00007ffa932c0000 - 0x00007ffa93565000 	C:\WINDOWS\SYSTEM32\iertutil.dll
0x00007ffaa0960000 - 0x00007ffaa096b000 	C:\WINDOWS\SYSTEM32\CRYPTBASE.DLL
0x00007ffaa0790000 - 0x00007ffaa07f6000 	C:\WINDOWS\system32\mswsock.dll
0x00007ffa81600000 - 0x00007ffa81616000 	C:\WINDOWS\system32\napinsp.dll
0x00007ffa78c30000 - 0x00007ffa78c4a000 	C:\WINDOWS\system32\pnrpnsp.dll
0x00007ffa9d900000 - 0x00007ffa9d919000 	C:\WINDOWS\system32\NLAapi.dll
0x00007ffaa0550000 - 0x00007ffaa060e000 	C:\WINDOWS\SYSTEM32\DNSAPI.dll
0x00007ffaa4bc0000 - 0x00007ffaa4bc8000 	C:\WINDOWS\System32\NSI.dll
0x00007ffaa0510000 - 0x00007ffaa0548000 	C:\WINDOWS\SYSTEM32\IPHLPAPI.DLL
0x00007ffa815f0000 - 0x00007ffa815fe000 	C:\WINDOWS\System32\winrnr.dll
0x00007ffa9b890000 - 0x00007ffa9b8a5000 	C:\WINDOWS\System32\wshbth.dll
0x00007ffa954f0000 - 0x00007ffa954fa000 	C:\Windows\System32\rasadhlp.dll
0x00007ffa95890000 - 0x00007ffa95902000 	C:\WINDOWS\System32\fwpuclnt.dll
0x00007ffaa0a70000 - 0x00007ffaa0a95000 	C:\WINDOWS\SYSTEM32\bcrypt.dll
0x00007ffa8ee20000 - 0x00007ffa8ee31000 	C:\Program Files\Java\jre1.8.0_201\bin\nio.dll
0x00007ffaa0940000 - 0x00007ffaa0957000 	C:\WINDOWS\SYSTEM32\CRYPTSP.dll
0x00007ffaa0370000 - 0x00007ffaa03a3000 	C:\WINDOWS\system32\rsaenh.dll
0x00007ffaa0e10000 - 0x00007ffaa0e38000 	C:\WINDOWS\SYSTEM32\USERENV.dll
0x00007ffa9be70000 - 0x00007ffa9be86000 	C:\WINDOWS\SYSTEM32\dhcpcsvc6.DLL
0x00007ffa9bca0000 - 0x00007ffa9bcba000 	C:\WINDOWS\SYSTEM32\dhcpcsvc.DLL
0x000000006cd80000 - 0x000000006ce70000 	C:\Users\Dominique\AppData\Local\Temp\sqlite-3.16.1-80115cf4-2966-4c35-91a3-c51d26cd4524-sqlitejdbc.dll
0x00007ffa8b610000 - 0x00007ffa8b7d9000 	C:\WINDOWS\SYSTEM32\dbghelp.dll

VM Arguments:
jvm_args: -Dfile.encoding=UTF-8 
java_command: Ascari.one.AscariCab.AscariCabApplication
java_class_path (initial): C:\Program Files\Java\jre1.8.0_201\lib\resources.jar;C:\Program Files\Java\jre1.8.0_201\lib\rt.jar;C:\Program Files\Java\jre1.8.0_201\lib\jsse.jar;C:\Program Files\Java\jre1.8.0_201\lib\jce.jar;C:\Program Files\Java\jre1.8.0_201\lib\charsets.jar;C:\Program Files\Java\jre1.8.0_201\lib\jfr.jar;C:\Program Files\Java\jre1.8.0_201\lib\ext\access-bridge-64.jar;C:\Program Files\Java\jre1.8.0_201\lib\ext\cldrdata.jar;C:\Program Files\Java\jre1.8.0_201\lib\ext\dnsns.jar;C:\Program Files\Java\jre1.8.0_201\lib\ext\jaccess.jar;C:\Program Files\Java\jre1.8.0_201\lib\ext\jfxrt.jar;C:\Program Files\Java\jre1.8.0_201\lib\ext\localedata.jar;C:\Program Files\Java\jre1.8.0_201\lib\ext\nashorn.jar;C:\Program Files\Java\jre1.8.0_201\lib\ext\sunec.jar;C:\Program Files\Java\jre1.8.0_201\lib\ext\sunjce_provider.jar;C:\Program Files\Java\jre1.8.0_201\lib\ext\sunmscapi.jar;C:\Program Files\Java\jre1.8.0_201\lib\ext\sunpkcs11.jar;C:\Program Files\Java\jre1.8.0_201\lib\ext\zipfs.jar;C:\Users\Dominique\git\New folder (3)\Ascari\target\classes;C:\Users\Dominique\.m2\repository\org\springframework\boot\spring-boot-starter-data-jpa\2.1.3.RELEASE\spring-boot-starter-data-jpa-2.1.3.RELEASE.jar;C:\Users\Dominique\.m2\repository\org\springframework\boot\spring-boot-starter-aop\2.1.3.RELEASE\spring-boot-starter-aop-2.1.3.RELEASE.jar;C:\Users\Dominique\.m2\repository\org\springframework\spring-aop\5.1.5.RELEASE\spring-aop-5.1.5.RELEASE.jar;C:\Users\Dominique\.m2\repository\org\aspectj\aspectjweaver\1.9.2\aspectjweaver-1.9.2.jar;C:\Users\Dominique\.m2\repository\org\springframework\boot\spring-boot-starter-jdbc\2.1.3.RELEASE\spring-boot-starter-jdbc-2.1.3.RELEASE.jar;C:\Users\Dominique\.m2\repository\com\zaxxer\HikariCP\3.2.0\HikariCP-3.2.0.jar;C:\Users\Dominique\.m2\repository\org\springframework\spring-jdbc\5.1.5.RELEASE\spring-jdbc-5.1.5.RELEASE.jar;C:\Users\Dominique\.m2\repository\javax\transaction\javax.transaction-api\1.3\javax.transaction-api-1.3.jar;C:\Users\Dominiqu
Launcher Type: SUN_STANDARD

Environment Variables:
JAVA_HOME=C:\Program Files\Java\jdk1.8.0_201
PATH=C:/Program Files/Java/jre1.8.0_201/bin/server;C:/Program Files/Java/jre1.8.0_201/bin;C:/Program Files/Java/jre1.8.0_201/lib/amd64;C:\Program Files (x86)\Common Files\Oracle\Java\javapath;C:\ProgramData\Oracle\Java\javapath;C:\WINDOWS\system32;C:\WINDOWS;C:\WINDOWS\System32\Wbem;C:\WINDOWS\System32\WindowsPowerShell\v1.0\;C:\Program Files (x86)\NVIDIA Corporation\PhysX\Common;C:\WINDOWS\system32;C:\WINDOWS;C:\WINDOWS\System32\Wbem;C:\WINDOWS\System32\WindowsPowerShell\v1.0\;C:\WINDOWS\System32\OpenSSH\;C:\Program Files\NVIDIA Corporation\NVIDIA NvDLISR;C:\Program Files\swipl\bin;C:\Program Files (x86)\OpenVPN\bin;C:\Program Files (x86)\sbt\bin;C:\Program Files (x86)\Yarn\bin\;C:\Program Files\nodejs\;C:\Program Files\Git\cmd;C:\Users\Dominique\Documents\apache-maven-3.6.0\bin;C:\Users\Dominique\AppData\Local\Microsoft\WindowsApps;C:\Users\Dominique\AppData\Local\Yarn\bin;C:\Users\Dominique\AppData\Roaming\npm;C:\Users\Dominique\Desktop\JUMP FORCE [FitGirl Repack]\eclipse;
USERNAME=Dominique
OS=Windows_NT
PROCESSOR_IDENTIFIER=Intel64 Family 6 Model 158 Stepping 9, GenuineIntel



---------------  S Y S T E M  ---------------

OS: Windows 10.0 , 64 bit Build 17134 (10.0.17134.648)

CPU:total 8 (initial active 8) (4 cores per cpu, 2 threads per core) family 6 model 158 stepping 9, cmov, cx8, fxsr, mmx, sse, sse2, sse3, ssse3, sse4.1, sse4.2, popcnt, avx, avx2, aes, clmul, erms, 3dnowpref, lzcnt, ht, tsc, tscinvbit, bmi1, bmi2, adx

Memory: 4k page, physical 16655964k(5630664k free), swap 20533936k(2346204k free)

vm_info: Java HotSpot(TM) 64-Bit Server VM (25.201-b09) for windows-amd64 JRE (1.8.0_201-b09), built on Dec 15 2018 18:36:39 by "java_re" with MS VC++ 10.0 (VS2010)

time: Sun Mar 24 20:56:04 2019
timezone: Pacific Daylight Time
elapsed time: 78 seconds (0d 0h 1m 18s)

