#
# A fatal error has been detected by the Java Runtime Environment:
#
#  EXCEPTION_ACCESS_VIOLATION (0xc0000005) at pc=0x00007ffaa4c1ee9d, pid=20376, tid=0x0000000000004a08
#
# JRE version: Java(TM) SE Runtime Environment (8.0_201-b09) (build 1.8.0_201-b09)
# Java VM: Java HotSpot(TM) 64-Bit Server VM (25.201-b09 mixed mode windows-amd64 compressed oops)
# Problematic frame:
# C  [ntdll.dll+0x1ee9d]
#
# Failed to write core dump. Minidumps are not enabled by default on client versions of Windows
#
# If you would like to submit a bug report, please visit:
#   http://bugreport.java.com/bugreport/crash.jsp
# The crash happened outside the Java Virtual Machine in native code.
# See problematic frame for where to report the bug.
#

---------------  T H R E A D  ---------------

Current thread (0x0000000002ffe000):  JavaThread "Finalizer" daemon [_thread_in_native, id=18952, stack(0x000000001ed70000,0x000000001ee70000)]

siginfo: ExceptionCode=0xc0000005, reading address 0xffffffffffffffff

Registers:
RAX=0x0000000000d93000, RBX=0x00000000271df208, RCX=0x6f6d2c726165792c, RDX=0x000000001ee6f360
RSP=0x000000001ee6f230, RBP=0x000000001ee6f330, RSI=0x00000000271e1c08, RDI=0x00000000d85b127a
R8 =0x00000000271df208, R9 =0x0000000000000000, R10=0x00000000030197af, R11=0x00000000595dcd40
R12=0x0000000000000000, R13=0x0000000025f2f258, R14=0x000000001ee6f360, R15=0x0000000002ffe000
RIP=0x00007ffaa4c1ee9d, EFLAGS=0x0000000000010206

Top of Stack: (sp=0x000000001ee6f230)
0x000000001ee6f230:   0000000002ffe000 0000000002ffe000
0x000000001ee6f240:   000000001ee6f2e0 00000000595eecca
0x000000001ee6f250:   000000001ca73e18 000000006cdfa0d4
0x000000001ee6f260:   0000000000000118 000000000378276c
0x000000001ee6f270:   000000001ca69020 0000000059467f71
0x000000001ee6f280:   000000001ee6f788 0000000025f2f258
0x000000001ee6f290:   0000000000000118 00000000030197db
0x000000001ee6f2a0:   00000000d85b127a 0000000003019542
0x000000001ee6f2b0:   0000000002ffe000 0000000025f2f258
0x000000001ee6f2c0:   0000000000000000 000000001ee6f320
0x000000001ee6f2d0:   0000000000000000 000000000301950a
0x000000001ee6f2e0:   0000000000000003 00000006c2fbde58
0x000000001ee6f2f0:   000000001ee6f2e0 0000000025f2f258
0x000000001ee6f300:   000000001ee6f360 0000000025f60d90
0x000000001ee6f310:   0000000000000000 0000000025f2f258
0x000000001ee6f320:   0000000000000000 000000001ee6f350 

Instructions: (pc=0x00007ffaa4c1ee9d)
0x00007ffaa4c1ee7d:   5e c3 f0 ff 43 38 eb c8 cc cc cc cc cc cc cc cc
0x00007ffaa4c1ee8d:   cc cc cc 48 83 ec 28 65 48 8b 04 25 30 00 00 00
0x00007ffaa4c1ee9d:   f0 0f ba 71 08 00 48 8b 40 48 73 12 48 89 41 10
0x00007ffaa4c1eead:   33 c0 c7 41 0c 01 00 00 00 48 83 c4 28 c3 48 39 


Register to memory mapping:

RAX=0x0000000000d93000 is an unknown value
RBX=0x00000000271df208 is an unknown value
RCX=0x6f6d2c726165792c is an unknown value
RDX=0x000000001ee6f360 is pointing into the stack for thread: 0x0000000002ffe000
RSP=0x000000001ee6f230 is pointing into the stack for thread: 0x0000000002ffe000
RBP=0x000000001ee6f330 is pointing into the stack for thread: 0x0000000002ffe000
RSI=0x00000000271e1c08 is an unknown value
RDI=0x00000000d85b127a is an unknown value
R8 =0x00000000271df208 is an unknown value
R9 =0x0000000000000000 is an unknown value
R10=0x00000000030197af is at code_begin+1295 in an Interpreter codelet
method entry point (kind = native_synchronized)  [0x00000000030192a0, 0x0000000003019e00]  2912 bytes
R11=0x00000000595dcd40 is an unknown value
R12=0x0000000000000000 is an unknown value
R13={method} {0x0000000025f2f260} 'reset' '(J)I' in 'org/sqlite/core/NativeDB'
R14=0x000000001ee6f360 is pointing into the stack for thread: 0x0000000002ffe000
R15=0x0000000002ffe000 is a thread


Stack: [0x000000001ed70000,0x000000001ee70000],  sp=0x000000001ee6f230,  free space=1020k
Native frames: (J=compiled Java code, j=interpreted, Vv=VM code, C=native code)
C  [ntdll.dll+0x1ee9d]
C  [sqlite-3.16.1-f5e0abb8-ac97-40e2-a9c7-01c9a1d1a6ac-sqlitejdbc.dll+0x7a0d4]
C  0x00000000030197db

Java frames: (J=compiled Java code, j=interpreted, Vv=VM code)
j  org.sqlite.core.NativeDB.reset(J)I+0
j  org.sqlite.core.CoreResultSet.close()V+81
j  org.sqlite.jdbc4.JDBC4ResultSet.close()V+6
j  org.sqlite.jdbc3.JDBC3ResultSet.finalize()V+1
J 3114 C2 java.lang.ref.Finalizer.access$100(Ljava/lang/ref/Finalizer;Lsun/misc/JavaLangAccess;)V (6 bytes) @ 0x0000000003b0fee8 [0x0000000003b0fd00+0x1e8]
j  java.lang.ref.Finalizer$FinalizerThread.run()V+45
v  ~StubRoutines::call_stub

---------------  P R O C E S S  ---------------

Java Threads: ( => current thread )
  0x0000000020e8d000 JavaThread "Secondary finalizer" [_thread_blocked, id=22540, stack(0x000000002b340000,0x000000002b440000)]
  0x0000000020e8a000 JavaThread "Thread-10" [_thread_blocked, id=15748, stack(0x000000002b040000,0x000000002b140000)]
  0x0000000020e95800 JavaThread "DestroyJavaVM" [_thread_blocked, id=18676, stack(0x0000000002d90000,0x0000000002e90000)]
  0x0000000020e8b000 JavaThread "Live Reload Server" daemon [_thread_in_native, id=22988, stack(0x0000000027f40000,0x0000000028040000)]
  0x00000000202a8000 JavaThread "mysql-cj-abandoned-connection-cleanup" daemon [_thread_blocked, id=21700, stack(0x0000000026070000,0x0000000026170000)]
  0x000000001ea44800 JavaThread "Service Thread" daemon [_thread_blocked, id=18848, stack(0x000000001f560000,0x000000001f660000)]
  0x000000001e9bc000 JavaThread "C1 CompilerThread3" daemon [_thread_blocked, id=12816, stack(0x000000001f460000,0x000000001f560000)]
  0x000000001e9a5000 JavaThread "C2 CompilerThread2" daemon [_thread_blocked, id=22964, stack(0x000000001f360000,0x000000001f460000)]
  0x000000001e9a3800 JavaThread "C2 CompilerThread1" daemon [_thread_blocked, id=5484, stack(0x000000001f260000,0x000000001f360000)]
  0x000000001e9a1800 JavaThread "C2 CompilerThread0" daemon [_thread_blocked, id=10040, stack(0x000000001f160000,0x000000001f260000)]
  0x000000001e99f000 JavaThread "Attach Listener" daemon [_thread_blocked, id=23484, stack(0x000000001f060000,0x000000001f160000)]
  0x000000001e99e000 JavaThread "Signal Dispatcher" daemon [_thread_blocked, id=22968, stack(0x000000001ef60000,0x000000001f060000)]
=>0x0000000002ffe000 JavaThread "Finalizer" daemon [_thread_in_native, id=18952, stack(0x000000001ed70000,0x000000001ee70000)]
  0x000000001ca6d800 JavaThread "Reference Handler" daemon [_thread_blocked, id=7972, stack(0x000000001e870000,0x000000001e970000)]

Other Threads:
  0x000000001ca69800 VMThread [stack: 0x000000001e770000,0x000000001e870000] [id=22772]
  0x000000001ea80800 WatcherThread [stack: 0x000000001f660000,0x000000001f760000] [id=9020]

VM state:not at safepoint (normal execution)

VM Mutex/Monitor currently owned by a thread: None

heap address: 0x00000006c1c00000, size: 4068 MB, Compressed Oops mode: Zero based, Oop shift amount: 3
Narrow klass base: 0x0000000000000000, Narrow klass shift: 3
Compressed class space size: 1073741824 Address: 0x00000007c0000000

Heap:
 PSYoungGen      total 263680K, used 2458K [0x000000076b400000, 0x000000077c880000, 0x00000007c0000000)
  eden space 245760K, 1% used [0x000000076b400000,0x000000076b6668d0,0x000000077a400000)
  from space 17920K, 0% used [0x000000077b600000,0x000000077b600000,0x000000077c780000)
  to   space 18432K, 0% used [0x000000077a400000,0x000000077a400000,0x000000077b600000)
 ParOldGen       total 177152K, used 20227K [0x00000006c1c00000, 0x00000006cc900000, 0x000000076b400000)
  object space 177152K, 11% used [0x00000006c1c00000,0x00000006c2fc0f68,0x00000006cc900000)
 Metaspace       used 52236K, capacity 54436K, committed 54528K, reserved 1095680K
  class space    used 6969K, capacity 7392K, committed 7424K, reserved 1048576K

Card table byte_map: [0x00000000123c0000,0x0000000012bc0000] byte_map_base: 0x000000000edb2000

Marking Bits: (ParMarkBitMap*) 0x0000000059bd4ce0
 Begin Bits: [0x0000000013910000, 0x00000000178a0000)
 End Bits:   [0x00000000178a0000, 0x000000001b830000)

Polling page: 0x0000000001020000

CodeCache: size=245760Kb used=16924Kb max_used=16937Kb free=228835Kb
 bounds [0x0000000003000000, 0x00000000040b0000, 0x0000000012000000]
 total_blobs=5306 nmethods=4799 adapters=417
 compilation: enabled

Compilation events (10 events):
Event: 1021.209 Thread 0x000000001e9bc000 5687       3       com.sun.jmx.interceptor.DefaultMBeanServerInterceptor::nonDefaultDomain (43 bytes)
Event: 1021.210 Thread 0x000000001e9bc000 nmethod 5687 0x00000000036c3250 code [0x00000000036c34a0, 0x00000000036c4348]
Event: 1021.211 Thread 0x000000001e9bc000 5688       3       java.util.Vector::<init> (7 bytes)
Event: 1021.211 Thread 0x000000001e9bc000 nmethod 5688 0x00000000038fbad0 code [0x00000000038fbc40, 0x00000000038fbdc8]
Event: 1021.212 Thread 0x000000001e9bc000 5689       3       java.util.Vector::<init> (49 bytes)
Event: 1021.214 Thread 0x000000001e9bc000 nmethod 5689 0x00000000040a02d0 code [0x00000000040a04c0, 0x00000000040a0eb8]
Event: 1021.215 Thread 0x000000001e9bc000 5690       1       org.apache.catalina.ContainerEvent::getType (5 bytes)
Event: 1021.216 Thread 0x000000001e9bc000 nmethod 5690 0x000000000383cd10 code [0x000000000383ce60, 0x000000000383cf70]
Event: 1021.399 Thread 0x000000001e9bc000 5691       3       sun.misc.Unsafe::getAndAddLong (27 bytes)
Event: 1021.399 Thread 0x000000001e9bc000 nmethod 5691 0x000000000409fe50 code [0x000000000409ffc0, 0x00000000040a01d0]

GC Heap History (10 events):
Event: 342.978 GC heap before
{Heap before GC invocations=10 (full 2):
 PSYoungGen      total 147456K, used 105107K [0x000000076b400000, 0x0000000778d00000, 0x00000007c0000000)
  eden space 130048K, 69% used [0x000000076b400000,0x0000000770bc8410,0x0000000773300000)
  from space 17408K, 87% used [0x0000000773300000,0x00000007741dca60,0x0000000774400000)
  to   space 19456K, 0% used [0x0000000777a00000,0x0000000777a00000,0x0000000778d00000)
 ParOldGen       total 177152K, used 19235K [0x00000006c1c00000, 0x00000006cc900000, 0x000000076b400000)
  object space 177152K, 10% used [0x00000006c1c00000,0x00000006c2ec8d10,0x00000006cc900000)
 Metaspace       used 50371K, capacity 52464K, committed 52608K, reserved 1095680K
  class space    used 6807K, capacity 7214K, committed 7296K, reserved 1048576K
Event: 342.985 GC heap after
Heap after GC invocations=10 (full 2):
 PSYoungGen      total 200704K, used 8036K [0x000000076b400000, 0x0000000778b00000, 0x00000007c0000000)
  eden space 183296K, 0% used [0x000000076b400000,0x000000076b400000,0x0000000776700000)
  from space 17408K, 46% used [0x0000000777a00000,0x00000007781d9170,0x0000000778b00000)
  to   space 18432K, 0% used [0x0000000776700000,0x0000000776700000,0x0000000777900000)
 ParOldGen       total 177152K, used 19243K [0x00000006c1c00000, 0x00000006cc900000, 0x000000076b400000)
  object space 177152K, 10% used [0x00000006c1c00000,0x00000006c2ecad10,0x00000006cc900000)
 Metaspace       used 50371K, capacity 52464K, committed 52608K, reserved 1095680K
  class space    used 6807K, capacity 7214K, committed 7296K, reserved 1048576K
}
Event: 342.985 GC heap before
{Heap before GC invocations=11 (full 3):
 PSYoungGen      total 200704K, used 8036K [0x000000076b400000, 0x0000000778b00000, 0x00000007c0000000)
  eden space 183296K, 0% used [0x000000076b400000,0x000000076b400000,0x0000000776700000)
  from space 17408K, 46% used [0x0000000777a00000,0x00000007781d9170,0x0000000778b00000)
  to   space 18432K, 0% used [0x0000000776700000,0x0000000776700000,0x0000000777900000)
 ParOldGen       total 177152K, used 19243K [0x00000006c1c00000, 0x00000006cc900000, 0x000000076b400000)
  object space 177152K, 10% used [0x00000006c1c00000,0x00000006c2ecad10,0x00000006cc900000)
 Metaspace       used 50371K, capacity 52464K, committed 52608K, reserved 1095680K
  class space    used 6807K, capacity 7214K, committed 7296K, reserved 1048576K
Event: 343.368 GC heap after
Heap after GC invocations=11 (full 3):
 PSYoungGen      total 200704K, used 0K [0x000000076b400000, 0x0000000778b00000, 0x00000007c0000000)
  eden space 183296K, 0% used [0x000000076b400000,0x000000076b400000,0x0000000776700000)
  from space 17408K, 0% used [0x0000000777a00000,0x0000000777a00000,0x0000000778b00000)
  to   space 18432K, 0% used [0x0000000776700000,0x0000000776700000,0x0000000777900000)
 ParOldGen       total 177152K, used 21804K [0x00000006c1c00000, 0x00000006cc900000, 0x000000076b400000)
  object space 177152K, 12% used [0x00000006c1c00000,0x00000006c314b1c8,0x00000006cc900000)
 Metaspace       used 50371K, capacity 52464K, committed 52608K, reserved 1095680K
  class space    used 6807K, capacity 7214K, committed 7296K, reserved 1048576K
}
Event: 589.003 GC heap before
{Heap before GC invocations=12 (full 3):
 PSYoungGen      total 200704K, used 183296K [0x000000076b400000, 0x0000000778b00000, 0x00000007c0000000)
  eden space 183296K, 100% used [0x000000076b400000,0x0000000776700000,0x0000000776700000)
  from space 17408K, 0% used [0x0000000777a00000,0x0000000777a00000,0x0000000778b00000)
  to   space 18432K, 0% used [0x0000000776700000,0x0000000776700000,0x0000000777900000)
 ParOldGen       total 177152K, used 21804K [0x00000006c1c00000, 0x00000006cc900000, 0x000000076b400000)
  object space 177152K, 12% used [0x00000006c1c00000,0x00000006c314b1c8,0x00000006cc900000)
 Metaspace       used 52123K, capacity 54300K, committed 54528K, reserved 1095680K
  class space    used 6969K, capacity 7392K, committed 7424K, reserved 1048576K
Event: 589.015 GC heap after
Heap after GC invocations=12 (full 3):
 PSYoungGen      total 201728K, used 6481K [0x000000076b400000, 0x000000077c780000, 0x00000007c0000000)
  eden space 183296K, 0% used [0x000000076b400000,0x000000076b400000,0x0000000776700000)
  from space 18432K, 35% used [0x0000000776700000,0x0000000776d54468,0x0000000777900000)
  to   space 17920K, 0% used [0x000000077b600000,0x000000077b600000,0x000000077c780000)
 ParOldGen       total 177152K, used 21812K [0x00000006c1c00000, 0x00000006cc900000, 0x000000076b400000)
  object space 177152K, 12% used [0x00000006c1c00000,0x00000006c314d1c8,0x00000006cc900000)
 Metaspace       used 52123K, capacity 54300K, committed 54528K, reserved 1095680K
  class space    used 6969K, capacity 7392K, committed 7424K, reserved 1048576K
}
Event: 1021.218 GC heap before
{Heap before GC invocations=13 (full 3):
 PSYoungGen      total 201728K, used 78114K [0x000000076b400000, 0x000000077c780000, 0x00000007c0000000)
  eden space 183296K, 39% used [0x000000076b400000,0x000000076f9f46f0,0x0000000776700000)
  from space 18432K, 35% used [0x0000000776700000,0x0000000776d54468,0x0000000777900000)
  to   space 17920K, 0% used [0x000000077b600000,0x000000077b600000,0x000000077c780000)
 ParOldGen       total 177152K, used 21812K [0x00000006c1c00000, 0x00000006cc900000, 0x000000076b400000)
  object space 177152K, 12% used [0x00000006c1c00000,0x00000006c314d1c8,0x00000006cc900000)
 Metaspace       used 52238K, capacity 54442K, committed 54528K, reserved 1095680K
  class space    used 6969K, capacity 7394K, committed 7424K, reserved 1048576K
Event: 1021.221 GC heap after
Heap after GC invocations=13 (full 3):
 PSYoungGen      total 263680K, used 3264K [0x000000076b400000, 0x000000077c880000, 0x00000007c0000000)
  eden space 245760K, 0% used [0x000000076b400000,0x000000076b400000,0x000000077a400000)
  from space 17920K, 18% used [0x000000077b600000,0x000000077b930000,0x000000077c780000)
  to   space 18432K, 0% used [0x000000077a400000,0x000000077a400000,0x000000077b600000)
 ParOldGen       total 177152K, used 21820K [0x00000006c1c00000, 0x00000006cc900000, 0x000000076b400000)
  object space 177152K, 12% used [0x00000006c1c00000,0x00000006c314f1c8,0x00000006cc900000)
 Metaspace       used 52238K, capacity 54442K, committed 54528K, reserved 1095680K
  class space    used 6969K, capacity 7394K, committed 7424K, reserved 1048576K
}
Event: 1021.222 GC heap before
{Heap before GC invocations=14 (full 4):
 PSYoungGen      total 263680K, used 3264K [0x000000076b400000, 0x000000077c880000, 0x00000007c0000000)
  eden space 245760K, 0% used [0x000000076b400000,0x000000076b400000,0x000000077a400000)
  from space 17920K, 18% used [0x000000077b600000,0x000000077b930000,0x000000077c780000)
  to   space 18432K, 0% used [0x000000077a400000,0x000000077a400000,0x000000077b600000)
 ParOldGen       total 177152K, used 21820K [0x00000006c1c00000, 0x00000006cc900000, 0x000000076b400000)
  object space 177152K, 12% used [0x00000006c1c00000,0x00000006c314f1c8,0x00000006cc900000)
 Metaspace       used 52238K, capacity 54442K, committed 54528K, reserved 1095680K
  class space    used 6969K, capacity 7394K, committed 7424K, reserved 1048576K
Event: 1021.399 GC heap after
Heap after GC invocations=14 (full 4):
 PSYoungGen      total 263680K, used 0K [0x000000076b400000, 0x000000077c880000, 0x00000007c0000000)
  eden space 245760K, 0% used [0x000000076b400000,0x000000076b400000,0x000000077a400000)
  from space 17920K, 0% used [0x000000077b600000,0x000000077b600000,0x000000077c780000)
  to   space 18432K, 0% used [0x000000077a400000,0x000000077a400000,0x000000077b600000)
 ParOldGen       total 177152K, used 20227K [0x00000006c1c00000, 0x00000006cc900000, 0x000000076b400000)
  object space 177152K, 11% used [0x00000006c1c00000,0x00000006c2fc0f68,0x00000006cc900000)
 Metaspace       used 52236K, capacity 54436K, committed 54528K, reserved 1095680K
  class space    used 6969K, capacity 7392K, committed 7424K, reserved 1048576K
}

Deoptimization events (10 events):
Event: 379.950 Thread 0x0000000020e94000 Uncommon trap: reason=unstable_if action=reinterpret pc=0x000000000363e678 method=java.io.WinNTFileSystem.isLetter(C)Z @ 3
Event: 385.569 Thread 0x0000000020e91000 Uncommon trap: reason=class_check action=maybe_recompile pc=0x00000000031c0fe0 method=java.util.HashMap.computeIfAbsent(Ljava/lang/Object;Ljava/util/function/Function;)Ljava/lang/Object; @ 263
Event: 385.569 Thread 0x0000000020e91000 Uncommon trap: reason=class_check action=maybe_recompile pc=0x00000000031c0fe0 method=java.util.HashMap.computeIfAbsent(Ljava/lang/Object;Ljava/util/function/Function;)Ljava/lang/Object; @ 263
Event: 385.569 Thread 0x0000000020e91000 Uncommon trap: reason=class_check action=maybe_recompile pc=0x00000000031c0fe0 method=java.util.HashMap.computeIfAbsent(Ljava/lang/Object;Ljava/util/function/Function;)Ljava/lang/Object; @ 263
Event: 385.569 Thread 0x0000000020e91000 Uncommon trap: reason=class_check action=maybe_recompile pc=0x00000000031c0fe0 method=java.util.HashMap.computeIfAbsent(Ljava/lang/Object;Ljava/util/function/Function;)Ljava/lang/Object; @ 263
Event: 385.581 Thread 0x0000000020e91000 Uncommon trap: reason=unstable_if action=reinterpret pc=0x000000000332fe1c method=java.nio.Buffer.<init>(IIII)V @ 66
Event: 428.344 Thread 0x0000000020e89800 Uncommon trap: reason=unstable_if action=reinterpret pc=0x0000000003bd8b68 method=java.nio.Buffer.<init>(IIII)V @ 66
Event: 428.372 Thread 0x0000000020e89800 Uncommon trap: reason=class_check action=maybe_recompile pc=0x0000000003f040b4 method=org.springframework.asm.ClassReader.readCode(Lorg/springframework/asm/MethodVisitor;Lorg/springframework/asm/Context;I)V @ 3345
Event: 428.372 Thread 0x0000000020e89800 Uncommon trap: reason=class_check action=maybe_recompile pc=0x0000000003f03790 method=org.springframework.asm.ClassReader.readCode(Lorg/springframework/asm/MethodVisitor;Lorg/springframework/asm/Context;I)V @ 3918
Event: 428.372 Thread 0x0000000020e89800 Uncommon trap: reason=class_check action=maybe_recompile pc=0x0000000003f040b4 method=org.springframework.asm.ClassReader.readCode(Lorg/springframework/asm/MethodVisitor;Lorg/springframework/asm/Context;I)V @ 3345

Classes redefined (0 events):
No events

Internal exceptions (10 events):
Event: 344.655 Thread 0x0000000020e8a000 Implicit null exception at 0x0000000003a27595 to 0x0000000003a27b28
Event: 344.655 Thread 0x0000000020e8a000 Exception <a 'java/lang/NullPointerException'> (0x0000000771602c80) thrown at [C:\re\workspace\8-2-build-windows-amd64-cygwin\jdk8u201\12322\hotspot\src\share\vm\runtime\sharedRuntime.cpp, line 605]
Event: 344.655 Thread 0x0000000020e8a000 Implicit null exception at 0x0000000003a27595 to 0x0000000003a27b28
Event: 344.655 Thread 0x0000000020e8a000 Exception <a 'java/lang/NullPointerException'> (0x0000000771604030) thrown at [C:\re\workspace\8-2-build-windows-amd64-cygwin\jdk8u201\12322\hotspot\src\share\vm\runtime\sharedRuntime.cpp, line 605]
Event: 344.767 Thread 0x0000000020e8a000 Exception <a 'java/lang/NullPointerException'> (0x0000000771c48da0) thrown at [C:\re\workspace\8-2-build-windows-amd64-cygwin\jdk8u201\12322\hotspot\src\share\vm\interpreter\linkResolver.cpp, line 1287]
Event: 344.776 Thread 0x0000000020e8a000 Exception <a 'java/lang/NullPointerException'> (0x0000000771c8e5e8) thrown at [C:\re\workspace\8-2-build-windows-amd64-cygwin\jdk8u201\12322\hotspot\src\share\vm\interpreter\linkResolver.cpp, line 1287]
Event: 344.790 Thread 0x0000000020e8a000 Exception <a 'java/lang/NullPointerException'> (0x0000000771cd29b0) thrown at [C:\re\workspace\8-2-build-windows-amd64-cygwin\jdk8u201\12322\hotspot\src\share\vm\interpreter\linkResolver.cpp, line 1287]
Event: 344.799 Thread 0x0000000020e8a000 Exception <a 'java/lang/NullPointerException'> (0x0000000771d19648) thrown at [C:\re\workspace\8-2-build-windows-amd64-cygwin\jdk8u201\12322\hotspot\src\share\vm\interpreter\linkResolver.cpp, line 1287]
Event: 428.365 Thread 0x0000000020e89800 Exception <a 'java/lang/NoSuchMethodError': java.lang.Object.lambda$andThen$1(Ljava/util/function/Function;Ljava/lang/Object;)Ljava/lang/Object;> (0x0000000774e07bf8) thrown at [C:\re\workspace\8-2-build-windows-amd64-cygwin\jdk8u201\12322\hotspot\src\sha
Event: 1021.216 Thread 0x0000000020e8d000 Exception <a 'java/lang/InterruptedException': sleep interrupted> (0x000000076f93d278) thrown at [C:\re\workspace\8-2-build-windows-amd64-cygwin\jdk8u201\12322\hotspot\src\share\vm\prims\jvm.cpp, line 3340]

Events (10 events):
Event: 1021.217 Executing VM operation: ParallelGCSystemGC
Event: 1021.399 Executing VM operation: ParallelGCSystemGC done
Event: 1021.399 Executing VM operation: RevokeBias
Event: 1021.399 Executing VM operation: RevokeBias done
Event: 1021.399 Thread 0x00000000202a6800 Thread exited: 0x00000000202a6800
Event: 1021.399 Thread 0x0000000020e8d000 Thread added: 0x0000000020e8d000
Event: 1021.399 Executing VM operation: RevokeBias
Event: 1021.399 Executing VM operation: RevokeBias done
Event: 1021.399 Executing VM operation: RevokeBias
Event: 1021.399 Executing VM operation: RevokeBias done


Dynamic libraries:
0x00007ff65f020000 - 0x00007ff65f057000 	C:\Program Files\Java\jre1.8.0_201\bin\javaw.exe
0x00007ffaa4c00000 - 0x00007ffaa4de1000 	C:\WINDOWS\SYSTEM32\ntdll.dll
0x00007ffaa49f0000 - 0x00007ffaa4aa2000 	C:\WINDOWS\System32\KERNEL32.DLL
0x00007ffaa1990000 - 0x00007ffaa1c03000 	C:\WINDOWS\System32\KERNELBASE.dll
0x00007ffaa4b10000 - 0x00007ffaa4bb1000 	C:\WINDOWS\System32\ADVAPI32.dll
0x00007ffaa22d0000 - 0x00007ffaa236e000 	C:\WINDOWS\System32\msvcrt.dll
0x00007ffaa20f0000 - 0x00007ffaa214b000 	C:\WINDOWS\System32\sechost.dll
0x00007ffaa3c70000 - 0x00007ffaa3d94000 	C:\WINDOWS\System32\RPCRT4.dll
0x00007ffaa2370000 - 0x00007ffaa2500000 	C:\WINDOWS\System32\USER32.dll
0x00007ffaa11c0000 - 0x00007ffaa11e0000 	C:\WINDOWS\System32\win32u.dll
0x00007ffaa3e50000 - 0x00007ffaa3e78000 	C:\WINDOWS\System32\GDI32.dll
0x00007ffaa1de0000 - 0x00007ffaa1f72000 	C:\WINDOWS\System32\gdi32full.dll
0x00007ffaa11e0000 - 0x00007ffaa127f000 	C:\WINDOWS\System32\msvcp_win.dll
0x00007ffaa1ce0000 - 0x00007ffaa1dd8000 	C:\WINDOWS\System32\ucrtbase.dll
0x00007ffa907b0000 - 0x00007ffa90a19000 	C:\WINDOWS\WinSxS\amd64_microsoft.windows.common-controls_6595b64144ccf1df_6.0.17134.648_none_fb45a0e93062a6d2\COMCTL32.dll
0x00007ffaa2500000 - 0x00007ffaa2822000 	C:\WINDOWS\System32\combase.dll
0x00007ffaa1c60000 - 0x00007ffaa1cda000 	C:\WINDOWS\System32\bcryptPrimitives.dll
0x00007ffaa41c0000 - 0x00007ffaa41ed000 	C:\WINDOWS\System32\IMM32.DLL
0x0000000058d90000 - 0x0000000058e61000 	C:\Program Files\Java\jre1.8.0_201\bin\msvcr100.dll
0x00000000593b0000 - 0x0000000059c54000 	C:\Program Files\Java\jre1.8.0_201\bin\server\jvm.dll
0x00007ffaa3ef0000 - 0x00007ffaa3ef8000 	C:\WINDOWS\System32\PSAPI.DLL
0x00007ffa9caf0000 - 0x00007ffa9cb13000 	C:\WINDOWS\SYSTEM32\WINMM.dll
0x00007ffa9e980000 - 0x00007ffa9e989000 	C:\WINDOWS\SYSTEM32\WSOCK32.dll
0x00007ffa9b690000 - 0x00007ffa9b69a000 	C:\WINDOWS\SYSTEM32\VERSION.dll
0x00007ffaa3e80000 - 0x00007ffaa3eec000 	C:\WINDOWS\System32\WS2_32.dll
0x00007ffa9cac0000 - 0x00007ffa9caea000 	C:\WINDOWS\SYSTEM32\winmmbase.dll
0x00007ffaa1c10000 - 0x00007ffaa1c59000 	C:\WINDOWS\System32\cfgmgr32.dll
0x00007ffa9cdb0000 - 0x00007ffa9cdbf000 	C:\Program Files\Java\jre1.8.0_201\bin\verify.dll
0x00007ffa91600000 - 0x00007ffa91629000 	C:\Program Files\Java\jre1.8.0_201\bin\java.dll
0x00007ffa8ee60000 - 0x00007ffa8ee76000 	C:\Program Files\Java\jre1.8.0_201\bin\zip.dll
0x00007ffaa2830000 - 0x00007ffaa3c70000 	C:\WINDOWS\System32\SHELL32.dll
0x00007ffaa3da0000 - 0x00007ffaa3e49000 	C:\WINDOWS\System32\shcore.dll
0x00007ffaa1280000 - 0x00007ffaa198d000 	C:\WINDOWS\System32\windows.storage.dll
0x00007ffaa4060000 - 0x00007ffaa40b1000 	C:\WINDOWS\System32\shlwapi.dll
0x00007ffaa0f90000 - 0x00007ffaa0fa1000 	C:\WINDOWS\System32\kernel.appcore.dll
0x00007ffaa0f70000 - 0x00007ffaa0f8f000 	C:\WINDOWS\System32\profapi.dll
0x00007ffaa0f20000 - 0x00007ffaa0f6c000 	C:\WINDOWS\System32\powrprof.dll
0x00007ffaa0f10000 - 0x00007ffaa0f1a000 	C:\WINDOWS\System32\FLTLIB.DLL
0x00007ffa9cd10000 - 0x00007ffa9cd1d000 	C:\Program Files\Java\jre1.8.0_201\bin\management.dll
0x00007ffa8ee40000 - 0x00007ffa8ee5a000 	C:\Program Files\Java\jre1.8.0_201\bin\net.dll
0x00007ffa92f40000 - 0x00007ffa93108000 	C:\WINDOWS\SYSTEM32\urlmon.dll
0x00007ffa932c0000 - 0x00007ffa93565000 	C:\WINDOWS\SYSTEM32\iertutil.dll
0x00007ffaa0960000 - 0x00007ffaa096b000 	C:\WINDOWS\SYSTEM32\CRYPTBASE.DLL
0x00007ffaa0790000 - 0x00007ffaa07f6000 	C:\WINDOWS\system32\mswsock.dll
0x00007ffa81600000 - 0x00007ffa81616000 	C:\WINDOWS\system32\napinsp.dll
0x00007ffa78c30000 - 0x00007ffa78c4a000 	C:\WINDOWS\system32\pnrpnsp.dll
0x00007ffa9d900000 - 0x00007ffa9d919000 	C:\WINDOWS\system32\NLAapi.dll
0x00007ffaa0550000 - 0x00007ffaa060e000 	C:\WINDOWS\SYSTEM32\DNSAPI.dll
0x00007ffaa4bc0000 - 0x00007ffaa4bc8000 	C:\WINDOWS\System32\NSI.dll
0x00007ffaa0510000 - 0x00007ffaa0548000 	C:\WINDOWS\SYSTEM32\IPHLPAPI.DLL
0x00007ffa815f0000 - 0x00007ffa815fe000 	C:\WINDOWS\System32\winrnr.dll
0x00007ffa9b890000 - 0x00007ffa9b8a5000 	C:\WINDOWS\System32\wshbth.dll
0x00007ffa954f0000 - 0x00007ffa954fa000 	C:\Windows\System32\rasadhlp.dll
0x00007ffa95890000 - 0x00007ffa95902000 	C:\WINDOWS\System32\fwpuclnt.dll
0x00007ffaa0a70000 - 0x00007ffaa0a95000 	C:\WINDOWS\SYSTEM32\bcrypt.dll
0x00007ffa8ee20000 - 0x00007ffa8ee31000 	C:\Program Files\Java\jre1.8.0_201\bin\nio.dll
0x00007ffaa0940000 - 0x00007ffaa0957000 	C:\WINDOWS\SYSTEM32\CRYPTSP.dll
0x00007ffaa0370000 - 0x00007ffaa03a3000 	C:\WINDOWS\system32\rsaenh.dll
0x00007ffaa0e10000 - 0x00007ffaa0e38000 	C:\WINDOWS\SYSTEM32\USERENV.dll
0x00007ffa9be70000 - 0x00007ffa9be86000 	C:\WINDOWS\SYSTEM32\dhcpcsvc6.DLL
0x00007ffa9bca0000 - 0x00007ffa9bcba000 	C:\WINDOWS\SYSTEM32\dhcpcsvc.DLL
0x000000006cd80000 - 0x000000006ce70000 	C:\Users\Dominique\AppData\Local\Temp\sqlite-3.16.1-f5e0abb8-ac97-40e2-a9c7-01c9a1d1a6ac-sqlitejdbc.dll
0x00007ffa8b610000 - 0x00007ffa8b7d9000 	C:\WINDOWS\SYSTEM32\dbghelp.dll

VM Arguments:
jvm_args: -Dfile.encoding=UTF-8 
java_command: Ascari.one.AscariCab.AscariCabApplication
java_class_path (initial): C:\Program Files\Java\jre1.8.0_201\lib\resources.jar;C:\Program Files\Java\jre1.8.0_201\lib\rt.jar;C:\Program Files\Java\jre1.8.0_201\lib\jsse.jar;C:\Program Files\Java\jre1.8.0_201\lib\jce.jar;C:\Program Files\Java\jre1.8.0_201\lib\charsets.jar;C:\Program Files\Java\jre1.8.0_201\lib\jfr.jar;C:\Program Files\Java\jre1.8.0_201\lib\ext\access-bridge-64.jar;C:\Program Files\Java\jre1.8.0_201\lib\ext\cldrdata.jar;C:\Program Files\Java\jre1.8.0_201\lib\ext\dnsns.jar;C:\Program Files\Java\jre1.8.0_201\lib\ext\jaccess.jar;C:\Program Files\Java\jre1.8.0_201\lib\ext\jfxrt.jar;C:\Program Files\Java\jre1.8.0_201\lib\ext\localedata.jar;C:\Program Files\Java\jre1.8.0_201\lib\ext\nashorn.jar;C:\Program Files\Java\jre1.8.0_201\lib\ext\sunec.jar;C:\Program Files\Java\jre1.8.0_201\lib\ext\sunjce_provider.jar;C:\Program Files\Java\jre1.8.0_201\lib\ext\sunmscapi.jar;C:\Program Files\Java\jre1.8.0_201\lib\ext\sunpkcs11.jar;C:\Program Files\Java\jre1.8.0_201\lib\ext\zipfs.jar;C:\Users\Dominique\git\New folder (3)\Ascari\target\classes;C:\Users\Dominique\.m2\repository\org\springframework\boot\spring-boot-starter-data-jpa\2.1.3.RELEASE\spring-boot-starter-data-jpa-2.1.3.RELEASE.jar;C:\Users\Dominique\.m2\repository\org\springframework\boot\spring-boot-starter-aop\2.1.3.RELEASE\spring-boot-starter-aop-2.1.3.RELEASE.jar;C:\Users\Dominique\.m2\repository\org\springframework\spring-aop\5.1.5.RELEASE\spring-aop-5.1.5.RELEASE.jar;C:\Users\Dominique\.m2\repository\org\aspectj\aspectjweaver\1.9.2\aspectjweaver-1.9.2.jar;C:\Users\Dominique\.m2\repository\org\springframework\boot\spring-boot-starter-jdbc\2.1.3.RELEASE\spring-boot-starter-jdbc-2.1.3.RELEASE.jar;C:\Users\Dominique\.m2\repository\com\zaxxer\HikariCP\3.2.0\HikariCP-3.2.0.jar;C:\Users\Dominique\.m2\repository\org\springframework\spring-jdbc\5.1.5.RELEASE\spring-jdbc-5.1.5.RELEASE.jar;C:\Users\Dominique\.m2\repository\javax\transaction\javax.transaction-api\1.3\javax.transaction-api-1.3.jar;C:\Users\Dominiqu
Launcher Type: SUN_STANDARD

Environment Variables:
JAVA_HOME=C:\Program Files\Java\jdk1.8.0_201
PATH=C:/Program Files/Java/jre1.8.0_201/bin/server;C:/Program Files/Java/jre1.8.0_201/bin;C:/Program Files/Java/jre1.8.0_201/lib/amd64;C:\Program Files (x86)\Common Files\Oracle\Java\javapath;C:\ProgramData\Oracle\Java\javapath;C:\WINDOWS\system32;C:\WINDOWS;C:\WINDOWS\System32\Wbem;C:\WINDOWS\System32\WindowsPowerShell\v1.0\;C:\Program Files (x86)\NVIDIA Corporation\PhysX\Common;C:\WINDOWS\system32;C:\WINDOWS;C:\WINDOWS\System32\Wbem;C:\WINDOWS\System32\WindowsPowerShell\v1.0\;C:\WINDOWS\System32\OpenSSH\;C:\Program Files\NVIDIA Corporation\NVIDIA NvDLISR;C:\Program Files\swipl\bin;C:\Program Files (x86)\OpenVPN\bin;C:\Program Files (x86)\sbt\bin;C:\Program Files (x86)\Yarn\bin\;C:\Program Files\nodejs\;C:\Program Files\Git\cmd;C:\Users\Dominique\Documents\apache-maven-3.6.0\bin;C:\Users\Dominique\AppData\Local\Microsoft\WindowsApps;C:\Users\Dominique\AppData\Local\Yarn\bin;C:\Users\Dominique\AppData\Roaming\npm;C:\Users\Dominique\Desktop\JUMP FORCE [FitGirl Repack]\eclipse;
USERNAME=Dominique
OS=Windows_NT
PROCESSOR_IDENTIFIER=Intel64 Family 6 Model 158 Stepping 9, GenuineIntel



---------------  S Y S T E M  ---------------

OS: Windows 10.0 , 64 bit Build 17134 (10.0.17134.648)

CPU:total 8 (initial active 8) (4 cores per cpu, 2 threads per core) family 6 model 158 stepping 9, cmov, cx8, fxsr, mmx, sse, sse2, sse3, ssse3, sse4.1, sse4.2, popcnt, avx, avx2, aes, clmul, erms, 3dnowpref, lzcnt, ht, tsc, tscinvbit, bmi1, bmi2, adx

Memory: 4k page, physical 16655964k(5831316k free), swap 21600508k(3141208k free)

vm_info: Java HotSpot(TM) 64-Bit Server VM (25.201-b09) for windows-amd64 JRE (1.8.0_201-b09), built on Dec 15 2018 18:36:39 by "java_re" with MS VC++ 10.0 (VS2010)

time: Sun Mar 24 21:13:34 2019
timezone: Pacific Daylight Time
elapsed time: 1021 seconds (0d 0h 17m 1s)

