#
# A fatal error has been detected by the Java Runtime Environment:
#
#  EXCEPTION_ACCESS_VIOLATION (0xc0000005) at pc=0x000000006cdfa0c5, pid=15232, tid=0x0000000000000f8c
#
# JRE version: Java(TM) SE Runtime Environment (8.0_201-b09) (build 1.8.0_201-b09)
# Java VM: Java HotSpot(TM) 64-Bit Server VM (25.201-b09 mixed mode windows-amd64 compressed oops)
# Problematic frame:
# C  [sqlite-3.16.1-a3e5fb1b-7c73-4c16-95c2-5eafc0acf188-sqlitejdbc.dll+0x7a0c5]
#
# Failed to write core dump. Minidumps are not enabled by default on client versions of Windows
#
# If you would like to submit a bug report, please visit:
#   http://bugreport.java.com/bugreport/crash.jsp
# The crash happened outside the Java Virtual Machine in native code.
# See problematic frame for where to report the bug.
#

---------------  T H R E A D  ---------------

Current thread (0x000000002399b800):  JavaThread "Secondary finalizer" [_thread_in_native, id=3980, stack(0x000000002f990000,0x000000002fa90000)]

siginfo: ExceptionCode=0xc0000005, reading address 0x0000000000000018

Registers:
RAX=0x000000006cd826d0, RBX=0x0000000027c78db8, RCX=0x0000000027c78db8, RDX=0x000000002fa8edf0
RSP=0x000000002fa8ecf0, RBP=0x000000002fa8edc0, RSI=0x0000000000000000, RDI=0x000000000eee2000
R8 =0x0000000027c78db8, R9 =0x0000000000000000, R10=0x00000000031497af, R11=0x000000007323cd40
R12=0x0000000000000000, R13=0x0000000027171778, R14=0x000000002fa8edf0, R15=0x000000002399b800
RIP=0x000000006cdfa0c5, EFLAGS=0x0000000000010206

Top of Stack: (sp=0x000000002fa8ecf0)
0x000000002fa8ecf0:   000000076b748a98 00000000730c8cf9
0x000000002fa8ed00:   000000002649df40 00000000730c7f71
0x000000002fa8ed10:   000000002fa8f268 0000000027171778
0x000000002fa8ed20:   000000076b748a98 00000000031497db
0x000000002fa8ed30:   000000000eee2000 0000000003149542
0x000000002fa8ed40:   000000002399b800 0000000027171778
0x000000002fa8ed50:   00000000203ab238 00000000730cac59
0x000000002fa8ed60:   000000002fa8f268 000000000314950a
0x000000002fa8ed70:   0000000000000003 00000006c304d1f0
0x000000002fa8ed80:   000000002fa8ed70 0000000027171778
0x000000002fa8ed90:   000000002fa8edf0 00000000271a3820
0x000000002fa8eda0:   0000000000000000 0000000027171778
0x000000002fa8edb0:   0000000000000000 000000002fa8ede0
0x000000002fa8edc0:   000000002fa8ee38 0000000003137da0
0x000000002fa8edd0:   0000000000000000 00000000031421d6
0x000000002fa8ede0:   0000000027c78db8 0000000027c78db8 

Instructions: (pc=0x000000006cdfa0c5)
0x000000006cdfa0a5:   48 83 c4 38 c3 66 0f 1f 44 00 00 56 53 48 83 ec
0x000000006cdfa0b5:   28 48 85 c9 0f 84 b1 00 00 00 48 8b 31 48 89 cb
0x000000006cdfa0c5:   48 8b 4e 18 48 85 c9 74 06 ff 15 74 df 04 00 48
0x000000006cdfa0d5:   83 bb b0 00 00 00 00 7e 0b 48 89 da 48 89 f1 e8 


Register to memory mapping:

RAX=0x000000006cd826d0 is an unknown value
RBX=0x0000000027c78db8 is an unknown value
RCX=0x0000000027c78db8 is an unknown value
RDX=0x000000002fa8edf0 is pointing into the stack for thread: 0x000000002399b800
RSP=0x000000002fa8ecf0 is pointing into the stack for thread: 0x000000002399b800
RBP=0x000000002fa8edc0 is pointing into the stack for thread: 0x000000002399b800
RSI=0x0000000000000000 is an unknown value
RDI=0x000000000eee2000 is an unknown value
R8 =0x0000000027c78db8 is an unknown value
R9 =0x0000000000000000 is an unknown value
R10=0x00000000031497af is at code_begin+1295 in an Interpreter codelet
method entry point (kind = native_synchronized)  [0x00000000031492a0, 0x0000000003149e00]  2912 bytes
R11=0x000000007323cd40 is an unknown value
R12=0x0000000000000000 is an unknown value
R13={method} {0x0000000027171780} 'reset' '(J)I' in 'org/sqlite/core/NativeDB'
R14=0x000000002fa8edf0 is pointing into the stack for thread: 0x000000002399b800
R15=0x000000002399b800 is a thread


Stack: [0x000000002f990000,0x000000002fa90000],  sp=0x000000002fa8ecf0,  free space=1019k
Native frames: (J=compiled Java code, j=interpreted, Vv=VM code, C=native code)
C  [sqlite-3.16.1-a3e5fb1b-7c73-4c16-95c2-5eafc0acf188-sqlitejdbc.dll+0x7a0c5]
C  0x00000000031497db

Java frames: (J=compiled Java code, j=interpreted, Vv=VM code)
j  org.sqlite.core.NativeDB.reset(J)I+0
j  org.sqlite.core.CoreResultSet.close()V+81
j  org.sqlite.jdbc4.JDBC4ResultSet.close()V+6
j  org.sqlite.jdbc3.JDBC3ResultSet.finalize()V+1
J 4398 C2 java.lang.ref.Finalizer.access$100(Ljava/lang/ref/Finalizer;Lsun/misc/JavaLangAccess;)V (6 bytes) @ 0x0000000003c7c154 [0x0000000003c7bf80+0x1d4]
j  java.lang.ref.Finalizer$2.run()V+36
j  java.lang.Thread.run()V+11
v  ~StubRoutines::call_stub

---------------  P R O C E S S  ---------------

Java Threads: ( => current thread )
=>0x000000002399b800 JavaThread "Secondary finalizer" [_thread_in_native, id=3980, stack(0x000000002f990000,0x000000002fa90000)]
  0x0000000023999800 JavaThread "Thread-22" [_thread_blocked, id=18128, stack(0x000000002f790000,0x000000002f890000)]
  0x00000000229bf800 JavaThread "DestroyJavaVM" [_thread_blocked, id=17584, stack(0x0000000002f30000,0x0000000003030000)]
  0x00000000229b3800 JavaThread "Live Reload Server" daemon [_thread_in_native, id=9812, stack(0x00000000281c0000,0x00000000282c0000)]
  0x0000000020e9c800 JavaThread "mysql-cj-abandoned-connection-cleanup" daemon [_thread_blocked, id=14896, stack(0x0000000025f70000,0x0000000026070000)]
  0x000000001eb22000 JavaThread "Service Thread" daemon [_thread_blocked, id=5848, stack(0x000000001f640000,0x000000001f740000)]
  0x000000001eaa9000 JavaThread "C1 CompilerThread3" daemon [_thread_blocked, id=6168, stack(0x000000001f540000,0x000000001f640000)]
  0x000000001ea91800 JavaThread "C2 CompilerThread2" daemon [_thread_blocked, id=11444, stack(0x000000001f440000,0x000000001f540000)]
  0x000000001ea88800 JavaThread "C2 CompilerThread1" daemon [_thread_blocked, id=3844, stack(0x000000001f340000,0x000000001f440000)]
  0x000000001ea80800 JavaThread "C2 CompilerThread0" daemon [_thread_blocked, id=1192, stack(0x000000001f240000,0x000000001f340000)]
  0x000000001ea7e800 JavaThread "Attach Listener" daemon [_thread_blocked, id=1488, stack(0x000000001f140000,0x000000001f240000)]
  0x000000001ea7d800 JavaThread "Signal Dispatcher" daemon [_thread_blocked, id=1484, stack(0x000000001f040000,0x000000001f140000)]
  0x000000000312e000 JavaThread "Finalizer" daemon [_thread_blocked, id=9760, stack(0x000000001ee50000,0x000000001ef50000)]
  0x000000001cb4d800 JavaThread "Reference Handler" daemon [_thread_blocked, id=5944, stack(0x000000001e950000,0x000000001ea50000)]

Other Threads:
  0x000000001cb49800 VMThread [stack: 0x000000001e850000,0x000000001e950000] [id=11980]
  0x000000001eb5e000 WatcherThread [stack: 0x000000001f740000,0x000000001f840000] [id=12784]

VM state:not at safepoint (normal execution)

VM Mutex/Monitor currently owned by a thread: None

heap address: 0x00000006c1c00000, size: 4068 MB, Compressed Oops mode: Zero based, Oop shift amount: 3
Narrow klass base: 0x0000000000000000, Narrow klass shift: 3
Compressed class space size: 1073741824 Address: 0x00000007c0000000

Heap:
 PSYoungGen      total 359424K, used 4470K [0x000000076b400000, 0x0000000782680000, 0x00000007c0000000)
  eden space 339456K, 1% used [0x000000076b400000,0x000000076b85d810,0x000000077ff80000)
  from space 19968K, 0% used [0x0000000781300000,0x0000000781300000,0x0000000782680000)
  to   space 19968K, 0% used [0x000000077ff80000,0x000000077ff80000,0x0000000781300000)
 ParOldGen       total 186368K, used 20799K [0x00000006c1c00000, 0x00000006cd200000, 0x000000076b400000)
  object space 186368K, 11% used [0x00000006c1c00000,0x00000006c304fed0,0x00000006cd200000)
 Metaspace       used 51590K, capacity 54146K, committed 54272K, reserved 1095680K
  class space    used 6856K, capacity 7379K, committed 7424K, reserved 1048576K

Card table byte_map: [0x00000000124f0000,0x0000000012cf0000] byte_map_base: 0x000000000eee2000

Marking Bits: (ParMarkBitMap*) 0x0000000073834ce0
 Begin Bits: [0x0000000013a40000, 0x00000000179d0000)
 End Bits:   [0x00000000179d0000, 0x000000001b960000)

Polling page: 0x0000000001110000

CodeCache: size=245760Kb used=19238Kb max_used=19269Kb free=226521Kb
 bounds [0x0000000003130000, 0x0000000004430000, 0x0000000012130000]
 total_blobs=5497 nmethods=5018 adapters=391
 compilation: enabled

Compilation events (10 events):
Event: 1752.987 Thread 0x000000001eaa9000 nmethod 5996 0x0000000003991ad0 code [0x0000000003991c20, 0x0000000003991dd0]
Event: 1753.005 Thread 0x000000001eaa9000 5997       3       java.lang.Throwable::<init> (29 bytes)
Event: 1753.006 Thread 0x000000001eaa9000 nmethod 5997 0x00000000035ae090 code [0x00000000035ae200, 0x00000000035ae4c8]
Event: 1753.007 Thread 0x000000001eaa9000 5998       3       java.util.concurrent.CopyOnWriteArrayList::remove (30 bytes)
Event: 1753.007 Thread 0x000000001eaa9000 nmethod 5998 0x00000000035ad7d0 code [0x00000000035ad940, 0x00000000035adc38]
Event: 1753.008 Thread 0x000000001eaa9000 5999  s    3       org.apache.tomcat.util.modeler.Registry::getRegistry (120 bytes)
Event: 1753.008 Thread 0x000000001eaa9000 nmethod 5999 0x0000000003bcd3d0 code [0x0000000003bcd560, 0x0000000003bcda28]
Event: 1753.188 Thread 0x000000001eaa9000 6000       1       com.sun.jmx.mbeanserver.NamedObject::getObject (5 bytes)
Event: 1753.189 Thread 0x000000001eaa9000 nmethod 6000 0x0000000003b8a010 code [0x0000000003b8a160, 0x0000000003b8a270]
Event: 1753.190 Thread 0x000000001eaa9000 6001       3       java.util.zip.ZipFile::finalize (5 bytes)

GC Heap History (10 events):
Event: 1564.279 GC heap before
{Heap before GC invocations=12 (full 4):
 PSYoungGen      total 359424K, used 3696K [0x000000076b400000, 0x0000000782680000, 0x00000007c0000000)
  eden space 339456K, 0% used [0x000000076b400000,0x000000076b400000,0x000000077ff80000)
  from space 19968K, 18% used [0x0000000781300000,0x000000078169c2f8,0x0000000782680000)
  to   space 19968K, 0% used [0x000000077ff80000,0x000000077ff80000,0x0000000781300000)
 ParOldGen       total 186368K, used 19634K [0x00000006c1c00000, 0x00000006cd200000, 0x000000076b400000)
  object space 186368K, 10% used [0x00000006c1c00000,0x00000006c2f2c870,0x00000006cd200000)
 Metaspace       used 50636K, capacity 52784K, committed 52864K, reserved 1095680K
  class space    used 6791K, capacity 7235K, committed 7296K, reserved 1048576K
Event: 1564.448 GC heap after
Heap after GC invocations=12 (full 4):
 PSYoungGen      total 359424K, used 0K [0x000000076b400000, 0x0000000782680000, 0x00000007c0000000)
  eden space 339456K, 0% used [0x000000076b400000,0x000000076b400000,0x000000077ff80000)
  from space 19968K, 0% used [0x0000000781300000,0x0000000781300000,0x0000000782680000)
  to   space 19968K, 0% used [0x000000077ff80000,0x000000077ff80000,0x0000000781300000)
 ParOldGen       total 186368K, used 20522K [0x00000006c1c00000, 0x00000006cd200000, 0x000000076b400000)
  object space 186368K, 11% used [0x00000006c1c00000,0x00000006c300a8f8,0x00000006cd200000)
 Metaspace       used 50634K, capacity 52778K, committed 52864K, reserved 1095680K
  class space    used 6790K, capacity 7233K, committed 7296K, reserved 1048576K
}
Event: 1587.320 GC heap before
{Heap before GC invocations=13 (full 4):
 PSYoungGen      total 359424K, used 152536K [0x000000076b400000, 0x0000000782680000, 0x00000007c0000000)
  eden space 339456K, 44% used [0x000000076b400000,0x00000007748f6198,0x000000077ff80000)
  from space 19968K, 0% used [0x0000000781300000,0x0000000781300000,0x0000000782680000)
  to   space 19968K, 0% used [0x000000077ff80000,0x000000077ff80000,0x0000000781300000)
 ParOldGen       total 186368K, used 20522K [0x00000006c1c00000, 0x00000006cd200000, 0x000000076b400000)
  object space 186368K, 11% used [0x00000006c1c00000,0x00000006c300a8f8,0x00000006cd200000)
 Metaspace       used 51121K, capacity 53418K, committed 53632K, reserved 1095680K
  class space    used 6811K, capacity 7284K, committed 7296K, reserved 1048576K
Event: 1587.326 GC heap after
Heap after GC invocations=13 (full 4):
 PSYoungGen      total 359424K, used 3628K [0x000000076b400000, 0x0000000782680000, 0x00000007c0000000)
  eden space 339456K, 0% used [0x000000076b400000,0x000000076b400000,0x000000077ff80000)
  from space 19968K, 18% used [0x000000077ff80000,0x000000078030b1c8,0x0000000781300000)
  to   space 19968K, 0% used [0x0000000781300000,0x0000000781300000,0x0000000782680000)
 ParOldGen       total 186368K, used 20530K [0x00000006c1c00000, 0x00000006cd200000, 0x000000076b400000)
  object space 186368K, 11% used [0x00000006c1c00000,0x00000006c300c8f8,0x00000006cd200000)
 Metaspace       used 51121K, capacity 53418K, committed 53632K, reserved 1095680K
  class space    used 6811K, capacity 7284K, committed 7296K, reserved 1048576K
}
Event: 1587.326 GC heap before
{Heap before GC invocations=14 (full 5):
 PSYoungGen      total 359424K, used 3628K [0x000000076b400000, 0x0000000782680000, 0x00000007c0000000)
  eden space 339456K, 0% used [0x000000076b400000,0x000000076b400000,0x000000077ff80000)
  from space 19968K, 18% used [0x000000077ff80000,0x000000078030b1c8,0x0000000781300000)
  to   space 19968K, 0% used [0x0000000781300000,0x0000000781300000,0x0000000782680000)
 ParOldGen       total 186368K, used 20530K [0x00000006c1c00000, 0x00000006cd200000, 0x000000076b400000)
  object space 186368K, 11% used [0x00000006c1c00000,0x00000006c300c8f8,0x00000006cd200000)
 Metaspace       used 51121K, capacity 53418K, committed 53632K, reserved 1095680K
  class space    used 6811K, capacity 7284K, committed 7296K, reserved 1048576K
Event: 1587.439 GC heap after
Heap after GC invocations=14 (full 5):
 PSYoungGen      total 359424K, used 0K [0x000000076b400000, 0x0000000782680000, 0x00000007c0000000)
  eden space 339456K, 0% used [0x000000076b400000,0x000000076b400000,0x000000077ff80000)
  from space 19968K, 0% used [0x000000077ff80000,0x000000077ff80000,0x0000000781300000)
  to   space 19968K, 0% used [0x0000000781300000,0x0000000781300000,0x0000000782680000)
 ParOldGen       total 186368K, used 20631K [0x00000006c1c00000, 0x00000006cd200000, 0x000000076b400000)
  object space 186368K, 11% used [0x00000006c1c00000,0x00000006c3025fa8,0x00000006cd200000)
 Metaspace       used 51118K, capacity 53412K, committed 53632K, reserved 1095680K
  class space    used 6810K, capacity 7282K, committed 7296K, reserved 1048576K
}
Event: 1753.009 GC heap before
{Heap before GC invocations=15 (full 5):
 PSYoungGen      total 359424K, used 173246K [0x000000076b400000, 0x0000000782680000, 0x00000007c0000000)
  eden space 339456K, 51% used [0x000000076b400000,0x0000000775d2f880,0x000000077ff80000)
  from space 19968K, 0% used [0x000000077ff80000,0x000000077ff80000,0x0000000781300000)
  to   space 19968K, 0% used [0x0000000781300000,0x0000000781300000,0x0000000782680000)
 ParOldGen       total 186368K, used 20631K [0x00000006c1c00000, 0x00000006cd200000, 0x000000076b400000)
  object space 186368K, 11% used [0x00000006c1c00000,0x00000006c3025fa8,0x00000006cd200000)
 Metaspace       used 51592K, capacity 54152K, committed 54272K, reserved 1095680K
  class space    used 6857K, capacity 7381K, committed 7424K, reserved 1048576K
Event: 1753.018 GC heap after
Heap after GC invocations=15 (full 5):
 PSYoungGen      total 359424K, used 3696K [0x000000076b400000, 0x0000000782680000, 0x00000007c0000000)
  eden space 339456K, 0% used [0x000000076b400000,0x000000076b400000,0x000000077ff80000)
  from space 19968K, 18% used [0x0000000781300000,0x000000078169c2f8,0x0000000782680000)
  to   space 19968K, 0% used [0x000000077ff80000,0x000000077ff80000,0x0000000781300000)
 ParOldGen       total 186368K, used 20639K [0x00000006c1c00000, 0x00000006cd200000, 0x000000076b400000)
  object space 186368K, 11% used [0x00000006c1c00000,0x00000006c3027fa8,0x00000006cd200000)
 Metaspace       used 51592K, capacity 54152K, committed 54272K, reserved 1095680K
  class space    used 6857K, capacity 7381K, committed 7424K, reserved 1048576K
}
Event: 1753.018 GC heap before
{Heap before GC invocations=16 (full 6):
 PSYoungGen      total 359424K, used 3696K [0x000000076b400000, 0x0000000782680000, 0x00000007c0000000)
  eden space 339456K, 0% used [0x000000076b400000,0x000000076b400000,0x000000077ff80000)
  from space 19968K, 18% used [0x0000000781300000,0x000000078169c2f8,0x0000000782680000)
  to   space 19968K, 0% used [0x000000077ff80000,0x000000077ff80000,0x0000000781300000)
 ParOldGen       total 186368K, used 20639K [0x00000006c1c00000, 0x00000006cd200000, 0x000000076b400000)
  object space 186368K, 11% used [0x00000006c1c00000,0x00000006c3027fa8,0x00000006cd200000)
 Metaspace       used 51592K, capacity 54152K, committed 54272K, reserved 1095680K
  class space    used 6857K, capacity 7381K, committed 7424K, reserved 1048576K
Event: 1753.188 GC heap after
Heap after GC invocations=16 (full 6):
 PSYoungGen      total 359424K, used 0K [0x000000076b400000, 0x0000000782680000, 0x00000007c0000000)
  eden space 339456K, 0% used [0x000000076b400000,0x000000076b400000,0x000000077ff80000)
  from space 19968K, 0% used [0x0000000781300000,0x0000000781300000,0x0000000782680000)
  to   space 19968K, 0% used [0x000000077ff80000,0x000000077ff80000,0x0000000781300000)
 ParOldGen       total 186368K, used 20799K [0x00000006c1c00000, 0x00000006cd200000, 0x000000076b400000)
  object space 186368K, 11% used [0x00000006c1c00000,0x00000006c304fed0,0x00000006cd200000)
 Metaspace       used 51589K, capacity 54146K, committed 54272K, reserved 1095680K
  class space    used 6856K, capacity 7379K, committed 7424K, reserved 1048576K
}

Deoptimization events (10 events):
Event: 1173.255 Thread 0x00000000229b9800 Uncommon trap: reason=predicate action=maybe_recompile pc=0x00000000033ad304 method=java.util.AbstractCollection.toArray([Ljava/lang/Object;)[Ljava/lang/Object; @ 49
Event: 1173.286 Thread 0x00000000229b9800 Uncommon trap: reason=array_check action=maybe_recompile pc=0x00000000033f28b0 method=java.util.AbstractCollection.toArray([Ljava/lang/Object;)[Ljava/lang/Object; @ 119
Event: 1173.288 Thread 0x00000000229b9800 Uncommon trap: reason=array_check action=maybe_recompile pc=0x00000000033f28b0 method=java.util.AbstractCollection.toArray([Ljava/lang/Object;)[Ljava/lang/Object; @ 119
Event: 1173.288 Thread 0x00000000229b9800 Uncommon trap: reason=array_check action=maybe_recompile pc=0x00000000033f28b0 method=java.util.AbstractCollection.toArray([Ljava/lang/Object;)[Ljava/lang/Object; @ 119
Event: 1173.288 Thread 0x00000000229b9800 Uncommon trap: reason=array_check action=maybe_recompile pc=0x00000000033f28b0 method=java.util.AbstractCollection.toArray([Ljava/lang/Object;)[Ljava/lang/Object; @ 119
Event: 1173.555 Thread 0x00000000229b9800 Uncommon trap: reason=range_check action=make_not_entrant pc=0x0000000004047b64 method=java.lang.String.charAt(I)C @ 27
Event: 1173.595 Thread 0x00000000229b9800 Uncommon trap: reason=bimorphic action=maybe_recompile pc=0x0000000003adb8ec method=java.util.Collections$SetFromMap.contains(Ljava/lang/Object;)Z @ 5
Event: 1173.632 Thread 0x00000000229b9800 Uncommon trap: reason=bimorphic action=maybe_recompile pc=0x0000000003adb8ec method=java.util.Collections$SetFromMap.contains(Ljava/lang/Object;)Z @ 5
Event: 1173.647 Thread 0x00000000229b9800 Uncommon trap: reason=unstable_if action=reinterpret pc=0x0000000003e57a60 method=java.util.jar.JarFile.maybeInstantiateVerifier()V @ 4
Event: 1174.108 Thread 0x00000000229b9800 Uncommon trap: reason=unstable_if action=reinterpret pc=0x000000000323d3e0 method=java.util.WeakHashMap.put(Ljava/lang/Object;Ljava/lang/Object;)Ljava/lang/Object; @ 47

Classes redefined (0 events):
No events

Internal exceptions (10 events):
Event: 1588.027 Thread 0x00000000229bb800 Implicit null exception at 0x0000000003b939d5 to 0x0000000003b93f68
Event: 1588.027 Thread 0x00000000229bb800 Exception <a 'java/lang/NullPointerException'> (0x000000077178a968) thrown at [C:\re\workspace\8-2-build-windows-amd64-cygwin\jdk8u201\12322\hotspot\src\share\vm\runtime\sharedRuntime.cpp, line 605]
Event: 1588.027 Thread 0x00000000229bb800 Implicit null exception at 0x0000000003b939d5 to 0x0000000003b93f68
Event: 1588.027 Thread 0x00000000229bb800 Exception <a 'java/lang/NullPointerException'> (0x000000077178b730) thrown at [C:\re\workspace\8-2-build-windows-amd64-cygwin\jdk8u201\12322\hotspot\src\share\vm\runtime\sharedRuntime.cpp, line 605]
Event: 1588.173 Thread 0x00000000229bb800 Exception <a 'java/lang/NullPointerException'> (0x0000000771e42248) thrown at [C:\re\workspace\8-2-build-windows-amd64-cygwin\jdk8u201\12322\hotspot\src\share\vm\interpreter\linkResolver.cpp, line 1287]
Event: 1588.179 Thread 0x00000000229bb800 Exception <a 'java/lang/NullPointerException'> (0x0000000771e87eb0) thrown at [C:\re\workspace\8-2-build-windows-amd64-cygwin\jdk8u201\12322\hotspot\src\share\vm\interpreter\linkResolver.cpp, line 1287]
Event: 1588.186 Thread 0x00000000229bb800 Exception <a 'java/lang/NullPointerException'> (0x0000000771ecc440) thrown at [C:\re\workspace\8-2-build-windows-amd64-cygwin\jdk8u201\12322\hotspot\src\share\vm\interpreter\linkResolver.cpp, line 1287]
Event: 1588.192 Thread 0x00000000229bb800 Exception <a 'java/lang/NullPointerException'> (0x0000000771f10878) thrown at [C:\re\workspace\8-2-build-windows-amd64-cygwin\jdk8u201\12322\hotspot\src\share\vm\interpreter\linkResolver.cpp, line 1287]
Event: 1588.200 Thread 0x00000000229bb800 Exception <a 'java/lang/NullPointerException'> (0x0000000771f56840) thrown at [C:\re\workspace\8-2-build-windows-amd64-cygwin\jdk8u201\12322\hotspot\src\share\vm\interpreter\linkResolver.cpp, line 1287]
Event: 1753.007 Thread 0x00000000229b9800 Exception <a 'java/lang/InterruptedException': sleep interrupted> (0x0000000775c14aa8) thrown at [C:\re\workspace\8-2-build-windows-amd64-cygwin\jdk8u201\12322\hotspot\src\share\vm\prims\jvm.cpp, line 3340]

Events (10 events):
Event: 1753.188 Executing VM operation: RevokeBias
Event: 1753.188 Executing VM operation: RevokeBias done
Event: 1753.189 Executing VM operation: RevokeBias
Event: 1753.189 Executing VM operation: RevokeBias done
Event: 1753.189 Executing VM operation: RevokeBias
Event: 1753.189 Executing VM operation: RevokeBias done
Event: 1753.189 Executing VM operation: RevokeBias
Event: 1753.189 Executing VM operation: RevokeBias done
Event: 1753.190 Executing VM operation: RevokeBias
Event: 1753.190 Executing VM operation: RevokeBias done


Dynamic libraries:
0x00007ff777dc0000 - 0x00007ff777df7000 	C:\Program Files\Java\jre1.8.0_201\bin\javaw.exe
0x00007ffe6c010000 - 0x00007ffe6c1f1000 	C:\WINDOWS\SYSTEM32\ntdll.dll
0x00007ffe6a920000 - 0x00007ffe6a9d2000 	C:\WINDOWS\System32\KERNEL32.DLL
0x00007ffe683e0000 - 0x00007ffe68653000 	C:\WINDOWS\System32\KERNELBASE.dll
0x00007ffe6bf30000 - 0x00007ffe6bfd1000 	C:\WINDOWS\System32\ADVAPI32.dll
0x00007ffe6b240000 - 0x00007ffe6b2de000 	C:\WINDOWS\System32\msvcrt.dll
0x00007ffe6b2e0000 - 0x00007ffe6b33b000 	C:\WINDOWS\System32\sechost.dll
0x00007ffe6b770000 - 0x00007ffe6b894000 	C:\WINDOWS\System32\RPCRT4.dll
0x00007ffe6ba30000 - 0x00007ffe6bbc0000 	C:\WINDOWS\System32\USER32.dll
0x00007ffe68830000 - 0x00007ffe68850000 	C:\WINDOWS\System32\win32u.dll
0x00007ffe6b3a0000 - 0x00007ffe6b3c8000 	C:\WINDOWS\System32\GDI32.dll
0x00007ffe68f60000 - 0x00007ffe690f2000 	C:\WINDOWS\System32\gdi32full.dll
0x00007ffe68660000 - 0x00007ffe686ff000 	C:\WINDOWS\System32\msvcp_win.dll
0x00007ffe693a0000 - 0x00007ffe69498000 	C:\WINDOWS\System32\ucrtbase.dll
0x00007ffe57530000 - 0x00007ffe57799000 	C:\WINDOWS\WinSxS\amd64_microsoft.windows.common-controls_6595b64144ccf1df_6.0.17134.648_none_fb45a0e93062a6d2\COMCTL32.dll
0x00007ffe6a9e0000 - 0x00007ffe6ad02000 	C:\WINDOWS\System32\combase.dll
0x00007ffe68700000 - 0x00007ffe6877a000 	C:\WINDOWS\System32\bcryptPrimitives.dll
0x00007ffe694a0000 - 0x00007ffe694cd000 	C:\WINDOWS\System32\IMM32.DLL
0x0000000072e50000 - 0x0000000072f21000 	C:\Program Files\Java\jre1.8.0_201\bin\msvcr100.dll
0x0000000073010000 - 0x00000000738b4000 	C:\Program Files\Java\jre1.8.0_201\bin\server\jvm.dll
0x00007ffe6bcb0000 - 0x00007ffe6bcb8000 	C:\WINDOWS\System32\PSAPI.DLL
0x00007ffe463c0000 - 0x00007ffe463c9000 	C:\WINDOWS\SYSTEM32\WSOCK32.dll
0x00007ffe64060000 - 0x00007ffe64083000 	C:\WINDOWS\SYSTEM32\WINMM.dll
0x00007ffe60b60000 - 0x00007ffe60b6a000 	C:\WINDOWS\SYSTEM32\VERSION.dll
0x00007ffe6bc40000 - 0x00007ffe6bcac000 	C:\WINDOWS\System32\WS2_32.dll
0x00007ffe63f80000 - 0x00007ffe63faa000 	C:\WINDOWS\SYSTEM32\winmmbase.dll
0x00007ffe69100000 - 0x00007ffe69149000 	C:\WINDOWS\System32\cfgmgr32.dll
0x00007ffe46390000 - 0x00007ffe4639f000 	C:\Program Files\Java\jre1.8.0_201\bin\verify.dll
0x00007ffe29280000 - 0x00007ffe292a9000 	C:\Program Files\Java\jre1.8.0_201\bin\java.dll
0x00007ffe29260000 - 0x00007ffe29276000 	C:\Program Files\Java\jre1.8.0_201\bin\zip.dll
0x00007ffe694e0000 - 0x00007ffe6a920000 	C:\WINDOWS\System32\SHELL32.dll
0x00007ffe6b8a0000 - 0x00007ffe6b949000 	C:\WINDOWS\System32\shcore.dll
0x00007ffe68850000 - 0x00007ffe68f5d000 	C:\WINDOWS\System32\windows.storage.dll
0x00007ffe6bbc0000 - 0x00007ffe6bc11000 	C:\WINDOWS\System32\shlwapi.dll
0x00007ffe683c0000 - 0x00007ffe683d1000 	C:\WINDOWS\System32\kernel.appcore.dll
0x00007ffe68320000 - 0x00007ffe6833f000 	C:\WINDOWS\System32\profapi.dll
0x00007ffe68350000 - 0x00007ffe6839c000 	C:\WINDOWS\System32\powrprof.dll
0x00007ffe68340000 - 0x00007ffe6834a000 	C:\WINDOWS\System32\FLTLIB.DLL
0x00007ffe63dc0000 - 0x00007ffe63dcd000 	C:\Program Files\Java\jre1.8.0_201\bin\management.dll
0x00007ffe29240000 - 0x00007ffe2925a000 	C:\Program Files\Java\jre1.8.0_201\bin\net.dll
0x00007ffe59800000 - 0x00007ffe599c8000 	C:\WINDOWS\SYSTEM32\urlmon.dll
0x00007ffe59b80000 - 0x00007ffe59e25000 	C:\WINDOWS\SYSTEM32\iertutil.dll
0x00007ffe67d70000 - 0x00007ffe67d7b000 	C:\WINDOWS\SYSTEM32\CRYPTBASE.DLL
0x00007ffe67ba0000 - 0x00007ffe67c06000 	C:\WINDOWS\system32\mswsock.dll
0x00007ffe42760000 - 0x00007ffe42776000 	C:\WINDOWS\system32\napinsp.dll
0x00007ffe42740000 - 0x00007ffe4275a000 	C:\WINDOWS\system32\pnrpnsp.dll
0x00007ffe65bc0000 - 0x00007ffe65bd9000 	C:\WINDOWS\system32\NLAapi.dll
0x00007ffe67960000 - 0x00007ffe67a1e000 	C:\WINDOWS\SYSTEM32\DNSAPI.dll
0x00007ffe694d0000 - 0x00007ffe694d8000 	C:\WINDOWS\System32\NSI.dll
0x00007ffe67920000 - 0x00007ffe67958000 	C:\WINDOWS\SYSTEM32\IPHLPAPI.DLL
0x00007ffe42730000 - 0x00007ffe4273e000 	C:\WINDOWS\System32\winrnr.dll
0x00007ffe62080000 - 0x00007ffe62095000 	C:\WINDOWS\System32\wshbth.dll
0x00007ffe5bd40000 - 0x00007ffe5bd4a000 	C:\Windows\System32\rasadhlp.dll
0x00007ffe5f550000 - 0x00007ffe5f5c2000 	C:\WINDOWS\System32\fwpuclnt.dll
0x00007ffe67e80000 - 0x00007ffe67ea5000 	C:\WINDOWS\SYSTEM32\bcrypt.dll
0x00007ffe29220000 - 0x00007ffe29231000 	C:\Program Files\Java\jre1.8.0_201\bin\nio.dll
0x00007ffe67d50000 - 0x00007ffe67d67000 	C:\WINDOWS\SYSTEM32\CRYPTSP.dll
0x00007ffe67780000 - 0x00007ffe677b3000 	C:\WINDOWS\system32\rsaenh.dll
0x00007ffe68220000 - 0x00007ffe68248000 	C:\WINDOWS\SYSTEM32\USERENV.dll
0x00007ffe61f70000 - 0x00007ffe61f86000 	C:\WINDOWS\SYSTEM32\dhcpcsvc6.DLL
0x00007ffe61000000 - 0x00007ffe6101a000 	C:\WINDOWS\SYSTEM32\dhcpcsvc.DLL
0x000000006cd80000 - 0x000000006ce70000 	C:\Users\Dominique\AppData\Local\Temp\sqlite-3.16.1-a3e5fb1b-7c73-4c16-95c2-5eafc0acf188-sqlitejdbc.dll
0x00007ffe4fa60000 - 0x00007ffe4fc29000 	C:\WINDOWS\SYSTEM32\dbghelp.dll

VM Arguments:
jvm_args: -Dfile.encoding=UTF-8 
java_command: Ascari.one.AscariCab.AscariCabApplication
java_class_path (initial): C:\Program Files\Java\jre1.8.0_201\lib\resources.jar;C:\Program Files\Java\jre1.8.0_201\lib\rt.jar;C:\Program Files\Java\jre1.8.0_201\lib\jsse.jar;C:\Program Files\Java\jre1.8.0_201\lib\jce.jar;C:\Program Files\Java\jre1.8.0_201\lib\charsets.jar;C:\Program Files\Java\jre1.8.0_201\lib\jfr.jar;C:\Program Files\Java\jre1.8.0_201\lib\ext\access-bridge-64.jar;C:\Program Files\Java\jre1.8.0_201\lib\ext\cldrdata.jar;C:\Program Files\Java\jre1.8.0_201\lib\ext\dnsns.jar;C:\Program Files\Java\jre1.8.0_201\lib\ext\jaccess.jar;C:\Program Files\Java\jre1.8.0_201\lib\ext\jfxrt.jar;C:\Program Files\Java\jre1.8.0_201\lib\ext\localedata.jar;C:\Program Files\Java\jre1.8.0_201\lib\ext\nashorn.jar;C:\Program Files\Java\jre1.8.0_201\lib\ext\sunec.jar;C:\Program Files\Java\jre1.8.0_201\lib\ext\sunjce_provider.jar;C:\Program Files\Java\jre1.8.0_201\lib\ext\sunmscapi.jar;C:\Program Files\Java\jre1.8.0_201\lib\ext\sunpkcs11.jar;C:\Program Files\Java\jre1.8.0_201\lib\ext\zipfs.jar;C:\Users\Dominique\git\New folder (3)\Ascari\target\classes;C:\Users\Dominique\.m2\repository\org\springframework\boot\spring-boot-starter-data-jpa\2.1.3.RELEASE\spring-boot-starter-data-jpa-2.1.3.RELEASE.jar;C:\Users\Dominique\.m2\repository\org\springframework\boot\spring-boot-starter-aop\2.1.3.RELEASE\spring-boot-starter-aop-2.1.3.RELEASE.jar;C:\Users\Dominique\.m2\repository\org\springframework\spring-aop\5.1.5.RELEASE\spring-aop-5.1.5.RELEASE.jar;C:\Users\Dominique\.m2\repository\org\aspectj\aspectjweaver\1.9.2\aspectjweaver-1.9.2.jar;C:\Users\Dominique\.m2\repository\org\springframework\boot\spring-boot-starter-jdbc\2.1.3.RELEASE\spring-boot-starter-jdbc-2.1.3.RELEASE.jar;C:\Users\Dominique\.m2\repository\com\zaxxer\HikariCP\3.2.0\HikariCP-3.2.0.jar;C:\Users\Dominique\.m2\repository\org\springframework\spring-jdbc\5.1.5.RELEASE\spring-jdbc-5.1.5.RELEASE.jar;C:\Users\Dominique\.m2\repository\javax\transaction\javax.transaction-api\1.3\javax.transaction-api-1.3.jar;C:\Users\Dominiqu
Launcher Type: SUN_STANDARD

Environment Variables:
JAVA_HOME=C:\Program Files\Java\jdk1.8.0_201
PATH=C:/Program Files/Java/jre1.8.0_201/bin/server;C:/Program Files/Java/jre1.8.0_201/bin;C:/Program Files/Java/jre1.8.0_201/lib/amd64;C:\Program Files (x86)\Common Files\Oracle\Java\javapath;C:\ProgramData\Oracle\Java\javapath;C:\WINDOWS\system32;C:\WINDOWS;C:\WINDOWS\System32\Wbem;C:\WINDOWS\System32\WindowsPowerShell\v1.0\;C:\Program Files (x86)\NVIDIA Corporation\PhysX\Common;C:\WINDOWS\system32;C:\WINDOWS;C:\WINDOWS\System32\Wbem;C:\WINDOWS\System32\WindowsPowerShell\v1.0\;C:\WINDOWS\System32\OpenSSH\;C:\Program Files\NVIDIA Corporation\NVIDIA NvDLISR;C:\Program Files\swipl\bin;C:\Program Files (x86)\OpenVPN\bin;C:\Program Files (x86)\sbt\bin;C:\Program Files (x86)\Yarn\bin\;C:\Program Files\nodejs\;C:\Program Files\Git\cmd;C:\Users\Dominique\Documents\apache-maven-3.6.0\bin;C:\Users\Dominique\AppData\Local\Microsoft\WindowsApps;C:\Users\Dominique\AppData\Local\Yarn\bin;C:\Users\Dominique\AppData\Roaming\npm;C:\Users\Dominique\Desktop\JUMP FORCE [FitGirl Repack]\eclipse;
USERNAME=Dominique
OS=Windows_NT
PROCESSOR_IDENTIFIER=Intel64 Family 6 Model 158 Stepping 9, GenuineIntel



---------------  S Y S T E M  ---------------

OS: Windows 10.0 , 64 bit Build 17134 (10.0.17134.648)

CPU:total 8 (initial active 8) (4 cores per cpu, 2 threads per core) family 6 model 158 stepping 9, cmov, cx8, fxsr, mmx, sse, sse2, sse3, ssse3, sse4.1, sse4.2, popcnt, avx, avx2, aes, clmul, erms, 3dnowpref, lzcnt, ht, tsc, tscinvbit, bmi1, bmi2, adx

Memory: 4k page, physical 16655964k(6555372k free), swap 21664404k(5400164k free)

vm_info: Java HotSpot(TM) 64-Bit Server VM (25.201-b09) for windows-amd64 JRE (1.8.0_201-b09), built on Dec 15 2018 18:36:39 by "java_re" with MS VC++ 10.0 (VS2010)

time: Mon Mar 25 14:49:21 2019
timezone: Pacific Daylight Time
elapsed time: 1753 seconds (0d 0h 29m 13s)

