#
# A fatal error has been detected by the Java Runtime Environment:
#
#  EXCEPTION_ACCESS_VIOLATION (0xc0000005) at pc=0x000000006cdfa0c5, pid=7504, tid=1724
#
# JRE version: Java(TM) SE Runtime Environment (11.0.2+9) (build 11.0.2+9-LTS)
# Java VM: Java HotSpot(TM) 64-Bit Server VM (11.0.2+9-LTS, mixed mode, tiered, compressed oops, g1 gc, windows-amd64)
# Problematic frame:
# C  [sqlite-3.16.1-aa51352c-459e-4628-a0c1-2e6f6fc0ca49-sqlitejdbc.dll+0x7a0c5]
#
# No core dump will be written. Minidumps are not enabled by default on client versions of Windows
#
# If you would like to submit a bug report, please visit:
#   http://bugreport.java.com/bugreport/crash.jsp
# The crash happened outside the Java Virtual Machine in native code.
# See problematic frame for where to report the bug.
#

---------------  S U M M A R Y ------------

Command Line: -Dfile.encoding=UTF-8 Ascari.one.AscariCab.AscariCabApplication

Host: AMD A10-9600P RADEON R5, 10 COMPUTE CORES 4C+6G, 4 cores, 5G,  Windows 10 , 64 bit Build 17134 (10.0.17134.648)
Time: Tue Apr  9 18:56:30 2019 SA Pacific Standard Time elapsed time: 16746 seconds (0d 4h 39m 6s)

---------------  T H R E A D  ---------------

Current thread (0x0000019fdb52f800):  JavaThread "Secondary finalizer" [_thread_in_native, id=1724, stack(0x0000006325600000,0x0000006325700000)]

Stack: [0x0000006325600000,0x0000006325700000],  sp=0x00000063256fec40,  free space=1019k
Native frames: (J=compiled Java code, j=interpreted, Vv=VM code, C=native code)
C  [sqlite-3.16.1-aa51352c-459e-4628-a0c1-2e6f6fc0ca49-sqlitejdbc.dll+0x7a0c5]

Java frames: (J=compiled Java code, j=interpreted, Vv=VM code)
J 9032  org.sqlite.core.NativeDB.reset(J)I (0 bytes) @ 0x0000019fc850b1fb [0x0000019fc850b1c0+0x000000000000003b]
J 8614 c1 org.sqlite.core.CoreResultSet.close()V (110 bytes) @ 0x0000019fc19bedbc [0x0000019fc19beb80+0x000000000000023c]
J 8613 c1 org.sqlite.jdbc4.JDBC4ResultSet.close()V (50 bytes) @ 0x0000019fc1237314 [0x0000019fc1237200+0x0000000000000114]
J 7792 c1 org.sqlite.core.CoreStatement.internalClose()V (75 bytes) @ 0x0000019fc148634c [0x0000019fc1485840+0x0000000000000b0c]
J 7811 c1 org.sqlite.jdbc3.JDBC3Statement.close()V (37 bytes) @ 0x0000019fc144684c [0x0000019fc1446660+0x00000000000001ec]
J 7810 c1 org.sqlite.jdbc4.JDBC4Statement.close()V (10 bytes) @ 0x0000019fc108c43c [0x0000019fc108c3c0+0x000000000000007c]
J 9301 c1 org.sqlite.jdbc3.JDBC3Statement.finalize()V (5 bytes) @ 0x0000019fc095c9b4 [0x0000019fc095c8c0+0x00000000000000f4]
J 7409 c1 java.lang.ref.Finalizer.runFinalizer(Ljdk/internal/misc/JavaLangAccess;)V java.base@11.0.2 (117 bytes) @ 0x0000019fc0f8e27c [0x0000019fc0f8dc40+0x000000000000063c]
j  java.lang.ref.Finalizer$2.run()V+33 java.base@11.0.2
J 9292 c1 java.lang.Thread.run()V java.base@11.0.2 (17 bytes) @ 0x0000019fc1181a94 [0x0000019fc1181960+0x0000000000000134]
v  ~StubRoutines::call_stub

siginfo: EXCEPTION_ACCESS_VIOLATION (0xc0000005), reading address 0x0000000000000018


Register to memory mapping:

RIP=0x000000006cdfa0c5 sqlite-3.16.1-aa51352c-459e-4628-a0c1-2e6f6fc0ca49-sqlitejdbc.dll
RAX=0x0000019fd90fc4b8 points into unknown readable memory: ce 2d 54 12 6f 26 00 88
RBX=0x0000019fdc91e578 points into unknown readable memory: 00 00 00 00 00 00 00 00
RCX=0x0000019fdc91e578 points into unknown readable memory: 00 00 00 00 00 00 00 00
RDX=0x00000063256feca0 is pointing into the stack for thread: 0x0000019fdb52f800
RSP=0x00000063256fec40 is pointing into the stack for thread: 0x0000019fdb52f800
RBP=0x00000063256fece0 is pointing into the stack for thread: 0x0000019fdb52f800
RSI=0x0 is NULL
RDI=0x00000000a7ce1978 is an oop: org.sqlite.core.NativeDB 
{0x00000000a7ce1978} - klass: 'org/sqlite/core/NativeDB'
R8 =0x0000019fdc91e578 points into unknown readable memory: 00 00 00 00 00 00 00 00
R9 =0x0000019fc03b0b80 is at begin+0 in a stub
StubRoutines::atomic_cmpxchg_long [0x0000019fc03b0b80, 0x0000019fc03b0b89[ (9 bytes)
R10=0x000000006cd826d0 sqlite-3.16.1-aa51352c-459e-4628-a0c1-2e6f6fc0ca49-sqlitejdbc.dll
R11=0x0000000000000246 is an unknown value
R12=0x0 is NULL
R13=0x00000063256fecd0 is pointing into the stack for thread: 0x0000019fdb52f800
R14=0x00000063256feca0 is pointing into the stack for thread: 0x0000019fdb52f800
R15=0x0000019fdb52f800 is a thread


Registers:
RAX=0x0000019fd90fc4b8, RBX=0x0000019fdc91e578, RCX=0x0000019fdc91e578, RDX=0x00000063256feca0
RSP=0x00000063256fec40, RBP=0x00000063256fece0, RSI=0x0000000000000000, RDI=0x00000000a7ce1978
R8 =0x0000019fdc91e578, R9 =0x0000019fc03b0b80, R10=0x000000006cd826d0, R11=0x0000000000000246
R12=0x0000000000000000, R13=0x00000063256fecd0, R14=0x00000063256feca0, R15=0x0000019fdb52f800
RIP=0x000000006cdfa0c5, EFLAGS=0x0000000000010206

Top of Stack: (sp=0x00000063256fec40)
0x00000063256fec40:   00000000a7ce1978 0000019fc850b510
0x00000063256fec50:   00000000a7ce1978 00000063256fece0
0x00000063256fec60:   0000019fdb52f800 00000000a7ce1978
0x00000063256fec70:   0000019fdc91e578 0000019fc850b365
0x00000063256fec80:   0000000000000000 0000000000000000
0x00000063256fec90:   0000000000000000 0000000000000000
0x00000063256feca0:   00000000a7ce1978 0000000000000000
0x00000063256fecb0:   0000000000000000 0000000000000000
0x00000063256fecc0:   0000000000000000 0000000000000000
0x00000063256fecd0:   0000000000000003 0000000000000000
0x00000063256fece0:   00000063256ff068 0000019fc19bedbc
0x00000063256fecf0:   0000000000000000 0000000000000000
0x00000063256fed00:   0000000000000000 0000000000000000
0x00000063256fed10:   0000000000000000 00000000a7ce1aa0
0x00000063256fed20:   0000000000000000 0000000000000000
0x00000063256fed30:   00000063256ff068 0000019fc1237314 

Instructions: (pc=0x000000006cdfa0c5)
0x000000006cdfa0a5:   48 83 c4 38 c3 66 0f 1f 44 00 00 56 53 48 83 ec
0x000000006cdfa0b5:   28 48 85 c9 0f 84 b1 00 00 00 48 8b 31 48 89 cb
0x000000006cdfa0c5:   48 8b 4e 18 48 85 c9 74 06 ff 15 74 df 04 00 48
0x000000006cdfa0d5:   83 bb b0 00 00 00 00 7e 0b 48 89 da 48 89 f1 e8 


Stack slot to memory mapping:
stack at sp + 0 slots: 0x00000000a7ce1978 is an oop: org.sqlite.core.NativeDB 
{0x00000000a7ce1978} - klass: 'org/sqlite/core/NativeDB'
stack at sp + 1 slots: 0x0000019fc850b510 is at entry_point+848 in (nmethod*)0x0000019fc850b010
stack at sp + 2 slots: 0x00000000a7ce1978 is an oop: org.sqlite.core.NativeDB 
{0x00000000a7ce1978} - klass: 'org/sqlite/core/NativeDB'
stack at sp + 3 slots: 0x00000063256fece0 is pointing into the stack for thread: 0x0000019fdb52f800
stack at sp + 4 slots: 0x0000019fdb52f800 is a thread
stack at sp + 5 slots: 0x00000000a7ce1978 is an oop: org.sqlite.core.NativeDB 
{0x00000000a7ce1978} - klass: 'org/sqlite/core/NativeDB'
stack at sp + 6 slots: 0x0000019fdc91e578 points into unknown readable memory: 00 00 00 00 00 00 00 00
stack at sp + 7 slots: 0x0000019fc850b365 is at entry_point+421 in (nmethod*)0x0000019fc850b010


---------------  P R O C E S S  ---------------

Threads class SMR info:
_java_thread_list=0x0000019fd8b7a090, length=14, elements={
0x0000019fd4bf9000, 0x0000019fd4c04000, 0x0000019fd5592800, 0x0000019fd4c13800,
0x0000019fd4c14000, 0x0000019fd4c24000, 0x0000019fd4c2e800, 0x0000019fd56c1800,
0x0000019fd56d2800, 0x0000019fd6d4c000, 0x0000019fd6d49000, 0x0000019fd9545800,
0x0000019fdb52a000, 0x0000019fdb52f800
}

Java Threads: ( => current thread )
  0x0000019fd4bf9000 JavaThread "Reference Handler" daemon [_thread_blocked, id=15292, stack(0x0000006324600000,0x0000006324700000)]
  0x0000019fd4c04000 JavaThread "Finalizer" daemon [_thread_blocked, id=8648, stack(0x0000006324700000,0x0000006324800000)]
  0x0000019fd5592800 JavaThread "Signal Dispatcher" daemon [_thread_blocked, id=12520, stack(0x0000006324800000,0x0000006324900000)]
  0x0000019fd4c13800 JavaThread "Attach Listener" daemon [_thread_blocked, id=13208, stack(0x0000006324900000,0x0000006324a00000)]
  0x0000019fd4c14000 JavaThread "C2 CompilerThread0" daemon [_thread_blocked, id=10728, stack(0x0000006324a00000,0x0000006324b00000)]
  0x0000019fd4c24000 JavaThread "C1 CompilerThread0" daemon [_thread_blocked, id=7108, stack(0x0000006324b00000,0x0000006324c00000)]
  0x0000019fd4c2e800 JavaThread "Sweeper thread" daemon [_thread_blocked, id=7280, stack(0x0000006324c00000,0x0000006324d00000)]
  0x0000019fd56c1800 JavaThread "Service Thread" daemon [_thread_blocked, id=14720, stack(0x0000006324d00000,0x0000006324e00000)]
  0x0000019fd56d2800 JavaThread "Common-Cleaner" daemon [_thread_blocked, id=5108, stack(0x0000006324f00000,0x0000006325000000)]
  0x0000019fd6d4c000 JavaThread "mysql-cj-abandoned-connection-cleanup" daemon [_thread_blocked, id=9828, stack(0x0000006325900000,0x0000006325a00000)]
  0x0000019fd6d49000 JavaThread "Live Reload Server" daemon [_thread_in_native, id=220, stack(0x0000006325d00000,0x0000006325e00000)]
  0x0000019fd9545800 JavaThread "DestroyJavaVM" [_thread_blocked, id=11600, stack(0x0000006323f00000,0x0000006324000000)]
  0x0000019fdb52a000 JavaThread "Thread-81" [_thread_blocked, id=9180, stack(0x0000006325100000,0x0000006325200000)]
=>0x0000019fdb52f800 JavaThread "Secondary finalizer" [_thread_in_native, id=1724, stack(0x0000006325600000,0x0000006325700000)]

Other Threads:
  0x0000019fd4bd2800 VMThread "VM Thread" [stack: 0x0000006324500000,0x0000006324600000] [id=13940]
  0x0000019fd56c8800 WatcherThread [stack: 0x0000006324e00000,0x0000006324f00000] [id=11756]
  0x0000019fb80ad000 GCTaskThread "GC Thread#0" [stack: 0x0000006324000000,0x0000006324100000] [id=14496]
  0x0000019fd6031800 GCTaskThread "GC Thread#1" [stack: 0x0000006325000000,0x0000006325100000] [id=3724]
  0x0000019fd68bf800 GCTaskThread "GC Thread#2" [stack: 0x0000006325400000,0x0000006325500000] [id=12216]
  0x0000019fd68c0800 GCTaskThread "GC Thread#3" [stack: 0x0000006325500000,0x0000006325600000] [id=2164]
  0x0000019fb80d5000 ConcurrentGCThread "G1 Main Marker" [stack: 0x0000006324100000,0x0000006324200000] [id=5272]
  0x0000019fb80d6800 ConcurrentGCThread "G1 Conc#0" [stack: 0x0000006324200000,0x0000006324300000] [id=1176]
  0x0000019fb813f800 ConcurrentGCThread "G1 Refine#0" [stack: 0x0000006324300000,0x0000006324400000] [id=7464]
  0x0000019fb8140800 ConcurrentGCThread "G1 Young RemSet Sampling" [stack: 0x0000006324400000,0x0000006324500000] [id=12116]

Threads with active compile tasks:

VM state:not at safepoint (normal execution)

VM Mutex/Monitor currently owned by a thread: None

Heap address: 0x00000000a6800000, size: 1432 MB, Compressed Oops mode: 32-bit
Narrow klass base: 0x0000000000000000, Narrow klass shift: 3
Compressed class space size: 1073741824 Address: 0x0000000100000000

Heap:
 garbage-first heap   total 71680K, used 23051K [0x00000000a6800000, 0x0000000100000000)
  region size 1024K, 1 young (1024K), 0 survivors (0K)
 Metaspace       used 63023K, capacity 64963K, committed 65276K, reserved 1105920K
  class space    used 7348K, capacity 8120K, committed 8192K, reserved 1048576K
Heap Regions: E=young(eden), S=young(survivor), O=old, HS=humongous(starts), HC=humongous(continues), CS=collection set, F=free, A=archive, TAMS=top-at-mark-start (previous, next)
|   0|0x00000000a6800000, 0x00000000a6900000, 0x00000000a6900000|100%|HS|  |TAMS 0x00000000a6800000, 0x00000000a6800000| Untracked 
|   1|0x00000000a6900000, 0x00000000a69fffe8, 0x00000000a6a00000| 99%| O|  |TAMS 0x00000000a6900000, 0x00000000a6900000| Untracked 
|   2|0x00000000a6a00000, 0x00000000a6afffc0, 0x00000000a6b00000| 99%| O|  |TAMS 0x00000000a6a00000, 0x00000000a6a00000| Untracked 
|   3|0x00000000a6b00000, 0x00000000a6bfffe0, 0x00000000a6c00000| 99%| O|  |TAMS 0x00000000a6b00000, 0x00000000a6b00000| Untracked 
|   4|0x00000000a6c00000, 0x00000000a6cff960, 0x00000000a6d00000| 99%| O|  |TAMS 0x00000000a6c00000, 0x00000000a6c00000| Untracked 
|   5|0x00000000a6d00000, 0x00000000a6dffff0, 0x00000000a6e00000| 99%| O|  |TAMS 0x00000000a6d00000, 0x00000000a6d00000| Untracked 
|   6|0x00000000a6e00000, 0x00000000a6effda8, 0x00000000a6f00000| 99%| O|  |TAMS 0x00000000a6e00000, 0x00000000a6e00000| Untracked 
|   7|0x00000000a6f00000, 0x00000000a6fffff8, 0x00000000a7000000| 99%| O|  |TAMS 0x00000000a6f00000, 0x00000000a6f00000| Untracked 
|   8|0x00000000a7000000, 0x00000000a70ffd70, 0x00000000a7100000| 99%| O|  |TAMS 0x00000000a7000000, 0x00000000a7000000| Untracked 
|   9|0x00000000a7100000, 0x00000000a71ffff0, 0x00000000a7200000| 99%| O|  |TAMS 0x00000000a7100000, 0x00000000a7100000| Untracked 
|  10|0x00000000a7200000, 0x00000000a72ffff8, 0x00000000a7300000| 99%| O|  |TAMS 0x00000000a7200000, 0x00000000a7200000| Untracked 
|  11|0x00000000a7300000, 0x00000000a73ffff0, 0x00000000a7400000| 99%| O|  |TAMS 0x00000000a7300000, 0x00000000a7300000| Untracked 
|  12|0x00000000a7400000, 0x00000000a74fffa8, 0x00000000a7500000| 99%| O|  |TAMS 0x00000000a7400000, 0x00000000a7400000| Untracked 
|  13|0x00000000a7500000, 0x00000000a75ffff0, 0x00000000a7600000| 99%| O|  |TAMS 0x00000000a7500000, 0x00000000a7500000| Untracked 
|  14|0x00000000a7600000, 0x00000000a76ffff8, 0x00000000a7700000| 99%| O|  |TAMS 0x00000000a7600000, 0x00000000a7600000| Untracked 
|  15|0x00000000a7700000, 0x00000000a77fffe0, 0x00000000a7800000| 99%| O|  |TAMS 0x00000000a7700000, 0x00000000a7700000| Untracked 
|  16|0x00000000a7800000, 0x00000000a78fffb8, 0x00000000a7900000| 99%| O|  |TAMS 0x00000000a7800000, 0x00000000a7800000| Untracked 
|  17|0x00000000a7900000, 0x00000000a79fffe0, 0x00000000a7a00000| 99%| O|  |TAMS 0x00000000a7900000, 0x00000000a7900000| Untracked 
|  18|0x00000000a7a00000, 0x00000000a7afffd8, 0x00000000a7b00000| 99%| O|  |TAMS 0x00000000a7a00000, 0x00000000a7a00000| Untracked 
|  19|0x00000000a7b00000, 0x00000000a7c00000, 0x00000000a7c00000|100%| O|  |TAMS 0x00000000a7b00000, 0x00000000a7b00000| Untracked 
|  20|0x00000000a7c00000, 0x00000000a7cfb0d0, 0x00000000a7d00000| 98%| O|  |TAMS 0x00000000a7c00000, 0x00000000a7c00000| Untracked 
|  21|0x00000000a7d00000, 0x00000000a7dd90f8, 0x00000000a7e00000| 84%| O|  |TAMS 0x00000000a7d00000, 0x00000000a7d00000| Untracked 
|  22|0x00000000a7e00000, 0x00000000a7eaf878, 0x00000000a7f00000| 68%| O|  |TAMS 0x00000000a7e00000, 0x00000000a7e00000| Untracked 
|  23|0x00000000a7f00000, 0x00000000a7f00000, 0x00000000a8000000|  0%| F|  |TAMS 0x00000000a7f00000, 0x00000000a7f00000| Untracked 
|  24|0x00000000a8000000, 0x00000000a8000000, 0x00000000a8100000|  0%| F|  |TAMS 0x00000000a8000000, 0x00000000a8000000| Untracked 
|  25|0x00000000a8100000, 0x00000000a8100000, 0x00000000a8200000|  0%| F|  |TAMS 0x00000000a8100000, 0x00000000a8100000| Untracked 
|  26|0x00000000a8200000, 0x00000000a8200000, 0x00000000a8300000|  0%| F|  |TAMS 0x00000000a8200000, 0x00000000a8200000| Untracked 
|  27|0x00000000a8300000, 0x00000000a8300000, 0x00000000a8400000|  0%| F|  |TAMS 0x00000000a8300000, 0x00000000a8300000| Untracked 
|  28|0x00000000a8400000, 0x00000000a8400000, 0x00000000a8500000|  0%| F|  |TAMS 0x00000000a8400000, 0x00000000a8400000| Untracked 
|  29|0x00000000a8500000, 0x00000000a8500000, 0x00000000a8600000|  0%| F|  |TAMS 0x00000000a8500000, 0x00000000a8500000| Untracked 
|  30|0x00000000a8600000, 0x00000000a8600000, 0x00000000a8700000|  0%| F|  |TAMS 0x00000000a8600000, 0x00000000a8600000| Untracked 
|  31|0x00000000a8700000, 0x00000000a8700000, 0x00000000a8800000|  0%| F|  |TAMS 0x00000000a8700000, 0x00000000a8700000| Untracked 
|  32|0x00000000a8800000, 0x00000000a8800000, 0x00000000a8900000|  0%| F|  |TAMS 0x00000000a8800000, 0x00000000a8800000| Untracked 
|  33|0x00000000a8900000, 0x00000000a8900000, 0x00000000a8a00000|  0%| F|  |TAMS 0x00000000a8900000, 0x00000000a8900000| Untracked 
|  34|0x00000000a8a00000, 0x00000000a8a00000, 0x00000000a8b00000|  0%| F|  |TAMS 0x00000000a8a00000, 0x00000000a8a00000| Untracked 
|  35|0x00000000a8b00000, 0x00000000a8b00000, 0x00000000a8c00000|  0%| F|  |TAMS 0x00000000a8b00000, 0x00000000a8b00000| Untracked 
|  36|0x00000000a8c00000, 0x00000000a8c00000, 0x00000000a8d00000|  0%| F|  |TAMS 0x00000000a8c00000, 0x00000000a8c00000| Untracked 
|  37|0x00000000a8d00000, 0x00000000a8d00000, 0x00000000a8e00000|  0%| F|  |TAMS 0x00000000a8d00000, 0x00000000a8d00000| Untracked 
|  38|0x00000000a8e00000, 0x00000000a8e00000, 0x00000000a8f00000|  0%| F|  |TAMS 0x00000000a8e00000, 0x00000000a8e00000| Untracked 
|  39|0x00000000a8f00000, 0x00000000a8f00000, 0x00000000a9000000|  0%| F|  |TAMS 0x00000000a8f00000, 0x00000000a8f00000| Untracked 
|  40|0x00000000a9000000, 0x00000000a9000000, 0x00000000a9100000|  0%| F|  |TAMS 0x00000000a9000000, 0x00000000a9000000| Untracked 
|  41|0x00000000a9100000, 0x00000000a9100000, 0x00000000a9200000|  0%| F|  |TAMS 0x00000000a9100000, 0x00000000a9100000| Untracked 
|  42|0x00000000a9200000, 0x00000000a9200000, 0x00000000a9300000|  0%| F|  |TAMS 0x00000000a9200000, 0x00000000a9200000| Untracked 
|  43|0x00000000a9300000, 0x00000000a9300000, 0x00000000a9400000|  0%| F|  |TAMS 0x00000000a9300000, 0x00000000a9300000| Untracked 
|  44|0x00000000a9400000, 0x00000000a9400000, 0x00000000a9500000|  0%| F|  |TAMS 0x00000000a9400000, 0x00000000a9400000| Untracked 
|  45|0x00000000a9500000, 0x00000000a9500000, 0x00000000a9600000|  0%| F|  |TAMS 0x00000000a9500000, 0x00000000a9500000| Untracked 
|  46|0x00000000a9600000, 0x00000000a9600000, 0x00000000a9700000|  0%| F|  |TAMS 0x00000000a9600000, 0x00000000a9600000| Untracked 
|  47|0x00000000a9700000, 0x00000000a9700000, 0x00000000a9800000|  0%| F|  |TAMS 0x00000000a9700000, 0x00000000a9700000| Untracked 
|  48|0x00000000a9800000, 0x00000000a9800000, 0x00000000a9900000|  0%| F|  |TAMS 0x00000000a9800000, 0x00000000a9800000| Untracked 
|  49|0x00000000a9900000, 0x00000000a9900000, 0x00000000a9a00000|  0%| F|  |TAMS 0x00000000a9900000, 0x00000000a9900000| Untracked 
|  50|0x00000000a9a00000, 0x00000000a9a00000, 0x00000000a9b00000|  0%| F|  |TAMS 0x00000000a9a00000, 0x00000000a9a00000| Untracked 
|  51|0x00000000a9b00000, 0x00000000a9b00000, 0x00000000a9c00000|  0%| F|  |TAMS 0x00000000a9b00000, 0x00000000a9b00000| Untracked 
|  52|0x00000000a9c00000, 0x00000000a9c00000, 0x00000000a9d00000|  0%| F|  |TAMS 0x00000000a9c00000, 0x00000000a9c00000| Untracked 
|  53|0x00000000a9d00000, 0x00000000a9d00000, 0x00000000a9e00000|  0%| F|  |TAMS 0x00000000a9d00000, 0x00000000a9d00000| Untracked 
|  54|0x00000000a9e00000, 0x00000000a9e00000, 0x00000000a9f00000|  0%| F|  |TAMS 0x00000000a9e00000, 0x00000000a9e00000| Untracked 
|  55|0x00000000a9f00000, 0x00000000a9f00000, 0x00000000aa000000|  0%| F|  |TAMS 0x00000000a9f00000, 0x00000000a9f00000| Untracked 
|  56|0x00000000aa000000, 0x00000000aa000000, 0x00000000aa100000|  0%| F|  |TAMS 0x00000000aa000000, 0x00000000aa000000| Untracked 
|  57|0x00000000aa100000, 0x00000000aa100000, 0x00000000aa200000|  0%| F|  |TAMS 0x00000000aa100000, 0x00000000aa100000| Untracked 
|  58|0x00000000aa200000, 0x00000000aa200000, 0x00000000aa300000|  0%| F|  |TAMS 0x00000000aa200000, 0x00000000aa200000| Untracked 
|  59|0x00000000aa300000, 0x00000000aa300000, 0x00000000aa400000|  0%| F|  |TAMS 0x00000000aa300000, 0x00000000aa300000| Untracked 
|  60|0x00000000aa400000, 0x00000000aa400000, 0x00000000aa500000|  0%| F|  |TAMS 0x00000000aa400000, 0x00000000aa400000| Untracked 
|  61|0x00000000aa500000, 0x00000000aa500000, 0x00000000aa600000|  0%| F|  |TAMS 0x00000000aa500000, 0x00000000aa500000| Untracked 
|  62|0x00000000aa600000, 0x00000000aa600000, 0x00000000aa700000|  0%| F|  |TAMS 0x00000000aa600000, 0x00000000aa600000| Untracked 
|  63|0x00000000aa700000, 0x00000000aa700000, 0x00000000aa800000|  0%| F|  |TAMS 0x00000000aa700000, 0x00000000aa700000| Untracked 
|  64|0x00000000aa800000, 0x00000000aa800000, 0x00000000aa900000|  0%| F|  |TAMS 0x00000000aa800000, 0x00000000aa800000| Untracked 
|  65|0x00000000aa900000, 0x00000000aa900000, 0x00000000aaa00000|  0%| F|  |TAMS 0x00000000aa900000, 0x00000000aa900000| Untracked 
|  66|0x00000000aaa00000, 0x00000000aaa00000, 0x00000000aab00000|  0%| F|  |TAMS 0x00000000aaa00000, 0x00000000aaa00000| Untracked 
|  67|0x00000000aab00000, 0x00000000aab00000, 0x00000000aac00000|  0%| F|  |TAMS 0x00000000aab00000, 0x00000000aab00000| Untracked 
|  68|0x00000000aac00000, 0x00000000aac00000, 0x00000000aad00000|  0%| F|  |TAMS 0x00000000aac00000, 0x00000000aac00000| Untracked 
|  69|0x00000000aad00000, 0x00000000aad14120, 0x00000000aae00000|  7%| E|  |TAMS 0x00000000aad00000, 0x00000000aad00000| Complete 

Card table byte_map: [0x0000019fcf3b0000,0x0000019fcf680000] _byte_map_base: 0x0000019fcee7c000

Marking Bits (Prev, Next): (CMBitMap*) 0x0000019fb80ce888, (CMBitMap*) 0x0000019fb80ce8c0
 Prev Bits: [0x0000019fcf950000, 0x0000019fd0fb0000)
 Next Bits: [0x0000019fd0fb0000, 0x0000019fd2610000)

Polling page: 0x0000019fb5e30000

Metaspace:

Usage:
  Non-class:     55.51 MB capacity,    54.37 MB ( 98%) used,   997.23 KB (  2%) free+waste,   171.13 KB ( <1%) overhead. 
      Class:      7.93 MB capacity,     7.18 MB ( 90%) used,   696.67 KB (  9%) free+waste,    74.81 KB ( <1%) overhead. 
       Both:     63.44 MB capacity,    61.55 MB ( 97%) used,     1.65 MB (  3%) free+waste,   245.94 KB ( <1%) overhead. 

Virtual space:
  Non-class space:       56.00 MB reserved,      55.75 MB (>99%) committed 
      Class space:        1.00 GB reserved,       8.00 MB ( <1%) committed 
             Both:        1.05 GB reserved,      63.75 MB (  6%) committed 

Chunk freelists:
   Non-Class:  6.13 KB
       Class:  1.00 KB
        Both:  7.13 KB

CodeHeap 'non-profiled nmethods': size=120064Kb used=8434Kb max_used=8472Kb free=111630Kb
 bounds [0x0000019fc7e70000, 0x0000019fc86c0000, 0x0000019fcf3b0000]
CodeHeap 'profiled nmethods': size=120000Kb used=19491Kb max_used=19689Kb free=100508Kb
 bounds [0x0000019fc0940000, 0x0000019fc1ca0000, 0x0000019fc7e70000]
CodeHeap 'non-nmethods': size=5696Kb used=1193Kb max_used=1252Kb free=4502Kb
 bounds [0x0000019fc03b0000, 0x0000019fc0620000, 0x0000019fc0940000]
 total_blobs=13779 nmethods=8392 adapters=452
 compilation: enabled
              stopped_count=0, restarted_count=0
 full_count=0

Compilation events (10 events):
Event: 16325.839 Thread 0x0000019fd4c24000 nmethod 10348 0x0000019fc86af310 code [0x0000019fc86af4c0, 0x0000019fc86af5f0]
Event: 16325.839 Thread 0x0000019fd4c24000 10349       1       org.apache.catalina.core.DefaultInstanceManager::findPreDestroy (9 bytes)
Event: 16325.839 Thread 0x0000019fd4c24000 nmethod 10349 0x0000019fc86af690 code [0x0000019fc86af840, 0x0000019fc86af970]
Event: 16325.842 Thread 0x0000019fd954c000 10350       4       org.springframework.boot.autoconfigure.condition.ConditionEvaluationReport$ConditionAndOutcomes::isFullMatch (41 bytes)
Event: 16325.854 Thread 0x0000019fd954c000 nmethod 10350 0x0000019fc86afa10 code [0x0000019fc86afbc0, 0x0000019fc86afd18]
Event: 16326.400 Thread 0x0000019fd4c14000 nmethod 10335 0x0000019fc86b0010 code [0x0000019fc86b0580, 0x0000019fc86b5860]
Event: 16746.126 Thread 0x0000019fd4c14000 10351       4       java.lang.String::codePointAt (50 bytes)
Event: 16746.127 Thread 0x0000019fd4c14000 nmethod 10351 0x0000019fc86b8090 code [0x0000019fc86b8220, 0x0000019fc86b82f8]
Event: 16746.130 Thread 0x0000019fd4c24000 10352   !   3       org.springframework.beans.factory.support.DisposableBeanAdapter::destroy (275 bytes)
Event: 16746.137 Thread 0x0000019fd4c24000 nmethod 10352 0x0000019fc1c9b090 code [0x0000019fc1c9b600, 0x0000019fc1c9df10]

GC Heap History (10 events):
Event: 16325.063 GC heap before
{Heap before GC invocations=92 (full 13):
 garbage-first heap   total 71680K, used 55766K [0x00000000a6800000, 0x0000000100000000)
  region size 1024K, 32 young (32768K), 0 survivors (0K)
 Metaspace       used 62866K, capacity 64730K, committed 65020K, reserved 1105920K
  class space    used 7337K, capacity 8084K, committed 8192K, reserved 1048576K
}
Event: 16325.067 GC heap after
{Heap after GC invocations=93 (full 13):
 garbage-first heap   total 71680K, used 25015K [0x00000000a6800000, 0x0000000100000000)
  region size 1024K, 2 young (2048K), 2 survivors (2048K)
 Metaspace       used 62866K, capacity 64730K, committed 65020K, reserved 1105920K
  class space    used 7337K, capacity 8084K, committed 8192K, reserved 1048576K
}
Event: 16325.254 GC heap before
{Heap before GC invocations=93 (full 13):
 garbage-first heap   total 71680K, used 55735K [0x00000000a6800000, 0x0000000100000000)
  region size 1024K, 33 young (33792K), 2 survivors (2048K)
 Metaspace       used 62893K, capacity 64732K, committed 65020K, reserved 1105920K
  class space    used 7339K, capacity 8086K, committed 8192K, reserved 1048576K
}
Event: 16325.259 GC heap after
{Heap after GC invocations=94 (full 13):
 garbage-first heap   total 71680K, used 25839K [0x00000000a6800000, 0x0000000100000000)
  region size 1024K, 3 young (3072K), 3 survivors (3072K)
 Metaspace       used 62893K, capacity 64732K, committed 65020K, reserved 1105920K
  class space    used 7339K, capacity 8086K, committed 8192K, reserved 1048576K
}
Event: 16325.722 GC heap before
{Heap before GC invocations=94 (full 13):
 garbage-first heap   total 71680K, used 55535K [0x00000000a6800000, 0x0000000100000000)
  region size 1024K, 33 young (33792K), 3 survivors (3072K)
 Metaspace       used 63015K, capacity 64899K, committed 65020K, reserved 1105920K
  class space    used 7348K, capacity 8120K, committed 8192K, reserved 1048576K
}
Event: 16325.730 GC heap after
{Heap after GC invocations=95 (full 13):
 garbage-first heap   total 71680K, used 27297K [0x00000000a6800000, 0x0000000100000000)
  region size 1024K, 3 young (3072K), 3 survivors (3072K)
 Metaspace       used 63015K, capacity 64899K, committed 65020K, reserved 1105920K
  class space    used 7348K, capacity 8120K, committed 8192K, reserved 1048576K
}
Event: 16682.360 GC heap before
{Heap before GC invocations=95 (full 13):
 garbage-first heap   total 71680K, used 56993K [0x00000000a6800000, 0x0000000100000000)
  region size 1024K, 32 young (32768K), 3 survivors (3072K)
 Metaspace       used 63018K, capacity 64899K, committed 65020K, reserved 1105920K
  class space    used 7348K, capacity 8120K, committed 8192K, reserved 1048576K
}
Event: 16682.366 GC heap after
{Heap after GC invocations=96 (full 13):
 garbage-first heap   total 71680K, used 27258K [0x00000000a6800000, 0x0000000100000000)
  region size 1024K, 2 young (2048K), 2 survivors (2048K)
 Metaspace       used 63018K, capacity 64899K, committed 65020K, reserved 1105920K
  class space    used 7348K, capacity 8120K, committed 8192K, reserved 1048576K
}
Event: 16746.530 GC heap before
{Heap before GC invocations=96 (full 13):
 garbage-first heap   total 71680K, used 33402K [0x00000000a6800000, 0x0000000100000000)
  region size 1024K, 9 young (9216K), 2 survivors (2048K)
 Metaspace       used 63025K, capacity 64969K, committed 65276K, reserved 1105920K
  class space    used 7349K, capacity 8122K, committed 8192K, reserved 1048576K
}
Event: 16746.628 GC heap after
{Heap after GC invocations=97 (full 14):
 garbage-first heap   total 71680K, used 23051K [0x00000000a6800000, 0x0000000100000000)
  region size 1024K, 0 young (0K), 0 survivors (0K)
 Metaspace       used 63023K, capacity 64963K, committed 65276K, reserved 1105920K
  class space    used 7348K, capacity 8120K, committed 8192K, reserved 1048576K
}

Deoptimization events (10 events):
Event: 15931.320 Thread 0x0000019fd9548800 Uncommon trap: reason=null_check action=maybe_recompile pc=0x0000019fc84d3628 method=org.springframework.boot.context.properties.source.DefaultPropertyMapper.map(Lorg/springframework/boot/context/properties/source/ConfigurationPropertyName;)[Lorg/springfr
Event: 15931.320 Thread 0x0000019fd9548800 Uncommon trap: reason=null_check action=maybe_recompile pc=0x0000019fc84c8ad4 method=org.springframework.boot.context.properties.source.DefaultPropertyMapper.map(Lorg/springframework/boot/context/properties/source/ConfigurationPropertyName;)[Lorg/springfr
Event: 16159.536 Thread 0x0000019fd9544800 Uncommon trap: reason=array_check action=maybe_recompile pc=0x0000019fc853d1b0 method=org.springframework.util.ObjectUtils.addObjectToArray([Ljava/lang/Object;Ljava/lang/Object;)[Ljava/lang/Object; @ 75 c2
Event: 16159.541 Thread 0x0000019fd9544800 Uncommon trap: reason=array_check action=maybe_recompile pc=0x0000019fc853d1b0 method=org.springframework.util.ObjectUtils.addObjectToArray([Ljava/lang/Object;Ljava/lang/Object;)[Ljava/lang/Object; @ 75 c2
Event: 16159.548 Thread 0x0000019fd9544800 Uncommon trap: reason=array_check action=maybe_recompile pc=0x0000019fc853d1b0 method=org.springframework.util.ObjectUtils.addObjectToArray([Ljava/lang/Object;Ljava/lang/Object;)[Ljava/lang/Object; @ 75 c2
Event: 16159.548 Thread 0x0000019fd9544800 Uncommon trap: reason=array_check action=maybe_recompile pc=0x0000019fc853d1b0 method=org.springframework.util.ObjectUtils.addObjectToArray([Ljava/lang/Object;Ljava/lang/Object;)[Ljava/lang/Object; @ 75 c2
Event: 16277.473 Thread 0x0000019fdb52c800 Uncommon trap: reason=profile_predicate action=maybe_recompile pc=0x0000019fc85f64ac method=org.springframework.util.ReflectionUtils.findMethod(Ljava/lang/Class;Ljava/lang/String;[Ljava/lang/Class;)Ljava/lang/reflect/Method; @ 54 c2
Event: 16277.482 Thread 0x0000019fdb52c800 Uncommon trap: reason=profile_predicate action=maybe_recompile pc=0x0000019fc85f64ac method=org.springframework.util.ReflectionUtils.findMethod(Ljava/lang/Class;Ljava/lang/String;[Ljava/lang/Class;)Ljava/lang/reflect/Method; @ 54 c2
Event: 16277.483 Thread 0x0000019fdb52c800 Uncommon trap: reason=profile_predicate action=maybe_recompile pc=0x0000019fc85f64ac method=org.springframework.util.ReflectionUtils.findMethod(Ljava/lang/Class;Ljava/lang/String;[Ljava/lang/Class;)Ljava/lang/reflect/Method; @ 54 c2
Event: 16277.488 Thread 0x0000019fdb52c800 Uncommon trap: reason=profile_predicate action=maybe_recompile pc=0x0000019fc85f64ac method=org.springframework.util.ReflectionUtils.findMethod(Ljava/lang/Class;Ljava/lang/String;[Ljava/lang/Class;)Ljava/lang/reflect/Method; @ 54 c2

Classes redefined (0 events):
No events

Internal exceptions (10 events):
Event: 16324.292 Thread 0x0000019fdb52e000 Exception <a 'java/lang/InterruptedException'{0x00000000aa8b47d0}: sleep interrupted> (0x00000000aa8b47d0) thrown at [t:/workspace/open/src/hotspot/share/prims/jvm.cpp, line 3117]
Event: 16324.437 Thread 0x0000019fd9544800 Exception <a 'java/io/FileNotFoundException'{0x00000000aac56588}> (0x00000000aac56588) thrown at [t:/workspace/open/src/hotspot/share/prims/jni.cpp, line 615]
Event: 16325.321 Thread 0x0000019fd9544800 Exception <a 'java/io/FileNotFoundException'{0x00000000aa3d1e78}> (0x00000000aa3d1e78) thrown at [t:/workspace/open/src/hotspot/share/prims/jni.cpp, line 615]
Event: 16325.361 Thread 0x0000019fd9544800 Exception <a 'java/io/FileNotFoundException'{0x00000000aa156630}> (0x00000000aa156630) thrown at [t:/workspace/open/src/hotspot/share/prims/jni.cpp, line 615]
Event: 16325.523 Thread 0x0000019fd9544800 Exception <a 'java/lang/NullPointerException'{0x00000000a9ca7348}> (0x00000000a9ca7348) thrown at [t:/workspace/open/src/hotspot/share/interpreter/linkResolver.cpp, line 1436]
Event: 16325.532 Thread 0x0000019fd9544800 Exception <a 'java/lang/NullPointerException'{0x00000000a9b068e0}> (0x00000000a9b068e0) thrown at [t:/workspace/open/src/hotspot/share/interpreter/linkResolver.cpp, line 1436]
Event: 16325.540 Thread 0x0000019fd9544800 Exception <a 'java/lang/NullPointerException'{0x00000000a9b42408}> (0x00000000a9b42408) thrown at [t:/workspace/open/src/hotspot/share/interpreter/linkResolver.cpp, line 1436]
Event: 16325.550 Thread 0x0000019fd9544800 Exception <a 'java/lang/NullPointerException'{0x00000000a9b7dd98}> (0x00000000a9b7dd98) thrown at [t:/workspace/open/src/hotspot/share/interpreter/linkResolver.cpp, line 1436]
Event: 16325.563 Thread 0x0000019fd9544800 Exception <a 'java/lang/NullPointerException'{0x00000000a9bbb090}> (0x00000000a9bbb090) thrown at [t:/workspace/open/src/hotspot/share/interpreter/linkResolver.cpp, line 1436]
Event: 16746.529 Thread 0x0000019fd9543000 Exception <a 'java/lang/InterruptedException'{0x00000000aa700040}: sleep interrupted> (0x00000000aa700040) thrown at [t:/workspace/open/src/hotspot/share/prims/jvm.cpp, line 3117]

Events (10 events):
Event: 16746.530 Executing VM operation: RevokeBias
Event: 16746.530 Executing VM operation: RevokeBias done
Event: 16746.530 Thread 0x0000019fd9548800 Thread exited: 0x0000019fd9548800
Event: 16746.530 Thread 0x0000019fd9547000 Thread exited: 0x0000019fd9547000
Event: 16746.530 Executing VM operation: G1CollectFull
Event: 16746.629 Executing VM operation: G1CollectFull done
Event: 16746.629 Thread 0x0000019fdb52f800 Thread added: 0x0000019fdb52f800
Event: 16746.629 Thread 0x0000019fdb52e800 Thread exited: 0x0000019fdb52e800
Event: 16746.630 Executing VM operation: RevokeBias
Event: 16746.630 Executing VM operation: RevokeBias done


Dynamic libraries:
0x00007ff75b340000 - 0x00007ff75b387000 	C:\Program Files\Java\jdk-11.0.2\bin\javaw.exe
0x00007ffaaaa80000 - 0x00007ffaaac61000 	C:\WINDOWS\SYSTEM32\ntdll.dll
0x00007ffa860e0000 - 0x00007ffa860f2000 	C:\Program Files\AVAST Software\Avast\aswhook.dll
0x00007ffaaa250000 - 0x00007ffaaa302000 	C:\WINDOWS\System32\KERNEL32.DLL
0x00007ffaa79a0000 - 0x00007ffaa7c13000 	C:\WINDOWS\System32\KERNELBASE.dll
0x00007ffaaa900000 - 0x00007ffaaa9a1000 	C:\WINDOWS\System32\ADVAPI32.dll
0x00007ffaa8880000 - 0x00007ffaa891e000 	C:\WINDOWS\System32\msvcrt.dll
0x00007ffaaa9f0000 - 0x00007ffaaaa4b000 	C:\WINDOWS\System32\sechost.dll
0x00007ffaaa610000 - 0x00007ffaaa734000 	C:\WINDOWS\System32\RPCRT4.dll
0x00007ffaa9f40000 - 0x00007ffaaa0d0000 	C:\WINDOWS\System32\USER32.dll
0x00007ffaa7560000 - 0x00007ffaa7580000 	C:\WINDOWS\System32\win32u.dll
0x00007ffaa9dc0000 - 0x00007ffaa9de8000 	C:\WINDOWS\System32\GDI32.dll
0x00007ffaa7cc0000 - 0x00007ffaa7e52000 	C:\WINDOWS\System32\gdi32full.dll
0x00007ffaa7c20000 - 0x00007ffaa7cbf000 	C:\WINDOWS\System32\msvcp_win.dll
0x00007ffaa7770000 - 0x00007ffaa7868000 	C:\WINDOWS\System32\ucrtbase.dll
0x00007ffa9bc70000 - 0x00007ffa9bed9000 	C:\WINDOWS\WinSxS\amd64_microsoft.windows.common-controls_6595b64144ccf1df_6.0.17134.648_none_fb45a0e93062a6d2\COMCTL32.dll
0x00007ffaa7f10000 - 0x00007ffaa8232000 	C:\WINDOWS\System32\combase.dll
0x00007ffaa7920000 - 0x00007ffaa799a000 	C:\WINDOWS\System32\bcryptPrimitives.dll
0x00007ffa9ebe0000 - 0x00007ffa9ebea000 	C:\WINDOWS\SYSTEM32\VERSION.dll
0x00007ffaaa9b0000 - 0x00007ffaaa9dd000 	C:\WINDOWS\System32\IMM32.DLL
0x00007ffa8e790000 - 0x00007ffa8e7a6000 	C:\Program Files\Java\jdk-11.0.2\bin\vcruntime140.dll
0x00007ffa7f5f0000 - 0x00007ffa7f69a000 	C:\Program Files\Java\jdk-11.0.2\bin\msvcp140.dll
0x00007ffa588e0000 - 0x00007ffa59407000 	C:\Program Files\Java\jdk-11.0.2\bin\server\jvm.dll
0x00007ffaa9e60000 - 0x00007ffaa9e68000 	C:\WINDOWS\System32\PSAPI.DLL
0x00007ffa98790000 - 0x00007ffa98799000 	C:\WINDOWS\SYSTEM32\WSOCK32.dll
0x00007ffaaa890000 - 0x00007ffaaa8fc000 	C:\WINDOWS\System32\WS2_32.dll
0x00007ffaa4fe0000 - 0x00007ffaa5003000 	C:\WINDOWS\SYSTEM32\WINMM.dll
0x00007ffaa4fb0000 - 0x00007ffaa4fda000 	C:\WINDOWS\SYSTEM32\WINMMBASE.dll
0x00007ffaa7ec0000 - 0x00007ffaa7f09000 	C:\WINDOWS\System32\cfgmgr32.dll
0x00007ffaa6e10000 - 0x00007ffaa6e21000 	C:\WINDOWS\System32\kernel.appcore.dll
0x00007ffa905f0000 - 0x00007ffa90601000 	C:\Program Files\Java\jdk-11.0.2\bin\verify.dll
0x00007ffa97430000 - 0x00007ffa975f9000 	C:\WINDOWS\SYSTEM32\DBGHELP.DLL
0x00007ffa97400000 - 0x00007ffa97429000 	C:\WINDOWS\SYSTEM32\dbgcore.DLL
0x00007ffa905c0000 - 0x00007ffa905e9000 	C:\Program Files\Java\jdk-11.0.2\bin\java.dll
0x00007ffa905a0000 - 0x00007ffa905b6000 	C:\Program Files\Java\jdk-11.0.2\bin\zip.dll
0x00007ffa95140000 - 0x00007ffa9514a000 	C:\Program Files\Java\jdk-11.0.2\bin\jimage.dll
0x00007ffaa8920000 - 0x00007ffaa9d60000 	C:\WINDOWS\System32\SHELL32.dll
0x00007ffaa8750000 - 0x00007ffaa87f9000 	C:\WINDOWS\System32\shcore.dll
0x00007ffaa6e50000 - 0x00007ffaa755d000 	C:\WINDOWS\System32\windows.storage.dll
0x00007ffaa9d60000 - 0x00007ffaa9db1000 	C:\WINDOWS\System32\shlwapi.dll
0x00007ffaa6da0000 - 0x00007ffaa6dbf000 	C:\WINDOWS\System32\profapi.dll
0x00007ffaa6dc0000 - 0x00007ffaa6e0c000 	C:\WINDOWS\System32\powrprof.dll
0x00007ffaa6d90000 - 0x00007ffaa6d9a000 	C:\WINDOWS\System32\FLTLIB.DLL
0x00007ffa90580000 - 0x00007ffa90599000 	C:\Program Files\Java\jdk-11.0.2\bin\net.dll
0x00007ffa9b7b0000 - 0x00007ffa9b88d000 	C:\WINDOWS\SYSTEM32\WINHTTP.dll
0x00007ffa9eea0000 - 0x00007ffa9f068000 	C:\WINDOWS\SYSTEM32\urlmon.dll
0x00007ffa9f6e0000 - 0x00007ffa9f985000 	C:\WINDOWS\SYSTEM32\iertutil.dll
0x00007ffaa6780000 - 0x00007ffaa678b000 	C:\WINDOWS\SYSTEM32\CRYPTBASE.DLL
0x00007ffa95e80000 - 0x00007ffa95ea0000 	C:\WINDOWS\system32\PrxerDrv.dll
0x00007ffaa65b0000 - 0x00007ffaa6616000 	C:\WINDOWS\system32\mswsock.dll
0x00007ffa90560000 - 0x00007ffa90573000 	C:\Program Files\Java\jdk-11.0.2\bin\nio.dll
0x00007ffaa50b0000 - 0x00007ffaa50b9000 	C:\Program Files\Java\jdk-11.0.2\bin\management.dll
0x00007ffaa3400000 - 0x00007ffaa340c000 	C:\Program Files\Java\jdk-11.0.2\bin\management_ext.dll
0x00007ffaa2d30000 - 0x00007ffaa2d4b000 	C:\WINDOWS\system32\PrxerNsp.dll
0x00007ffaa6380000 - 0x00007ffaa643e000 	C:\WINDOWS\SYSTEM32\DNSAPI.dll
0x00007ffaaa9e0000 - 0x00007ffaaa9e8000 	C:\WINDOWS\System32\NSI.dll
0x00007ffaa6330000 - 0x00007ffaa6368000 	C:\WINDOWS\SYSTEM32\IPHLPAPI.DLL
0x00007ffa8ce30000 - 0x00007ffa8ce46000 	C:\WINDOWS\system32\napinsp.dll
0x00007ffa86090000 - 0x00007ffa860aa000 	C:\WINDOWS\system32\pnrpnsp.dll
0x00007ffaa3330000 - 0x00007ffaa3349000 	C:\WINDOWS\system32\NLAapi.dll
0x00007ffa90d70000 - 0x00007ffa90d7e000 	C:\WINDOWS\System32\winrnr.dll
0x00007ffa9b110000 - 0x00007ffa9b11a000 	C:\Windows\System32\rasadhlp.dll
0x00007ffa9b730000 - 0x00007ffa9b7a2000 	C:\WINDOWS\System32\fwpuclnt.dll
0x00007ffaa6890000 - 0x00007ffaa68b5000 	C:\WINDOWS\SYSTEM32\bcrypt.dll
0x00007ffaa6760000 - 0x00007ffaa6777000 	C:\WINDOWS\SYSTEM32\CRYPTSP.dll
0x00007ffaa6190000 - 0x00007ffaa61c3000 	C:\WINDOWS\system32\rsaenh.dll
0x00007ffaa6cc0000 - 0x00007ffaa6ce8000 	C:\WINDOWS\SYSTEM32\USERENV.dll
0x00007ffa9f4f0000 - 0x00007ffa9f506000 	C:\WINDOWS\SYSTEM32\dhcpcsvc6.DLL
0x00007ffaa0a30000 - 0x00007ffaa0a4a000 	C:\WINDOWS\SYSTEM32\dhcpcsvc.DLL
0x000000006cd80000 - 0x000000006ce70000 	C:\Users\Demar Johnson\AppData\Local\Temp\sqlite-3.16.1-aa51352c-459e-4628-a0c1-2e6f6fc0ca49-sqlitejdbc.dll

dbghelp: loaded successfully - version: 4.0.5 - missing functions: none
symbol engine: initialized successfully - sym options: 0x614 - pdb path: .;C:\Program Files\Java\jdk-11.0.2\bin;C:\WINDOWS\SYSTEM32;C:\Program Files\AVAST Software\Avast;C:\WINDOWS\WinSxS\amd64_microsoft.windows.common-controls_6595b64144ccf1df_6.0.17134.648_none_fb45a0e93062a6d2;C:\Program Files\Java\jdk-11.0.2\bin\server;C:\Users\Demar Johnson\AppData\Local\Temp

VM Arguments:
jvm_args: -Dfile.encoding=UTF-8 
java_command: Ascari.one.AscariCab.AscariCabApplication
java_class_path (initial): C:\Users\Demar Johnson\git\Ascari\target\classes;C:\Users\Demar Johnson\.m2\repository\org\springframework\boot\spring-boot-starter-data-jpa\2.1.3.RELEASE\spring-boot-starter-data-jpa-2.1.3.RELEASE.jar;C:\Users\Demar Johnson\.m2\repository\org\springframework\boot\spring-boot-starter-aop\2.1.3.RELEASE\spring-boot-starter-aop-2.1.3.RELEASE.jar;C:\Users\Demar Johnson\.m2\repository\org\springframework\spring-aop\5.1.5.RELEASE\spring-aop-5.1.5.RELEASE.jar;C:\Users\Demar Johnson\.m2\repository\org\aspectj\aspectjweaver\1.9.2\aspectjweaver-1.9.2.jar;C:\Users\Demar Johnson\.m2\repository\org\springframework\boot\spring-boot-starter-jdbc\2.1.3.RELEASE\spring-boot-starter-jdbc-2.1.3.RELEASE.jar;C:\Users\Demar Johnson\.m2\repository\com\zaxxer\HikariCP\3.2.0\HikariCP-3.2.0.jar;C:\Users\Demar Johnson\.m2\repository\org\springframework\spring-jdbc\5.1.5.RELEASE\spring-jdbc-5.1.5.RELEASE.jar;C:\Users\Demar Johnson\.m2\repository\javax\transaction\javax.transaction-api\1.3\javax.transaction-api-1.3.jar;C:\Users\Demar Johnson\.m2\repository\javax\xml\bind\jaxb-api\2.3.1\jaxb-api-2.3.1.jar;C:\Users\Demar Johnson\.m2\repository\javax\activation\javax.activation-api\1.2.0\javax.activation-api-1.2.0.jar;C:\Users\Demar Johnson\.m2\repository\org\hibernate\hibernate-core\5.3.7.Final\hibernate-core-5.3.7.Final.jar;C:\Users\Demar Johnson\.m2\repository\org\jboss\logging\jboss-logging\3.3.2.Final\jboss-logging-3.3.2.Final.jar;C:\Users\Demar Johnson\.m2\repository\javax\persistence\javax.persistence-api\2.2\javax.persistence-api-2.2.jar;C:\Users\Demar Johnson\.m2\repository\org\javassist\javassist\3.23.1-GA\javassist-3.23.1-GA.jar;C:\Users\Demar Johnson\.m2\repository\net\bytebuddy\byte-buddy\1.9.10\byte-buddy-1.9.10.jar;C:\Users\Demar Johnson\.m2\repository\antlr\antlr\2.7.7\antlr-2.7.7.jar;C:\Users\Demar Johnson\.m2\repository\org\jboss\jandex\2.0.5.Final\jandex-2.0.5.Final.jar;C:\Users\Demar Johnson\.m2\repository\com\fasterxml\classmate\1.4.0\classmate-1.4.
Launcher Type: SUN_STANDARD

[Global flags]
     intx CICompilerCount                          = 3                                         {product} {ergonomic}
     uint ConcGCThreads                            = 1                                         {product} {ergonomic}
     uint G1ConcRefinementThreads                  = 4                                         {product} {ergonomic}
   size_t G1HeapRegionSize                         = 1048576                                   {product} {ergonomic}
    uintx GCDrainStackTargetSize                   = 64                                        {product} {ergonomic}
   size_t InitialHeapSize                          = 94371840                                  {product} {ergonomic}
   size_t MarkStackSize                            = 4194304                                   {product} {ergonomic}
   size_t MaxHeapSize                              = 1501560832                                {product} {ergonomic}
   size_t MaxNewSize                               = 900726784                                 {product} {ergonomic}
   size_t MinHeapDeltaBytes                        = 1048576                                   {product} {ergonomic}
    uintx NonNMethodCodeHeapSize                   = 5830092                                {pd product} {ergonomic}
    uintx NonProfiledCodeHeapSize                  = 122914074                              {pd product} {ergonomic}
    uintx ProfiledCodeHeapSize                     = 122914074                              {pd product} {ergonomic}
    uintx ReservedCodeCacheSize                    = 251658240                              {pd product} {ergonomic}
     bool SegmentedCodeCache                       = true                                      {product} {ergonomic}
     bool UseCompressedClassPointers               = true                                 {lp64_product} {ergonomic}
     bool UseCompressedOops                        = true                                 {lp64_product} {ergonomic}
     bool UseG1GC                                  = true                                      {product} {ergonomic}
     bool UseLargePagesIndividualAllocation        = false                                  {pd product} {ergonomic}

Logging:
Log output configuration:
 #0: stdout all=warning uptime,level,tags
 #1: stderr all=off uptime,level,tags

Environment Variables:
PATH=C:/Program Files/Java/jdk-11.0.2/bin/server;C:/Program Files/Java/jdk-11.0.2/bin;C:\Program Files\Java\jdk-11.0.2\bin;C:\WINDOWS\system32;C:\WINDOWS;C:\WINDOWS\System32\Wbem;C:\WINDOWS\System32\WindowsPowerShell\v1.0\;C:\WINDOWS\system32\config\systemprofile\.dnx\bin;C:\Program Files\Microsoft DNX\Dnvm\;C:\Program Files\Microsoft SQL Server\130\Tools\Binn\;C:\Program Files\Git\cmd;C:\WINDOWS\System32\OpenSSH\;C:\Program Files (x86)\IBM\SPSS\Statistics\24\JRE\bin;C:\Program Files (x86)\Microsoft SQL Server\Client SDK\ODBC\130\Tools\Binn\;C:\Program Files (x86)\Microsoft SQL Server\140\Tools\Binn\;C:\Program Files (x86)\Microsoft SQL Server\140\DTS\Binn\;C:\Program Files (x86)\Microsoft SQL Server\140\Tools\Binn\ManagementStudio\;C:\Program Files\Microsoft SQL Server\Client SDK\ODBC\130\Tools\Binn\;C:\Program Files\Microsoft SQL Server\140\Tools\Binn\;C:\Program Files\Microsoft SQL Server\140\DTS\Binn\;;C:\Users\Demar Johnson\AppData\Local\Programs\Microsoft VS Code\bin;C:\Program Files\swipl\bin;C:\Users\Demar Johnson\Desktop;
USERNAME=Demar Johnson
OS=Windows_NT
PROCESSOR_IDENTIFIER=AMD64 Family 21 Model 101 Stepping 1, AuthenticAMD



---------------  S Y S T E M  ---------------

OS: Windows 10 , 64 bit Build 17134 (10.0.17134.648)

CPU:total 4 (initial active 4) (4 cores per cpu, 1 threads per core) family 21 model 101 stepping 1, cmov, cx8, fxsr, mmx, sse, sse2, sse3, ssse3, sse4.1, sse4.2, popcnt, avx, avx2, aes, clmul, mmxext, 3dnowpref, lzcnt, sse4a, tsc, tscinvbit, tscinv, bmi1, bmi2, fma

Memory: 4k page, system-wide physical 5727M (1108M free)
TotalPageFile size 15199M (AvailPageFile size 7365M)
current process WorkingSet (physical memory assigned to process): 241M, peak: 267M
current process commit charge ("private bytes"): 290M, peak: 316M

vm_info: Java HotSpot(TM) 64-Bit Server VM (11.0.2+9-LTS) for windows-amd64 JRE (11.0.2+9-LTS), built on Jan 18 2019 05:24:10 by "mach5one" with MS VC++ 15.5 (VS2017)

END.
