#
# A fatal error has been detected by the Java Runtime Environment:
#
#  EXCEPTION_ACCESS_VIOLATION (0xc0000005) at pc=0x000000006cdfa0c5, pid=4648, tid=0x0000000000001bd4
#
# JRE version: Java(TM) SE Runtime Environment (8.0_201-b09) (build 1.8.0_201-b09)
# Java VM: Java HotSpot(TM) 64-Bit Server VM (25.201-b09 mixed mode windows-amd64 compressed oops)
# Problematic frame:
# C  [sqlite-3.16.1-fead006f-b9e3-46e6-8e49-2eefa0e140fd-sqlitejdbc.dll+0x7a0c5]
#
# Failed to write core dump. Minidumps are not enabled by default on client versions of Windows
#
# If you would like to submit a bug report, please visit:
#   http://bugreport.java.com/bugreport/crash.jsp
# The crash happened outside the Java Virtual Machine in native code.
# See problematic frame for where to report the bug.
#

---------------  T H R E A D  ---------------

Current thread (0x00000000245a8000):  JavaThread "Secondary finalizer" [_thread_in_native, id=7124, stack(0x000000002d310000,0x000000002d410000)]

siginfo: ExceptionCode=0xc0000005, reading address 0x0000000000000018

Registers:
RAX=0x0000000000000000, RBX=0x0000000028013de8, RCX=0x0000000028013de8, RDX=0x000000002d40ef70
RSP=0x000000002d40ef10, RBP=0x000000002d40efb0, RSI=0x0000000000000000, RDI=0x000000000ea82000
R8 =0x0000000028013de8, R9 =0x0000000000000000, R10=0x0000000000000000, R11=0x0000000000000246
R12=0x0000000000000000, R13=0x000000002d40efa0, R14=0x000000002d40ef70, R15=0x00000000245a8000
RIP=0x000000006cdfa0c5, EFLAGS=0x0000000000010206

Top of Stack: (sp=0x000000002d40ef10)
0x000000002d40ef10:   000000000ea82000 0000000002f9de49
0x000000002d40ef20:   00000000245a8000 00000006c2c99dd8
0x000000002d40ef30:   0000000000001810 00000006c2c99dd8
0x000000002d40ef40:   0000000000001810 0000000002f9dcc3
0x000000002d40ef50:   0000000025e0e238 0000000000000000
0x000000002d40ef60:   000000002d40ef88 000000002d40efd8
0x000000002d40ef70:   00000006c2c99dd8 0000000000000000
0x000000002d40ef80:   0000000000000000 00000006c2c9a030
0x000000002d40ef90:   00000006c2c99dd8 000000002d40ef98
0x000000002d40efa0:   0000000000000003 000000002d40eff0
0x000000002d40efb0:   000000002d40f028 0000000002cd7da0
0x000000002d40efc0:   0000000025e61528 0000000002cd7da0
0x000000002d40efd0:   0000000028013de8 0000000028013de8
0x000000002d40efe0:   00000006c2c99dd8 000000002d40efe8
0x000000002d40eff0:   0000000025e72371 000000002d40f038
0x000000002d40f000:   0000000025e80f08 0000000000000000 

Instructions: (pc=0x000000006cdfa0c5)
0x000000006cdfa0a5:   48 83 c4 38 c3 66 0f 1f 44 00 00 56 53 48 83 ec
0x000000006cdfa0b5:   28 48 85 c9 0f 84 b1 00 00 00 48 8b 31 48 89 cb
0x000000006cdfa0c5:   48 8b 4e 18 48 85 c9 74 06 ff 15 74 df 04 00 48
0x000000006cdfa0d5:   83 bb b0 00 00 00 00 7e 0b 48 89 da 48 89 f1 e8 


Register to memory mapping:

RAX=0x0000000000000000 is an unknown value
RBX=0x0000000028013de8 is an unknown value
RCX=0x0000000028013de8 is an unknown value
RDX=0x000000002d40ef70 is pointing into the stack for thread: 0x00000000245a8000
RSP=0x000000002d40ef10 is pointing into the stack for thread: 0x00000000245a8000
RBP=0x000000002d40efb0 is pointing into the stack for thread: 0x00000000245a8000
RSI=0x0000000000000000 is an unknown value
RDI=0x000000000ea82000 is an unknown value
R8 =0x0000000028013de8 is an unknown value
R9 =0x0000000000000000 is an unknown value
R10=0x0000000000000000 is an unknown value
R11=0x0000000000000246 is an unknown value
R12=0x0000000000000000 is an unknown value
R13=0x000000002d40efa0 is pointing into the stack for thread: 0x00000000245a8000
R14=0x000000002d40ef70 is pointing into the stack for thread: 0x00000000245a8000
R15=0x00000000245a8000 is a thread


Stack: [0x000000002d310000,0x000000002d410000],  sp=0x000000002d40ef10,  free space=1019k
Native frames: (J=compiled Java code, j=interpreted, Vv=VM code, C=native code)
C  [sqlite-3.16.1-fead006f-b9e3-46e6-8e49-2eefa0e140fd-sqlitejdbc.dll+0x7a0c5]
C  0x0000000002f9dcc3

Java frames: (J=compiled Java code, j=interpreted, Vv=VM code)
J 6434  org.sqlite.core.NativeDB.reset(J)I (0 bytes) @ 0x0000000002f9db7b [0x0000000002f9db40+0x3b]
j  org.sqlite.core.CoreResultSet.close()V+81
j  org.sqlite.jdbc4.JDBC4ResultSet.close()V+6
j  org.sqlite.jdbc3.JDBC3ResultSet.finalize()V+1
J 3147 C2 java.lang.ref.Finalizer.access$100(Ljava/lang/ref/Finalizer;Lsun/misc/JavaLangAccess;)V (6 bytes) @ 0x00000000038137e8 [0x0000000003813600+0x1e8]
j  java.lang.ref.Finalizer$2.run()V+36
j  java.lang.Thread.run()V+11
v  ~StubRoutines::call_stub

---------------  P R O C E S S  ---------------

Java Threads: ( => current thread )
=>0x00000000245a8000 JavaThread "Secondary finalizer" [_thread_in_native, id=7124, stack(0x000000002d310000,0x000000002d410000)]
  0x00000000245ae800 JavaThread "Thread-5" [_thread_blocked, id=4076, stack(0x000000002d010000,0x000000002d110000)]
  0x00000000245ab800 JavaThread "DestroyJavaVM" [_thread_blocked, id=16900, stack(0x0000000002ad0000,0x0000000002bd0000)]
  0x00000000260a0000 JavaThread "Live Reload Server" daemon [_thread_in_native, id=9024, stack(0x0000000027da0000,0x0000000027ea0000)]
  0x00000000260a3000 JavaThread "mysql-cj-abandoned-connection-cleanup" daemon [_thread_blocked, id=2132, stack(0x0000000026fa0000,0x00000000270a0000)]
  0x000000001e6f1800 JavaThread "Service Thread" daemon [_thread_blocked, id=19248, stack(0x000000001f210000,0x000000001f310000)]
  0x000000001e660800 JavaThread "C1 CompilerThread3" daemon [_thread_blocked, id=2464, stack(0x000000001f110000,0x000000001f210000)]
  0x000000001e65d000 JavaThread "C2 CompilerThread2" daemon [_thread_blocked, id=15616, stack(0x000000001f010000,0x000000001f110000)]
  0x000000001e656800 JavaThread "C2 CompilerThread1" daemon [_thread_blocked, id=3164, stack(0x000000001ef10000,0x000000001f010000)]
  0x000000001e654000 JavaThread "C2 CompilerThread0" daemon [_thread_blocked, id=18244, stack(0x000000001ee10000,0x000000001ef10000)]
  0x000000001e652000 JavaThread "Attach Listener" daemon [_thread_blocked, id=2940, stack(0x000000001ed10000,0x000000001ee10000)]
  0x000000001e651800 JavaThread "Signal Dispatcher" daemon [_thread_blocked, id=18100, stack(0x000000001ec10000,0x000000001ed10000)]
  0x000000001e640800 JavaThread "Finalizer" daemon [_thread_blocked, id=15056, stack(0x000000001ea20000,0x000000001eb20000)]
  0x0000000002ccc000 JavaThread "Reference Handler" daemon [_thread_blocked, id=16720, stack(0x000000001e520000,0x000000001e620000)]

Other Threads:
  0x000000001c739000 VMThread [stack: 0x000000001e420000,0x000000001e520000] [id=1748]
  0x000000001e72c800 WatcherThread [stack: 0x000000001f310000,0x000000001f410000] [id=16516]

VM state:not at safepoint (normal execution)

VM Mutex/Monitor currently owned by a thread: None

heap address: 0x00000006c1c00000, size: 4068 MB, Compressed Oops mode: Zero based, Oop shift amount: 3
Narrow klass base: 0x0000000000000000, Narrow klass shift: 3
Compressed class space size: 1073741824 Address: 0x00000007c0000000

Heap:
 PSYoungGen      total 135168K, used 1884K [0x000000076b400000, 0x0000000774c00000, 0x00000007c0000000)
  eden space 129024K, 1% used [0x000000076b400000,0x000000076b5d71f0,0x0000000773200000)
  from space 6144K, 0% used [0x0000000773200000,0x0000000773200000,0x0000000773800000)
  to   space 13312K, 0% used [0x0000000773f00000,0x0000000773f00000,0x0000000774c00000)
 ParOldGen       total 182272K, used 17047K [0x00000006c1c00000, 0x00000006cce00000, 0x000000076b400000)
  object space 182272K, 9% used [0x00000006c1c00000,0x00000006c2ca5d40,0x00000006cce00000)
 Metaspace       used 52504K, capacity 54563K, committed 55080K, reserved 1097728K
  class space    used 6928K, capacity 7294K, committed 7464K, reserved 1048576K

Card table byte_map: [0x0000000012090000,0x0000000012890000] byte_map_base: 0x000000000ea82000

Marking Bits: (ParMarkBitMap*) 0x000000006bf04ce0
 Begin Bits: [0x00000000135e0000, 0x0000000017570000)
 End Bits:   [0x0000000017570000, 0x000000001b500000)

Polling page: 0x0000000001190000

CodeCache: size=245760Kb used=18323Kb max_used=18342Kb free=227436Kb
 bounds [0x0000000002cd0000, 0x0000000003ee0000, 0x0000000011cd0000]
 total_blobs=5906 nmethods=5398 adapters=419
 compilation: enabled

Compilation events (10 events):
Event: 10541.051 Thread 0x000000001e660800 nmethod 6429 0x00000000030701d0 code [0x0000000003070360, 0x0000000003070908]
Event: 10541.053 Thread 0x000000001e660800 6432   !   3       java.lang.ref.Reference::tryHandlePending (115 bytes)
Event: 10541.055 Thread 0x000000001e660800 nmethod 6432 0x0000000002e4ad50 code [0x0000000002e4af80, 0x0000000002e4bc28]
Event: 10541.056 Thread 0x000000001e660800 6433       3       java.util.concurrent.locks.ReentrantLock$NonfairSync::lock (25 bytes)
Event: 10541.057 Thread 0x000000001e660800 nmethod 6433 0x00000000036ebed0 code [0x00000000036ec0a0, 0x00000000036ec8f8]
Event: 10541.058 Thread 0x000000001e660800 6431       3       java.util.concurrent.locks.ReentrantLock$NonfairSync::tryAcquire (6 bytes)
Event: 10541.058 Thread 0x000000001e660800 nmethod 6431 0x0000000003232990 code [0x0000000003232b00, 0x0000000003232d08]
Event: 10541.059 Thread 0x000000001e660800 6430       1       org.springframework.util.ConcurrentReferenceHashMap::access$600 (5 bytes)
Event: 10541.059 Thread 0x000000001e660800 nmethod 6430 0x0000000003337550 code [0x00000000033376a0, 0x0000000003337790]
Event: 10541.060 Thread 0x000000001e660800 6435       3       java.util.regex.Matcher::find (35 bytes)

GC Heap History (10 events):
Event: 8320.178 GC heap before
{Heap before GC invocations=18 (full 2):
 PSYoungGen      total 144384K, used 144040K [0x000000076b400000, 0x0000000775700000, 0x00000007c0000000)
  eden space 137216K, 100% used [0x000000076b400000,0x0000000773a00000,0x0000000773a00000)
  from space 7168K, 95% used [0x0000000773d00000,0x00000007743aa120,0x0000000774400000)
  to   space 14848K, 0% used [0x0000000774880000,0x0000000774880000,0x0000000775700000)
 ParOldGen       total 182272K, used 18992K [0x00000006c1c00000, 0x00000006cce00000, 0x000000076b400000)
  object space 182272K, 10% used [0x00000006c1c00000,0x00000006c2e8c180,0x00000006cce00000)
 Metaspace       used 52639K, capacity 54853K, committed 55080K, reserved 1097728K
  class space    used 6954K, capacity 7360K, committed 7464K, reserved 1048576K
Event: 8320.194 GC heap after
Heap after GC invocations=18 (full 2):
 PSYoungGen      total 144896K, used 6856K [0x000000076b400000, 0x0000000775300000, 0x00000007c0000000)
  eden space 134144K, 0% used [0x000000076b400000,0x000000076b400000,0x0000000773700000)
  from space 10752K, 63% used [0x0000000774880000,0x0000000774f32130,0x0000000775300000)
  to   space 14336K, 0% used [0x0000000773700000,0x0000000773700000,0x0000000774500000)
 ParOldGen       total 182272K, used 19000K [0x00000006c1c00000, 0x00000006cce00000, 0x000000076b400000)
  object space 182272K, 10% used [0x00000006c1c00000,0x00000006c2e8e180,0x00000006cce00000)
 Metaspace       used 52639K, capacity 54853K, committed 55080K, reserved 1097728K
  class space    used 6954K, capacity 7360K, committed 7464K, reserved 1048576K
}
Event: 9285.306 GC heap before
{Heap before GC invocations=19 (full 2):
 PSYoungGen      total 144896K, used 141000K [0x000000076b400000, 0x0000000775300000, 0x00000007c0000000)
  eden space 134144K, 100% used [0x000000076b400000,0x0000000773700000,0x0000000773700000)
  from space 10752K, 63% used [0x0000000774880000,0x0000000774f32130,0x0000000775300000)
  to   space 14336K, 0% used [0x0000000773700000,0x0000000773700000,0x0000000774500000)
 ParOldGen       total 182272K, used 19000K [0x00000006c1c00000, 0x00000006cce00000, 0x000000076b400000)
  object space 182272K, 10% used [0x00000006c1c00000,0x00000006c2e8e180,0x00000006cce00000)
 Metaspace       used 52640K, capacity 54853K, committed 55080K, reserved 1097728K
  class space    used 6954K, capacity 7360K, committed 7464K, reserved 1048576K
Event: 9285.318 GC heap after
Heap after GC invocations=19 (full 2):
 PSYoungGen      total 138752K, used 6872K [0x000000076b400000, 0x0000000774f80000, 0x00000007c0000000)
  eden space 131584K, 0% used [0x000000076b400000,0x000000076b400000,0x0000000773480000)
  from space 7168K, 95% used [0x0000000773700000,0x0000000773db6100,0x0000000773e00000)
  to   space 13824K, 0% used [0x0000000774200000,0x0000000774200000,0x0000000774f80000)
 ParOldGen       total 182272K, used 19008K [0x00000006c1c00000, 0x00000006cce00000, 0x000000076b400000)
  object space 182272K, 10% used [0x00000006c1c00000,0x00000006c2e90180,0x00000006cce00000)
 Metaspace       used 52640K, capacity 54853K, committed 55080K, reserved 1097728K
  class space    used 6954K, capacity 7360K, committed 7464K, reserved 1048576K
}
Event: 10248.812 GC heap before
{Heap before GC invocations=20 (full 2):
 PSYoungGen      total 138752K, used 138456K [0x000000076b400000, 0x0000000774f80000, 0x00000007c0000000)
  eden space 131584K, 100% used [0x000000076b400000,0x0000000773480000,0x0000000773480000)
  from space 7168K, 95% used [0x0000000773700000,0x0000000773db6100,0x0000000773e00000)
  to   space 13824K, 0% used [0x0000000774200000,0x0000000774200000,0x0000000774f80000)
 ParOldGen       total 182272K, used 19008K [0x00000006c1c00000, 0x00000006cce00000, 0x000000076b400000)
  object space 182272K, 10% used [0x00000006c1c00000,0x00000006c2e90180,0x00000006cce00000)
 Metaspace       used 52640K, capacity 54853K, committed 55080K, reserved 1097728K
  class space    used 6954K, capacity 7360K, committed 7464K, reserved 1048576K
Event: 10248.825 GC heap after
Heap after GC invocations=20 (full 2):
 PSYoungGen      total 140288K, used 6840K [0x000000076b400000, 0x0000000774d00000, 0x00000007c0000000)
  eden space 129024K, 0% used [0x000000076b400000,0x000000076b400000,0x0000000773200000)
  from space 11264K, 60% used [0x0000000774200000,0x00000007748ae120,0x0000000774d00000)
  to   space 13824K, 0% used [0x0000000773200000,0x0000000773200000,0x0000000773f80000)
 ParOldGen       total 182272K, used 19008K [0x00000006c1c00000, 0x00000006cce00000, 0x000000076b400000)
  object space 182272K, 10% used [0x00000006c1c00000,0x00000006c2e90180,0x00000006cce00000)
 Metaspace       used 52640K, capacity 54853K, committed 55080K, reserved 1097728K
  class space    used 6954K, capacity 7360K, committed 7464K, reserved 1048576K
}
Event: 10540.554 GC heap before
{Heap before GC invocations=21 (full 2):
 PSYoungGen      total 140288K, used 49391K [0x000000076b400000, 0x0000000774d00000, 0x00000007c0000000)
  eden space 129024K, 32% used [0x000000076b400000,0x000000076dd8ddf8,0x0000000773200000)
  from space 11264K, 60% used [0x0000000774200000,0x00000007748ae120,0x0000000774d00000)
  to   space 13824K, 0% used [0x0000000773200000,0x0000000773200000,0x0000000773f80000)
 ParOldGen       total 182272K, used 19008K [0x00000006c1c00000, 0x00000006cce00000, 0x000000076b400000)
  object space 182272K, 10% used [0x00000006c1c00000,0x00000006c2e90180,0x00000006cce00000)
 Metaspace       used 52739K, capacity 54955K, committed 55080K, reserved 1097728K
  class space    used 6969K, capacity 7368K, committed 7464K, reserved 1048576K
Event: 10540.568 GC heap after
Heap after GC invocations=21 (full 2):
 PSYoungGen      total 135168K, used 6008K [0x000000076b400000, 0x0000000774c00000, 0x00000007c0000000)
  eden space 129024K, 0% used [0x000000076b400000,0x000000076b400000,0x0000000773200000)
  from space 6144K, 97% used [0x0000000773200000,0x00000007737de060,0x0000000773800000)
  to   space 13312K, 0% used [0x0000000773f00000,0x0000000773f00000,0x0000000774c00000)
 ParOldGen       total 182272K, used 19016K [0x00000006c1c00000, 0x00000006cce00000, 0x000000076b400000)
  object space 182272K, 10% used [0x00000006c1c00000,0x00000006c2e92180,0x00000006cce00000)
 Metaspace       used 52739K, capacity 54955K, committed 55080K, reserved 1097728K
  class space    used 6969K, capacity 7368K, committed 7464K, reserved 1048576K
}
Event: 10540.568 GC heap before
{Heap before GC invocations=22 (full 3):
 PSYoungGen      total 135168K, used 6008K [0x000000076b400000, 0x0000000774c00000, 0x00000007c0000000)
  eden space 129024K, 0% used [0x000000076b400000,0x000000076b400000,0x0000000773200000)
  from space 6144K, 97% used [0x0000000773200000,0x00000007737de060,0x0000000773800000)
  to   space 13312K, 0% used [0x0000000773f00000,0x0000000773f00000,0x0000000774c00000)
 ParOldGen       total 182272K, used 19016K [0x00000006c1c00000, 0x00000006cce00000, 0x000000076b400000)
  object space 182272K, 10% used [0x00000006c1c00000,0x00000006c2e92180,0x00000006cce00000)
 Metaspace       used 52739K, capacity 54955K, committed 55080K, reserved 1097728K
  class space    used 6969K, capacity 7368K, committed 7464K, reserved 1048576K
Event: 10541.050 GC heap after
Heap after GC invocations=22 (full 3):
 PSYoungGen      total 135168K, used 0K [0x000000076b400000, 0x0000000774c00000, 0x00000007c0000000)
  eden space 129024K, 0% used [0x000000076b400000,0x000000076b400000,0x0000000773200000)
  from space 6144K, 0% used [0x0000000773200000,0x0000000773200000,0x0000000773800000)
  to   space 13312K, 0% used [0x0000000773f00000,0x0000000773f00000,0x0000000774c00000)
 ParOldGen       total 182272K, used 17047K [0x00000006c1c00000, 0x00000006cce00000, 0x000000076b400000)
  object space 182272K, 9% used [0x00000006c1c00000,0x00000006c2ca5d40,0x00000006cce00000)
 Metaspace       used 52502K, capacity 54563K, committed 55080K, reserved 1097728K
  class space    used 6927K, capacity 7294K, committed 7464K, reserved 1048576K
}

Deoptimization events (10 events):
Event: 10540.551 Thread 0x00000000245ae800 Uncommon trap: reason=unstable_if action=reinterpret pc=0x00000000035d3aa8 method=java.lang.ref.SoftReference.get()Ljava/lang/Object; @ 6
Event: 10540.553 Thread 0x00000000245ae800 Uncommon trap: reason=unstable_if action=reinterpret pc=0x000000000317aef4 method=java.lang.ref.SoftReference.get()Ljava/lang/Object; @ 6
Event: 10541.051 Thread 0x000000002609e000 Uncommon trap: reason=unstable_if action=reinterpret pc=0x0000000003d9c294 method=java.util.concurrent.locks.AbstractQueuedSynchronizer$ConditionObject.checkInterruptWhileWaiting(Ljava/util/concurrent/locks/AbstractQueuedSynchronizer$Node;)I @ 3
Event: 10541.051 Thread 0x00000000260a2800 Uncommon trap: reason=unstable_if action=reinterpret pc=0x0000000003d9baf8 method=java.util.concurrent.ThreadPoolExecutor.getTask()Ljava/lang/Runnable; @ 16
Event: 10541.051 Thread 0x0000000002ccc000 Uncommon trap: reason=unstable_if action=reinterpret pc=0x00000000033edc70 method=java.lang.ref.Reference.tryHandlePending(Z)Z @ 20
Event: 10541.054 Thread 0x000000001e640800 Uncommon trap: reason=bimorphic action=maybe_recompile pc=0x0000000003e64a68 method=java.util.HashMap.removeNode(ILjava/lang/Object;Ljava/lang/Object;ZZ)Ljava/util/HashMap$Node; @ 143
Event: 10541.054 Thread 0x000000001e640800 Uncommon trap: reason=bimorphic action=maybe_recompile pc=0x0000000003e64a68 method=java.util.HashMap.removeNode(ILjava/lang/Object;Ljava/lang/Object;ZZ)Ljava/util/HashMap$Node; @ 143
Event: 10541.055 Thread 0x000000001e640800 Uncommon trap: reason=bimorphic action=maybe_recompile pc=0x0000000003e64a68 method=java.util.HashMap.removeNode(ILjava/lang/Object;Ljava/lang/Object;ZZ)Ljava/util/HashMap$Node; @ 143
Event: 10541.055 Thread 0x000000001e640800 Uncommon trap: reason=bimorphic action=maybe_recompile pc=0x0000000003e64a68 method=java.util.HashMap.removeNode(ILjava/lang/Object;Ljava/lang/Object;ZZ)Ljava/util/HashMap$Node; @ 143
Event: 10541.055 Thread 0x000000001e640800 Uncommon trap: reason=bimorphic action=maybe_recompile pc=0x000000000300073c method=java.util.HashMap.removeNode(ILjava/lang/Object;Ljava/lang/Object;ZZ)Ljava/util/HashMap$Node; @ 143

Classes redefined (0 events):
No events

Internal exceptions (10 events):
Event: 6.645 Thread 0x000000001fb55800 Exception <a 'java/lang/ClassNotFoundException': org/springframework/web/context/ServletContextAwareCustomizer> (0x0000000770b06d78) thrown at [C:\re\workspace\8-2-build-windows-amd64-cygwin\jdk8u201\12322\hotspot\src\share\vm\classfile\systemDictionary.c
Event: 6.645 Thread 0x000000001fb55800 Exception <a 'java/lang/ClassNotFoundException': org/springframework/beans/factory/AwareCustomizer> (0x0000000770b19f20) thrown at [C:\re\workspace\8-2-build-windows-amd64-cygwin\jdk8u201\12322\hotspot\src\share\vm\classfile\systemDictionary.cpp, line 210
Event: 30.261 Thread 0x00000000245a9800 Implicit null exception at 0x0000000003484551 to 0x0000000003486959
Event: 1265.637 Thread 0x00000000245a8800 Exception <a 'java/lang/NoSuchMethodError': java.lang.Object.lambda$andThen$1(Ljava/util/function/Function;Ljava/lang/Object;)Ljava/lang/Object;> (0x00000007734373b0) thrown at [C:\re\workspace\8-2-build-windows-amd64-cygwin\jdk8u201\12322\hotspot\src\sha
Event: 1265.684 Thread 0x00000000245a8800 Implicit null exception at 0x0000000002f4ce22 to 0x0000000002f4d539
Event: 1265.684 Thread 0x00000000245a8800 Implicit null exception at 0x0000000002f4be61 to 0x0000000002f4c149
Event: 1265.685 Thread 0x00000000245a8800 Implicit null exception at 0x0000000002f4e316 to 0x0000000002f4e3ad
Event: 10539.355 Thread 0x00000000245ae800 Implicit null exception at 0x00000000036e9684 to 0x00000000036e9c15
Event: 10540.548 Thread 0x000000002609f800 Exception <a 'java/lang/InterruptedException': sleep interrupted> (0x000000076dcb6d90) thrown at [C:\re\workspace\8-2-build-windows-amd64-cygwin\jdk8u201\12322\hotspot\src\share\vm\prims\jvm.cpp, line 3340]
Event: 10540.551 Thread 0x00000000245ae800 Implicit null exception at 0x00000000035d3601 to 0x00000000035d3a8d

Events (10 events):
Event: 10541.054 Thread 0x000000001e640800 DEOPT UNPACKING pc=0x0000000002d1583b sp=0x000000001eb1ec28 mode 2
Event: 10541.055 Thread 0x000000001e640800 Uncommon trap: trap_request=0xffffffc6 fr.pc=0x0000000003e64a68
Event: 10541.055 Thread 0x000000001e640800 DEOPT PACKING pc=0x0000000003e64a68 sp=0x000000001eb1ed20
Event: 10541.055 Thread 0x000000001e640800 DEOPT UNPACKING pc=0x0000000002d1583b sp=0x000000001eb1ec28 mode 2
Event: 10541.055 Thread 0x000000001e640800 Uncommon trap: trap_request=0xffffffc6 fr.pc=0x0000000003e64a68
Event: 10541.055 Thread 0x000000001e640800 DEOPT PACKING pc=0x0000000003e64a68 sp=0x000000001eb1ed20
Event: 10541.055 Thread 0x000000001e640800 DEOPT UNPACKING pc=0x0000000002d1583b sp=0x000000001eb1ec28 mode 2
Event: 10541.055 Thread 0x000000001e640800 Uncommon trap: trap_request=0xffffffc6 fr.pc=0x000000000300073c
Event: 10541.055 Thread 0x000000001e640800 DEOPT PACKING pc=0x000000000300073c sp=0x000000001eb1ec80
Event: 10541.055 Thread 0x000000001e640800 DEOPT UNPACKING pc=0x0000000002d1583b sp=0x000000001eb1ec20 mode 2


Dynamic libraries:
0x00007ff66e230000 - 0x00007ff66e267000 	C:\Program Files\Java\jre1.8.0_201\bin\javaw.exe
0x00007ffe2ee20000 - 0x00007ffe2f001000 	C:\WINDOWS\SYSTEM32\ntdll.dll
0x00007ffe2c660000 - 0x00007ffe2c712000 	C:\WINDOWS\System32\KERNEL32.DLL
0x00007ffe2b680000 - 0x00007ffe2b8f3000 	C:\WINDOWS\System32\KERNELBASE.dll
0x00007ffe2c430000 - 0x00007ffe2c4d1000 	C:\WINDOWS\System32\ADVAPI32.dll
0x00007ffe2cb40000 - 0x00007ffe2cbde000 	C:\WINDOWS\System32\msvcrt.dll
0x00007ffe2ced0000 - 0x00007ffe2cf2b000 	C:\WINDOWS\System32\sechost.dll
0x00007ffe2eb20000 - 0x00007ffe2ec44000 	C:\WINDOWS\System32\RPCRT4.dll
0x00007ffe2e500000 - 0x00007ffe2e690000 	C:\WINDOWS\System32\USER32.dll
0x00007ffe2b900000 - 0x00007ffe2b920000 	C:\WINDOWS\System32\win32u.dll
0x00007ffe2e6a0000 - 0x00007ffe2e6c8000 	C:\WINDOWS\System32\GDI32.dll
0x00007ffe2c110000 - 0x00007ffe2c2a2000 	C:\WINDOWS\System32\gdi32full.dll
0x00007ffe2b3f0000 - 0x00007ffe2b48f000 	C:\WINDOWS\System32\msvcp_win.dll
0x00007ffe2b2f0000 - 0x00007ffe2b3e8000 	C:\WINDOWS\System32\ucrtbase.dll
0x00007ffe1adb0000 - 0x00007ffe1b019000 	C:\WINDOWS\WinSxS\amd64_microsoft.windows.common-controls_6595b64144ccf1df_6.0.17134.648_none_fb45a0e93062a6d2\COMCTL32.dll
0x00007ffe2c7a0000 - 0x00007ffe2cac2000 	C:\WINDOWS\System32\combase.dll
0x00007ffe2c090000 - 0x00007ffe2c10a000 	C:\WINDOWS\System32\bcryptPrimitives.dll
0x00007ffe2c360000 - 0x00007ffe2c38d000 	C:\WINDOWS\System32\IMM32.DLL
0x000000006b520000 - 0x000000006b5f1000 	C:\Program Files\Java\jre1.8.0_201\bin\msvcr100.dll
0x000000006b6e0000 - 0x000000006bf84000 	C:\Program Files\Java\jre1.8.0_201\bin\server\jvm.dll
0x00007ffe2e390000 - 0x00007ffe2e398000 	C:\WINDOWS\System32\PSAPI.DLL
0x00007ffe26f90000 - 0x00007ffe26fb3000 	C:\WINDOWS\SYSTEM32\WINMM.dll
0x00007ffe22760000 - 0x00007ffe2276a000 	C:\WINDOWS\SYSTEM32\VERSION.dll
0x00007ffe1f810000 - 0x00007ffe1f819000 	C:\WINDOWS\SYSTEM32\WSOCK32.dll
0x00007ffe2cad0000 - 0x00007ffe2cb3c000 	C:\WINDOWS\System32\WS2_32.dll
0x00007ffe26f60000 - 0x00007ffe26f8a000 	C:\WINDOWS\SYSTEM32\WINMMBASE.dll
0x00007ffe2b1f0000 - 0x00007ffe2b239000 	C:\WINDOWS\System32\cfgmgr32.dll
0x00007ffe1f150000 - 0x00007ffe1f15f000 	C:\Program Files\Java\jre1.8.0_201\bin\verify.dll
0x00007ffe0b820000 - 0x00007ffe0b849000 	C:\Program Files\Java\jre1.8.0_201\bin\java.dll
0x00007ffe1b990000 - 0x00007ffe1b9a6000 	C:\Program Files\Java\jre1.8.0_201\bin\zip.dll
0x00007ffe2cf30000 - 0x00007ffe2e370000 	C:\WINDOWS\System32\SHELL32.dll
0x00007ffe2c2b0000 - 0x00007ffe2c359000 	C:\WINDOWS\System32\shcore.dll
0x00007ffe2b920000 - 0x00007ffe2c02d000 	C:\WINDOWS\System32\windows.storage.dll
0x00007ffe2e490000 - 0x00007ffe2e4e1000 	C:\WINDOWS\System32\shlwapi.dll
0x00007ffe2b1d0000 - 0x00007ffe2b1e1000 	C:\WINDOWS\System32\kernel.appcore.dll
0x00007ffe2b190000 - 0x00007ffe2b1af000 	C:\WINDOWS\System32\profapi.dll
0x00007ffe2b140000 - 0x00007ffe2b18c000 	C:\WINDOWS\System32\powrprof.dll
0x00007ffe2b130000 - 0x00007ffe2b13a000 	C:\WINDOWS\System32\FLTLIB.DLL
0x00007ffe255f0000 - 0x00007ffe255fd000 	C:\Program Files\Java\jre1.8.0_201\bin\management.dll
0x00007ffe10c60000 - 0x00007ffe10c7a000 	C:\Program Files\Java\jre1.8.0_201\bin\net.dll
0x00007ffe1d1b0000 - 0x00007ffe1d378000 	C:\WINDOWS\SYSTEM32\urlmon.dll
0x00007ffe1d530000 - 0x00007ffe1d7d5000 	C:\WINDOWS\SYSTEM32\iertutil.dll
0x00007ffe2ab60000 - 0x00007ffe2ab6b000 	C:\WINDOWS\SYSTEM32\CRYPTBASE.DLL
0x00007ffe2a9b0000 - 0x00007ffe2aa16000 	C:\WINDOWS\system32\mswsock.dll
0x00007ffe0aa70000 - 0x00007ffe0aa86000 	C:\WINDOWS\system32\napinsp.dll
0x00007ffe0aa50000 - 0x00007ffe0aa6a000 	C:\WINDOWS\system32\pnrpnsp.dll
0x00007ffe28460000 - 0x00007ffe28479000 	C:\WINDOWS\system32\NLAapi.dll
0x00007ffe2a770000 - 0x00007ffe2a82e000 	C:\WINDOWS\SYSTEM32\DNSAPI.dll
0x00007ffe2e690000 - 0x00007ffe2e698000 	C:\WINDOWS\System32\NSI.dll
0x00007ffe2a730000 - 0x00007ffe2a768000 	C:\WINDOWS\SYSTEM32\IPHLPAPI.DLL
0x00007ffe0a960000 - 0x00007ffe0a96e000 	C:\WINDOWS\System32\winrnr.dll
0x00007ffe25af0000 - 0x00007ffe25b05000 	C:\WINDOWS\System32\wshbth.dll
0x00007ffe1fdf0000 - 0x00007ffe1fdfa000 	C:\Windows\System32\rasadhlp.dll
0x00007ffe1f910000 - 0x00007ffe1f982000 	C:\WINDOWS\System32\fwpuclnt.dll
0x00007ffe2ac90000 - 0x00007ffe2acb5000 	C:\WINDOWS\SYSTEM32\bcrypt.dll
0x00007ffe10bb0000 - 0x00007ffe10bc1000 	C:\Program Files\Java\jre1.8.0_201\bin\nio.dll
0x00007ffe2ab70000 - 0x00007ffe2ab87000 	C:\WINDOWS\SYSTEM32\CRYPTSP.dll
0x00007ffe2a590000 - 0x00007ffe2a5c3000 	C:\WINDOWS\system32\rsaenh.dll
0x00007ffe2b030000 - 0x00007ffe2b058000 	C:\WINDOWS\SYSTEM32\USERENV.dll
0x00007ffe22f30000 - 0x00007ffe22f46000 	C:\WINDOWS\SYSTEM32\dhcpcsvc6.DLL
0x00007ffe22f10000 - 0x00007ffe22f2a000 	C:\WINDOWS\SYSTEM32\dhcpcsvc.DLL
0x000000006cd80000 - 0x000000006ce70000 	C:\Users\Dominique\AppData\Local\Temp\sqlite-3.16.1-fead006f-b9e3-46e6-8e49-2eefa0e140fd-sqlitejdbc.dll
0x00007ffe15610000 - 0x00007ffe157d9000 	C:\WINDOWS\SYSTEM32\dbghelp.dll

VM Arguments:
jvm_args: -Dfile.encoding=UTF-8 
java_command: Ascari.one.AscariCab.AscariCabApplication
java_class_path (initial): C:\Program Files\Java\jre1.8.0_201\lib\resources.jar;C:\Program Files\Java\jre1.8.0_201\lib\rt.jar;C:\Program Files\Java\jre1.8.0_201\lib\jsse.jar;C:\Program Files\Java\jre1.8.0_201\lib\jce.jar;C:\Program Files\Java\jre1.8.0_201\lib\charsets.jar;C:\Program Files\Java\jre1.8.0_201\lib\jfr.jar;C:\Program Files\Java\jre1.8.0_201\lib\ext\access-bridge-64.jar;C:\Program Files\Java\jre1.8.0_201\lib\ext\cldrdata.jar;C:\Program Files\Java\jre1.8.0_201\lib\ext\dnsns.jar;C:\Program Files\Java\jre1.8.0_201\lib\ext\jaccess.jar;C:\Program Files\Java\jre1.8.0_201\lib\ext\jfxrt.jar;C:\Program Files\Java\jre1.8.0_201\lib\ext\localedata.jar;C:\Program Files\Java\jre1.8.0_201\lib\ext\nashorn.jar;C:\Program Files\Java\jre1.8.0_201\lib\ext\sunec.jar;C:\Program Files\Java\jre1.8.0_201\lib\ext\sunjce_provider.jar;C:\Program Files\Java\jre1.8.0_201\lib\ext\sunmscapi.jar;C:\Program Files\Java\jre1.8.0_201\lib\ext\sunpkcs11.jar;C:\Program Files\Java\jre1.8.0_201\lib\ext\zipfs.jar;C:\Users\Dominique\git\New folder (3)\Ascari\target\classes;C:\Users\Dominique\.m2\repository\org\springframework\boot\spring-boot-starter-data-jpa\2.1.3.RELEASE\spring-boot-starter-data-jpa-2.1.3.RELEASE.jar;C:\Users\Dominique\.m2\repository\org\springframework\boot\spring-boot-starter-aop\2.1.3.RELEASE\spring-boot-starter-aop-2.1.3.RELEASE.jar;C:\Users\Dominique\.m2\repository\org\springframework\spring-aop\5.1.5.RELEASE\spring-aop-5.1.5.RELEASE.jar;C:\Users\Dominique\.m2\repository\org\aspectj\aspectjweaver\1.9.2\aspectjweaver-1.9.2.jar;C:\Users\Dominique\.m2\repository\org\springframework\boot\spring-boot-starter-jdbc\2.1.3.RELEASE\spring-boot-starter-jdbc-2.1.3.RELEASE.jar;C:\Users\Dominique\.m2\repository\com\zaxxer\HikariCP\3.2.0\HikariCP-3.2.0.jar;C:\Users\Dominique\.m2\repository\org\springframework\spring-jdbc\5.1.5.RELEASE\spring-jdbc-5.1.5.RELEASE.jar;C:\Users\Dominique\.m2\repository\javax\transaction\javax.transaction-api\1.3\javax.transaction-api-1.3.jar;C:\Users\Dominiqu
Launcher Type: SUN_STANDARD

Environment Variables:
JAVA_HOME=C:\Program Files\Java\jdk1.8.0_201
PATH=C:/Program Files/Java/jre1.8.0_201/bin/server;C:/Program Files/Java/jre1.8.0_201/bin;C:/Program Files/Java/jre1.8.0_201/lib/amd64;C:\Program Files (x86)\Common Files\Oracle\Java\javapath;C:\ProgramData\Oracle\Java\javapath;C:\WINDOWS\system32;C:\WINDOWS;C:\WINDOWS\System32\Wbem;C:\WINDOWS\System32\WindowsPowerShell\v1.0\;C:\Program Files (x86)\NVIDIA Corporation\PhysX\Common;C:\WINDOWS\system32;C:\WINDOWS;C:\WINDOWS\System32\Wbem;C:\WINDOWS\System32\WindowsPowerShell\v1.0\;C:\WINDOWS\System32\OpenSSH\;C:\Program Files\NVIDIA Corporation\NVIDIA NvDLISR;C:\Program Files\swipl\bin;C:\Program Files (x86)\OpenVPN\bin;C:\Program Files (x86)\sbt\bin;C:\Program Files (x86)\Yarn\bin\;C:\Program Files\nodejs\;C:\Program Files\Git\cmd;C:\Users\Dominique\Documents\apache-maven-3.6.0\bin;C:\Users\Dominique\AppData\Local\Programs\Python\Python37-32;C:\Users\Dominique\AppData\Local\Programs\Python\Python37-32\Scripts;C:\Users\Dominique\AppData\Local\Microsoft\WindowsApps;C:\Users\Dominique\AppData\Local\Yarn\bin;C:\Users\Dominique\AppData\Roaming\npm;C:\Users\Dominique\AppData\Local\Programs\Python;;C:\Users\Dominique\Desktop\JUMP FORCE [FitGirl Repack]\eclipse;
USERNAME=Dominique
OS=Windows_NT
PROCESSOR_IDENTIFIER=Intel64 Family 6 Model 158 Stepping 9, GenuineIntel



---------------  S Y S T E M  ---------------

OS: Windows 10.0 , 64 bit Build 17134 (10.0.17134.648)

CPU:total 8 (initial active 8) (4 cores per cpu, 2 threads per core) family 6 model 158 stepping 9, cmov, cx8, fxsr, mmx, sse, sse2, sse3, ssse3, sse4.1, sse4.2, popcnt, avx, avx2, aes, clmul, erms, 3dnowpref, lzcnt, ht, tsc, tscinvbit, bmi1, bmi2, adx

Memory: 4k page, physical 16655964k(5827172k free), swap 23458812k(7717208k free)

vm_info: Java HotSpot(TM) 64-Bit Server VM (25.201-b09) for windows-amd64 JRE (1.8.0_201-b09), built on Dec 15 2018 18:36:39 by "java_re" with MS VC++ 10.0 (VS2010)

time: Sat Apr 06 17:56:27 2019
timezone: Central Daylight Time
elapsed time: 10541 seconds (0d 2h 55m 41s)

