#
# A fatal error has been detected by the Java Runtime Environment:
#
#  EXCEPTION_ACCESS_VIOLATION (0xc0000005) at pc=0x00007ffe6c02ee9d, pid=5388, tid=0x0000000000004600
#
# JRE version: Java(TM) SE Runtime Environment (8.0_201-b09) (build 1.8.0_201-b09)
# Java VM: Java HotSpot(TM) 64-Bit Server VM (25.201-b09 mixed mode windows-amd64 compressed oops)
# Problematic frame:
# C  [ntdll.dll+0x1ee9d]
#
# Failed to write core dump. Minidumps are not enabled by default on client versions of Windows
#
# If you would like to submit a bug report, please visit:
#   http://bugreport.java.com/bugreport/crash.jsp
# The crash happened outside the Java Virtual Machine in native code.
# See problematic frame for where to report the bug.
#

---------------  T H R E A D  ---------------

Current thread (0x0000000020144800):  JavaThread "Secondary finalizer" [_thread_in_native, id=17920, stack(0x000000002a950000,0x000000002aa50000)]

siginfo: ExceptionCode=0xc0000005, reading address 0xffffffffffffffff

Registers:
RAX=0x0000000000a30000, RBX=0x0000000028116648, RCX=0x5f676e7579207374, RDX=0x000000002aa4f0f0
RSP=0x000000002aa4efc0, RBP=0x000000002aa4f0c0, RSI=0x00000000280abc70, RDI=0x0000000002ec835d
R8 =0x0000000028116648, R9 =0x000000001fb5d600, R10=0x0000000002ed97af, R11=0x000000007323cd40
R12=0x0000000000000000, R13=0x0000000026ddd080, R14=0x000000002aa4f0f0, R15=0x0000000020144800
RIP=0x00007ffe6c02ee9d, EFLAGS=0x0000000000010206

Top of Stack: (sp=0x000000002aa4efc0)
0x000000002aa4efc0:   0000000020144800 0000000020144800
0x000000002aa4efd0:   000000002aa4f070 000000007324ecca
0x000000002aa4efe0:   0000000026535028 000000006cdfa0d4
0x000000002aa4eff0:   000000001bfd3c48 00007ffe6b2598bc
0x000000002aa4f000:   0000000026cf7b70 00000000730c7f71
0x000000002aa4f010:   000000002aa4f678 0000000026ddd080
0x000000002aa4f020:   000000001bfd3c48 0000000002ed97db
0x000000002aa4f030:   0000000002ec835d 0000000002ed9542
0x000000002aa4f040:   0000000020144800 0000000026ddd080
0x000000002aa4f050:   0000000000000000 00000000279cc988
0x000000002aa4f060:   0000000000000002 0000000002ed950a
0x000000002aa4f070:   0000000000000003 00000006c308f380
0x000000002aa4f080:   000000002aa4f070 0000000026ddd080
0x000000002aa4f090:   000000002aa4f0f0 0000000026e0e798
0x000000002aa4f0a0:   0000000000000000 0000000026ddd080
0x000000002aa4f0b0:   0000000000000000 000000002aa4f0e0 

Instructions: (pc=0x00007ffe6c02ee9d)
0x00007ffe6c02ee7d:   5e c3 f0 ff 43 38 eb c8 cc cc cc cc cc cc cc cc
0x00007ffe6c02ee8d:   cc cc cc 48 83 ec 28 65 48 8b 04 25 30 00 00 00
0x00007ffe6c02ee9d:   f0 0f ba 71 08 00 48 8b 40 48 73 12 48 89 41 10
0x00007ffe6c02eead:   33 c0 c7 41 0c 01 00 00 00 48 83 c4 28 c3 48 39 


Register to memory mapping:

RAX=0x0000000000a30000 is an unknown value
RBX=0x0000000028116648 is an unknown value
RCX=0x5f676e7579207374 is an unknown value
RDX=0x000000002aa4f0f0 is pointing into the stack for thread: 0x0000000020144800
RSP=0x000000002aa4efc0 is pointing into the stack for thread: 0x0000000020144800
RBP=0x000000002aa4f0c0 is pointing into the stack for thread: 0x0000000020144800
RSI=0x00000000280abc70 is an unknown value
RDI=0x0000000002ec835d is at code_begin+2301 in an Interpreter codelet
invoke return entry points  [0x0000000002ec7a60, 0x0000000002ec8440]  2528 bytes
R8 =0x0000000028116648 is an unknown value
R9 =0x000000001fb5d600 is an unknown value
R10=0x0000000002ed97af is at code_begin+1295 in an Interpreter codelet
method entry point (kind = native_synchronized)  [0x0000000002ed92a0, 0x0000000002ed9e00]  2912 bytes
R11=0x000000007323cd40 is an unknown value
R12=0x0000000000000000 is an unknown value
R13={method} {0x0000000026ddd088} 'reset' '(J)I' in 'org/sqlite/core/NativeDB'
R14=0x000000002aa4f0f0 is pointing into the stack for thread: 0x0000000020144800
R15=0x0000000020144800 is a thread


Stack: [0x000000002a950000,0x000000002aa50000],  sp=0x000000002aa4efc0,  free space=1019k
Native frames: (J=compiled Java code, j=interpreted, Vv=VM code, C=native code)
C  [ntdll.dll+0x1ee9d]
C  [sqlite-3.16.1-47b92ebb-e190-4eb4-b2d2-6ab279f4c3dd-sqlitejdbc.dll+0x7a0d4]
C  0x0000000002ed97db

Java frames: (J=compiled Java code, j=interpreted, Vv=VM code)
j  org.sqlite.core.NativeDB.reset(J)I+0
j  org.sqlite.core.CoreResultSet.close()V+81
j  org.sqlite.jdbc4.JDBC4ResultSet.close()V+6
j  org.sqlite.core.CoreStatement.internalClose()V+34
j  org.sqlite.jdbc3.JDBC3Statement.close()V+33
j  org.sqlite.jdbc4.JDBC4Statement.close()V+1
j  org.sqlite.jdbc3.JDBC3Statement.finalize()V+1
J 3133 C2 java.lang.ref.Finalizer.access$100(Ljava/lang/ref/Finalizer;Lsun/misc/JavaLangAccess;)V (6 bytes) @ 0x00000000039cc714 [0x00000000039cc540+0x1d4]
j  java.lang.ref.Finalizer$2.run()V+36
j  java.lang.Thread.run()V+11
v  ~StubRoutines::call_stub

---------------  P R O C E S S  ---------------

Java Threads: ( => current thread )
=>0x0000000020144800 JavaThread "Secondary finalizer" [_thread_in_native, id=17920, stack(0x000000002a950000,0x000000002aa50000)]
  0x000000002014a000 JavaThread "Thread-5" [_thread_blocked, id=17928, stack(0x000000002a650000,0x000000002a750000)]
  0x000000002014d800 JavaThread "DestroyJavaVM" [_thread_blocked, id=1884, stack(0x0000000002c10000,0x0000000002d10000)]
  0x0000000026083800 JavaThread "Live Reload Server" daemon [_thread_in_native, id=11288, stack(0x0000000027f40000,0x0000000028040000)]
  0x0000000026080800 JavaThread "mysql-cj-abandoned-connection-cleanup" daemon [_thread_blocked, id=6996, stack(0x0000000026f20000,0x0000000027020000)]
  0x000000001e893000 JavaThread "Service Thread" daemon [_thread_blocked, id=16784, stack(0x000000001f3b0000,0x000000001f4b0000)]
  0x000000001e807800 JavaThread "C1 CompilerThread3" daemon [_thread_blocked, id=8652, stack(0x000000001f2b0000,0x000000001f3b0000)]
  0x000000001e7f8800 JavaThread "C2 CompilerThread2" daemon [_thread_blocked, id=4436, stack(0x000000001f1b0000,0x000000001f2b0000)]
  0x000000001e7f8000 JavaThread "C2 CompilerThread1" daemon [_thread_blocked, id=17536, stack(0x000000001f0b0000,0x000000001f1b0000)]
  0x000000001e7f1800 JavaThread "C2 CompilerThread0" daemon [_thread_blocked, id=2852, stack(0x000000001efb0000,0x000000001f0b0000)]
  0x000000001e7ef000 JavaThread "Attach Listener" daemon [_thread_blocked, id=2084, stack(0x000000001eeb0000,0x000000001efb0000)]
  0x000000001e7ee000 JavaThread "Signal Dispatcher" daemon [_thread_blocked, id=5980, stack(0x000000001edb0000,0x000000001eeb0000)]
  0x0000000002ebd800 JavaThread "Finalizer" daemon [_thread_blocked, id=2508, stack(0x000000001ebc0000,0x000000001ecc0000)]
  0x0000000002ebc000 JavaThread "Reference Handler" daemon [_thread_blocked, id=3924, stack(0x000000001e6c0000,0x000000001e7c0000)]

Other Threads:
  0x000000001c8da000 VMThread [stack: 0x000000001e5c0000,0x000000001e6c0000] [id=2160]
  0x000000001e8d8000 WatcherThread [stack: 0x000000001f4b0000,0x000000001f5b0000] [id=13108]

VM state:not at safepoint (normal execution)

VM Mutex/Monitor currently owned by a thread: None

heap address: 0x00000006c1c00000, size: 4068 MB, Compressed Oops mode: Zero based, Oop shift amount: 3
Narrow klass base: 0x0000000000000000, Narrow klass shift: 3
Compressed class space size: 1073741824 Address: 0x00000007c0000000

Heap:
 PSYoungGen      total 208896K, used 5523K [0x000000076b400000, 0x0000000779300000, 0x00000007c0000000)
  eden space 190464K, 2% used [0x000000076b400000,0x000000076b964e60,0x0000000776e00000)
  from space 18432K, 0% used [0x0000000778100000,0x0000000778100000,0x0000000779300000)
  to   space 18944K, 0% used [0x0000000776e00000,0x0000000776e00000,0x0000000778080000)
 ParOldGen       total 172544K, used 21701K [0x00000006c1c00000, 0x00000006cc480000, 0x000000076b400000)
  object space 172544K, 12% used [0x00000006c1c00000,0x00000006c3131530,0x00000006cc480000)
 Metaspace       used 50312K, capacity 52396K, committed 52608K, reserved 1095680K
  class space    used 6800K, capacity 7186K, committed 7296K, reserved 1048576K

Card table byte_map: [0x0000000012280000,0x0000000012a80000] byte_map_base: 0x000000000ec72000

Marking Bits: (ParMarkBitMap*) 0x0000000073834ce0
 Begin Bits: [0x00000000137d0000, 0x0000000017760000)
 End Bits:   [0x0000000017760000, 0x000000001b6f0000)

Polling page: 0x0000000000d50000

CodeCache: size=245760Kb used=13454Kb max_used=15455Kb free=232305Kb
 bounds [0x0000000002ec0000, 0x0000000003e20000, 0x0000000011ec0000]
 total_blobs=4184 nmethods=3703 adapters=392
 compilation: enabled

Compilation events (10 events):
Event: 78.464 Thread 0x000000001e7f8000 nmethod 4409 0x00000000036d6f90 code [0x00000000036d70e0, 0x00000000036d7168]
Event: 78.464 Thread 0x000000001e807800 4408   !   3       java.lang.ref.Reference::tryHandlePending (115 bytes)
Event: 78.464 Thread 0x000000001e7f1800 4411       4       java.security.CodeSource::equals (60 bytes)
Event: 78.465 Thread 0x000000001e807800 nmethod 4408 0x000000000366b7d0 code [0x000000000366ba00, 0x000000000366c6a8]
Event: 78.465 Thread 0x000000001e807800 4406   !   3       java.util.concurrent.locks.AbstractQueuedSynchronizer::acquireQueued (93 bytes)
Event: 78.466 Thread 0x000000001e807800 nmethod 4406 0x00000000032bdcd0 code [0x00000000032bdf00, 0x00000000032bea38]
Event: 78.466 Thread 0x000000001e807800 4407       1       org.springframework.util.ConcurrentReferenceHashMap::access$600 (5 bytes)
Event: 78.466 Thread 0x000000001e7f1800 nmethod 4411 0x00000000033b0210 code [0x00000000033b0380, 0x00000000033b0568]
Event: 78.466 Thread 0x000000001e807800 nmethod 4407 0x0000000003263f50 code [0x00000000032640a0, 0x0000000003264190]
Event: 78.466 Thread 0x000000001e807800 4405       1       org.apache.catalina.LifecycleState::isAvailable (5 bytes)

GC Heap History (10 events):
Event: 3.452 GC heap before
{Heap before GC invocations=7 (full 1):
 PSYoungGen      total 134656K, used 115905K [0x000000076b400000, 0x0000000775680000, 0x00000007c0000000)
  eden space 123904K, 84% used [0x000000076b400000,0x0000000771ab4dd0,0x0000000772d00000)
  from space 10752K, 99% used [0x0000000772d00000,0x000000077377b708,0x0000000773780000)
  to   space 14336K, 0% used [0x0000000774880000,0x0000000774880000,0x0000000775680000)
 ParOldGen       total 108544K, used 10006K [0x00000006c1c00000, 0x00000006c8600000, 0x000000076b400000)
  object space 108544K, 9% used [0x00000006c1c00000,0x00000006c25c5838,0x00000006c8600000)
 Metaspace       used 33989K, capacity 35408K, committed 35456K, reserved 1079296K
  class space    used 4437K, capacity 4724K, committed 4736K, reserved 1048576K
Event: 3.465 GC heap after
Heap after GC invocations=7 (full 1):
 PSYoungGen      total 148992K, used 14331K [0x000000076b400000, 0x0000000778380000, 0x00000007c0000000)
  eden space 134656K, 0% used [0x000000076b400000,0x000000076b400000,0x0000000773780000)
  from space 14336K, 99% used [0x0000000774880000,0x000000077567eca0,0x0000000775680000)
  to   space 17408K, 0% used [0x0000000773780000,0x0000000773780000,0x0000000774880000)
 ParOldGen       total 108544K, used 10463K [0x00000006c1c00000, 0x00000006c8600000, 0x000000076b400000)
  object space 108544K, 9% used [0x00000006c1c00000,0x00000006c2637c48,0x00000006c8600000)
 Metaspace       used 33989K, capacity 35408K, committed 35456K, reserved 1079296K
  class space    used 4437K, capacity 4724K, committed 4736K, reserved 1048576K
}
Event: 3.465 GC heap before
{Heap before GC invocations=8 (full 2):
 PSYoungGen      total 148992K, used 14331K [0x000000076b400000, 0x0000000778380000, 0x00000007c0000000)
  eden space 134656K, 0% used [0x000000076b400000,0x000000076b400000,0x0000000773780000)
  from space 14336K, 99% used [0x0000000774880000,0x000000077567eca0,0x0000000775680000)
  to   space 17408K, 0% used [0x0000000773780000,0x0000000773780000,0x0000000774880000)
 ParOldGen       total 108544K, used 10463K [0x00000006c1c00000, 0x00000006c8600000, 0x000000076b400000)
  object space 108544K, 9% used [0x00000006c1c00000,0x00000006c2637c48,0x00000006c8600000)
 Metaspace       used 33989K, capacity 35408K, committed 35456K, reserved 1079296K
  class space    used 4437K, capacity 4724K, committed 4736K, reserved 1048576K
Event: 3.509 GC heap after
Heap after GC invocations=8 (full 2):
 PSYoungGen      total 148992K, used 0K [0x000000076b400000, 0x0000000778380000, 0x00000007c0000000)
  eden space 134656K, 0% used [0x000000076b400000,0x000000076b400000,0x0000000773780000)
  from space 14336K, 0% used [0x0000000774880000,0x0000000774880000,0x0000000775680000)
  to   space 17408K, 0% used [0x0000000773780000,0x0000000773780000,0x0000000774880000)
 ParOldGen       total 172544K, used 19331K [0x00000006c1c00000, 0x00000006cc480000, 0x000000076b400000)
  object space 172544K, 11% used [0x00000006c1c00000,0x00000006c2ee0f90,0x00000006cc480000)
 Metaspace       used 33989K, capacity 35408K, committed 35456K, reserved 1079296K
  class space    used 4437K, capacity 4724K, committed 4736K, reserved 1048576K
}
Event: 5.436 GC heap before
{Heap before GC invocations=9 (full 2):
 PSYoungGen      total 148992K, used 134656K [0x000000076b400000, 0x0000000778380000, 0x00000007c0000000)
  eden space 134656K, 100% used [0x000000076b400000,0x0000000773780000,0x0000000773780000)
  from space 14336K, 0% used [0x0000000774880000,0x0000000774880000,0x0000000775680000)
  to   space 17408K, 0% used [0x0000000773780000,0x0000000773780000,0x0000000774880000)
 ParOldGen       total 172544K, used 19331K [0x00000006c1c00000, 0x00000006cc480000, 0x000000076b400000)
  object space 172544K, 11% used [0x00000006c1c00000,0x00000006c2ee0f90,0x00000006cc480000)
 Metaspace       used 47113K, capacity 49074K, committed 49280K, reserved 1091584K
  class space    used 6394K, capacity 6776K, committed 6784K, reserved 1048576K
Event: 5.451 GC heap after
Heap after GC invocations=9 (full 2):
 PSYoungGen      total 152064K, used 15500K [0x000000076b400000, 0x0000000779400000, 0x00000007c0000000)
  eden space 134656K, 0% used [0x000000076b400000,0x000000076b400000,0x0000000773780000)
  from space 17408K, 89% used [0x0000000773780000,0x00000007746a3198,0x0000000774880000)
  to   space 19456K, 0% used [0x0000000778100000,0x0000000778100000,0x0000000779400000)
 ParOldGen       total 172544K, used 19339K [0x00000006c1c00000, 0x00000006cc480000, 0x000000076b400000)
  object space 172544K, 11% used [0x00000006c1c00000,0x00000006c2ee2f90,0x00000006cc480000)
 Metaspace       used 47113K, capacity 49074K, committed 49280K, reserved 1091584K
  class space    used 6394K, capacity 6776K, committed 6784K, reserved 1048576K
}
Event: 78.343 GC heap before
{Heap before GC invocations=10 (full 2):
 PSYoungGen      total 152064K, used 69623K [0x000000076b400000, 0x0000000779400000, 0x00000007c0000000)
  eden space 134656K, 40% used [0x000000076b400000,0x000000076e8dad08,0x0000000773780000)
  from space 17408K, 89% used [0x0000000773780000,0x00000007746a3198,0x0000000774880000)
  to   space 19456K, 0% used [0x0000000778100000,0x0000000778100000,0x0000000779400000)
 ParOldGen       total 172544K, used 19339K [0x00000006c1c00000, 0x00000006cc480000, 0x000000076b400000)
  object space 172544K, 11% used [0x00000006c1c00000,0x00000006c2ee2f90,0x00000006cc480000)
 Metaspace       used 50308K, capacity 52396K, committed 52608K, reserved 1095680K
  class space    used 6798K, capacity 7186K, committed 7296K, reserved 1048576K
Event: 78.356 GC heap after
Heap after GC invocations=10 (full 2):
 PSYoungGen      total 208896K, used 7895K [0x000000076b400000, 0x0000000779300000, 0x00000007c0000000)
  eden space 190464K, 0% used [0x000000076b400000,0x000000076b400000,0x0000000776e00000)
  from space 18432K, 42% used [0x0000000778100000,0x00000007788b5c70,0x0000000779300000)
  to   space 18944K, 0% used [0x0000000776e00000,0x0000000776e00000,0x0000000778080000)
 ParOldGen       total 172544K, used 19347K [0x00000006c1c00000, 0x00000006cc480000, 0x000000076b400000)
  object space 172544K, 11% used [0x00000006c1c00000,0x00000006c2ee4f90,0x00000006cc480000)
 Metaspace       used 50308K, capacity 52396K, committed 52608K, reserved 1095680K
  class space    used 6798K, capacity 7186K, committed 7296K, reserved 1048576K
}
Event: 78.356 GC heap before
{Heap before GC invocations=11 (full 3):
 PSYoungGen      total 208896K, used 7895K [0x000000076b400000, 0x0000000779300000, 0x00000007c0000000)
  eden space 190464K, 0% used [0x000000076b400000,0x000000076b400000,0x0000000776e00000)
  from space 18432K, 42% used [0x0000000778100000,0x00000007788b5c70,0x0000000779300000)
  to   space 18944K, 0% used [0x0000000776e00000,0x0000000776e00000,0x0000000778080000)
 ParOldGen       total 172544K, used 19347K [0x00000006c1c00000, 0x00000006cc480000, 0x000000076b400000)
  object space 172544K, 11% used [0x00000006c1c00000,0x00000006c2ee4f90,0x00000006cc480000)
 Metaspace       used 50308K, capacity 52396K, committed 52608K, reserved 1095680K
  class space    used 6798K, capacity 7186K, committed 7296K, reserved 1048576K
Event: 78.462 GC heap after
Heap after GC invocations=11 (full 3):
 PSYoungGen      total 208896K, used 0K [0x000000076b400000, 0x0000000779300000, 0x00000007c0000000)
  eden space 190464K, 0% used [0x000000076b400000,0x000000076b400000,0x0000000776e00000)
  from space 18432K, 0% used [0x0000000778100000,0x0000000778100000,0x0000000779300000)
  to   space 18944K, 0% used [0x0000000776e00000,0x0000000776e00000,0x0000000778080000)
 ParOldGen       total 172544K, used 21701K [0x00000006c1c00000, 0x00000006cc480000, 0x000000076b400000)
  object space 172544K, 12% used [0x00000006c1c00000,0x00000006c3131530,0x00000006cc480000)
 Metaspace       used 50308K, capacity 52396K, committed 52608K, reserved 1095680K
  class space    used 6798K, capacity 7186K, committed 7296K, reserved 1048576K
}

Deoptimization events (10 events):
Event: 8.251 Thread 0x0000000020142000 Uncommon trap: reason=unstable_if action=reinterpret pc=0x0000000003ac4db0 method=java.util.Properties.load0(Ljava/util/Properties$LineReader;)V @ 80
Event: 8.251 Thread 0x0000000020142000 Uncommon trap: reason=unstable_if action=reinterpret pc=0x0000000003a053a0 method=java.util.Properties.load0(Ljava/util/Properties$LineReader;)V @ 80
Event: 34.226 Thread 0x0000000020141800 Uncommon trap: reason=unstable_if action=reinterpret pc=0x00000000035896ac method=java.io.WinNTFileSystem.isLetter(C)Z @ 3
Event: 45.242 Thread 0x0000000020140000 Uncommon trap: reason=bimorphic action=maybe_recompile pc=0x00000000032deca4 method=java.util.concurrent.ConcurrentHashMap.putVal(Ljava/lang/Object;Ljava/lang/Object;Z)Ljava/lang/Object; @ 192
Event: 45.242 Thread 0x0000000020140000 Uncommon trap: reason=bimorphic action=maybe_recompile pc=0x00000000032deca4 method=java.util.concurrent.ConcurrentHashMap.putVal(Ljava/lang/Object;Ljava/lang/Object;Z)Ljava/lang/Object; @ 192
Event: 45.242 Thread 0x0000000020140000 Uncommon trap: reason=bimorphic action=maybe_recompile pc=0x00000000032deca4 method=java.util.concurrent.ConcurrentHashMap.putVal(Ljava/lang/Object;Ljava/lang/Object;Z)Ljava/lang/Object; @ 192
Event: 45.242 Thread 0x0000000020140000 Uncommon trap: reason=bimorphic action=maybe_recompile pc=0x00000000032deca4 method=java.util.concurrent.ConcurrentHashMap.putVal(Ljava/lang/Object;Ljava/lang/Object;Z)Ljava/lang/Object; @ 192
Event: 77.677 Thread 0x0000000026082000 Uncommon trap: reason=unstable_if action=reinterpret pc=0x0000000003006038 method=java.util.AbstractCollection.containsAll(Ljava/util/Collection;)Z @ 28
Event: 78.096 Thread 0x0000000026082000 Uncommon trap: reason=unstable_if action=reinterpret pc=0x000000000332ab2c method=org.springframework.boot.devtools.filewatch.FileSnapshot.equals(Ljava/lang/Object;)Z @ 93
Event: 78.462 Thread 0x0000000002ebc000 Uncommon trap: reason=unstable_if action=reinterpret pc=0x000000000359f5f0 method=java.lang.ref.Reference.tryHandlePending(Z)Z @ 20

Classes redefined (0 events):
No events

Internal exceptions (10 events):
Event: 4.751 Thread 0x000000001fdae000 Exception <a 'java/lang/ClassNotFoundException': org/springframework/boot/autoconfigure/web/servlet/WebMvcAutoConfiguration$EnableWebMvcConfiguration$$EnhancerBySpringCGLIB$$ce938621Customizer> (0x0000000770a16398) thrown at [C:\re\workspace\8-2-build-win
Event: 4.754 Thread 0x000000001fdae000 Exception <a 'java/lang/ClassNotFoundException': org/springframework/context/annotation/ConfigurationClassEnhancer$EnhancedConfigurationCustomizer> (0x0000000770a561b8) thrown at [C:\re\workspace\8-2-build-windows-amd64-cygwin\jdk8u201\12322\hotspot\src\s
Event: 4.755 Thread 0x000000001fdae000 Exception <a 'java/lang/ClassNotFoundException': org/springframework/beans/factory/BeanFactoryAwareCustomizer> (0x0000000770a6ae98) thrown at [C:\re\workspace\8-2-build-windows-amd64-cygwin\jdk8u201\12322\hotspot\src\share\vm\classfile\systemDictionary.cp
Event: 4.756 Thread 0x000000001fdae000 Exception <a 'java/lang/ClassNotFoundException': org/springframework/beans/factory/AwareCustomizer> (0x0000000770a7e5f8) thrown at [C:\re\workspace\8-2-build-windows-amd64-cygwin\jdk8u201\12322\hotspot\src\share\vm\classfile\systemDictionary.cpp, line 210
Event: 4.756 Thread 0x000000001fdae000 Exception <a 'java/lang/ClassNotFoundException': org/springframework/context/ApplicationContextAwareCustomizer> (0x0000000770a93610) thrown at [C:\re\workspace\8-2-build-windows-amd64-cygwin\jdk8u201\12322\hotspot\src\share\vm\classfile\systemDictionary.c
Event: 4.757 Thread 0x000000001fdae000 Exception <a 'java/lang/ClassNotFoundException': org/springframework/beans/factory/AwareCustomizer> (0x0000000770aa6d48) thrown at [C:\re\workspace\8-2-build-windows-amd64-cygwin\jdk8u201\12322\hotspot\src\share\vm\classfile\systemDictionary.cpp, line 210
Event: 4.758 Thread 0x000000001fdae000 Exception <a 'java/lang/ClassNotFoundException': org/springframework/web/context/ServletContextAwareCustomizer> (0x0000000770abbcf0) thrown at [C:\re\workspace\8-2-build-windows-amd64-cygwin\jdk8u201\12322\hotspot\src\share\vm\classfile\systemDictionary.c
Event: 4.758 Thread 0x000000001fdae000 Exception <a 'java/lang/ClassNotFoundException': org/springframework/beans/factory/AwareCustomizer> (0x0000000770acee98) thrown at [C:\re\workspace\8-2-build-windows-amd64-cygwin\jdk8u201\12322\hotspot\src\share\vm\classfile\systemDictionary.cpp, line 210
Event: 8.019 Thread 0x0000000020142000 Implicit null exception at 0x0000000003605355 to 0x00000000036077b1
Event: 78.342 Thread 0x0000000026087800 Exception <a 'java/lang/InterruptedException': sleep interrupted> (0x000000076e7fa670) thrown at [C:\re\workspace\8-2-build-windows-amd64-cygwin\jdk8u201\12322\hotspot\src\share\vm\prims\jvm.cpp, line 3340]

Events (10 events):
Event: 78.464 Executing VM operation: RevokeBias done
Event: 78.464 Executing VM operation: RevokeBias
Event: 78.464 Executing VM operation: RevokeBias done
Event: 78.465 Thread 0x000000001e807800 flushing nmethod 0x0000000003115d10
Event: 78.465 Executing VM operation: RevokeBias
Event: 78.465 Executing VM operation: RevokeBias done
Event: 78.465 Executing VM operation: RevokeBias
Event: 78.466 Executing VM operation: RevokeBias done
Event: 78.466 Executing VM operation: RevokeBias
Event: 78.466 Executing VM operation: RevokeBias done


Dynamic libraries:
0x00007ff777dc0000 - 0x00007ff777df7000 	C:\Program Files\Java\jre1.8.0_201\bin\javaw.exe
0x00007ffe6c010000 - 0x00007ffe6c1f1000 	C:\WINDOWS\SYSTEM32\ntdll.dll
0x00007ffe6a920000 - 0x00007ffe6a9d2000 	C:\WINDOWS\System32\KERNEL32.DLL
0x00007ffe683e0000 - 0x00007ffe68653000 	C:\WINDOWS\System32\KERNELBASE.dll
0x00007ffe6bf30000 - 0x00007ffe6bfd1000 	C:\WINDOWS\System32\ADVAPI32.dll
0x00007ffe6b240000 - 0x00007ffe6b2de000 	C:\WINDOWS\System32\msvcrt.dll
0x00007ffe6b2e0000 - 0x00007ffe6b33b000 	C:\WINDOWS\System32\sechost.dll
0x00007ffe6b770000 - 0x00007ffe6b894000 	C:\WINDOWS\System32\RPCRT4.dll
0x00007ffe6ba30000 - 0x00007ffe6bbc0000 	C:\WINDOWS\System32\USER32.dll
0x00007ffe68830000 - 0x00007ffe68850000 	C:\WINDOWS\System32\win32u.dll
0x00007ffe6b3a0000 - 0x00007ffe6b3c8000 	C:\WINDOWS\System32\GDI32.dll
0x00007ffe68f60000 - 0x00007ffe690f2000 	C:\WINDOWS\System32\gdi32full.dll
0x00007ffe68660000 - 0x00007ffe686ff000 	C:\WINDOWS\System32\msvcp_win.dll
0x00007ffe693a0000 - 0x00007ffe69498000 	C:\WINDOWS\System32\ucrtbase.dll
0x00007ffe57530000 - 0x00007ffe57799000 	C:\WINDOWS\WinSxS\amd64_microsoft.windows.common-controls_6595b64144ccf1df_6.0.17134.648_none_fb45a0e93062a6d2\COMCTL32.dll
0x00007ffe6a9e0000 - 0x00007ffe6ad02000 	C:\WINDOWS\System32\combase.dll
0x00007ffe68700000 - 0x00007ffe6877a000 	C:\WINDOWS\System32\bcryptPrimitives.dll
0x00007ffe694a0000 - 0x00007ffe694cd000 	C:\WINDOWS\System32\IMM32.DLL
0x0000000072e50000 - 0x0000000072f21000 	C:\Program Files\Java\jre1.8.0_201\bin\msvcr100.dll
0x0000000073010000 - 0x00000000738b4000 	C:\Program Files\Java\jre1.8.0_201\bin\server\jvm.dll
0x00007ffe6bcb0000 - 0x00007ffe6bcb8000 	C:\WINDOWS\System32\PSAPI.DLL
0x00007ffe64060000 - 0x00007ffe64083000 	C:\WINDOWS\SYSTEM32\WINMM.dll
0x00007ffe463c0000 - 0x00007ffe463c9000 	C:\WINDOWS\SYSTEM32\WSOCK32.dll
0x00007ffe60b60000 - 0x00007ffe60b6a000 	C:\WINDOWS\SYSTEM32\VERSION.dll
0x00007ffe6bc40000 - 0x00007ffe6bcac000 	C:\WINDOWS\System32\WS2_32.dll
0x00007ffe63f80000 - 0x00007ffe63faa000 	C:\WINDOWS\SYSTEM32\WINMMBASE.dll
0x00007ffe69100000 - 0x00007ffe69149000 	C:\WINDOWS\System32\cfgmgr32.dll
0x00007ffe46390000 - 0x00007ffe4639f000 	C:\Program Files\Java\jre1.8.0_201\bin\verify.dll
0x00007ffe29280000 - 0x00007ffe292a9000 	C:\Program Files\Java\jre1.8.0_201\bin\java.dll
0x00007ffe29260000 - 0x00007ffe29276000 	C:\Program Files\Java\jre1.8.0_201\bin\zip.dll
0x00007ffe694e0000 - 0x00007ffe6a920000 	C:\WINDOWS\System32\SHELL32.dll
0x00007ffe6b8a0000 - 0x00007ffe6b949000 	C:\WINDOWS\System32\shcore.dll
0x00007ffe68850000 - 0x00007ffe68f5d000 	C:\WINDOWS\System32\windows.storage.dll
0x00007ffe6bbc0000 - 0x00007ffe6bc11000 	C:\WINDOWS\System32\shlwapi.dll
0x00007ffe683c0000 - 0x00007ffe683d1000 	C:\WINDOWS\System32\kernel.appcore.dll
0x00007ffe68320000 - 0x00007ffe6833f000 	C:\WINDOWS\System32\profapi.dll
0x00007ffe68350000 - 0x00007ffe6839c000 	C:\WINDOWS\System32\powrprof.dll
0x00007ffe68340000 - 0x00007ffe6834a000 	C:\WINDOWS\System32\FLTLIB.DLL
0x00007ffe63dc0000 - 0x00007ffe63dcd000 	C:\Program Files\Java\jre1.8.0_201\bin\management.dll
0x00007ffe29240000 - 0x00007ffe2925a000 	C:\Program Files\Java\jre1.8.0_201\bin\net.dll
0x00007ffe59800000 - 0x00007ffe599c8000 	C:\WINDOWS\SYSTEM32\urlmon.dll
0x00007ffe59b80000 - 0x00007ffe59e25000 	C:\WINDOWS\SYSTEM32\iertutil.dll
0x00007ffe67d70000 - 0x00007ffe67d7b000 	C:\WINDOWS\SYSTEM32\CRYPTBASE.DLL
0x00007ffe67ba0000 - 0x00007ffe67c06000 	C:\WINDOWS\system32\mswsock.dll
0x00007ffe42760000 - 0x00007ffe42776000 	C:\WINDOWS\system32\napinsp.dll
0x00007ffe42740000 - 0x00007ffe4275a000 	C:\WINDOWS\system32\pnrpnsp.dll
0x00007ffe65bc0000 - 0x00007ffe65bd9000 	C:\WINDOWS\system32\NLAapi.dll
0x00007ffe67960000 - 0x00007ffe67a1e000 	C:\WINDOWS\SYSTEM32\DNSAPI.dll
0x00007ffe694d0000 - 0x00007ffe694d8000 	C:\WINDOWS\System32\NSI.dll
0x00007ffe67920000 - 0x00007ffe67958000 	C:\WINDOWS\SYSTEM32\IPHLPAPI.DLL
0x00007ffe42730000 - 0x00007ffe4273e000 	C:\WINDOWS\System32\winrnr.dll
0x00007ffe62080000 - 0x00007ffe62095000 	C:\WINDOWS\System32\wshbth.dll
0x00007ffe5bd40000 - 0x00007ffe5bd4a000 	C:\Windows\System32\rasadhlp.dll
0x00007ffe5f550000 - 0x00007ffe5f5c2000 	C:\WINDOWS\System32\fwpuclnt.dll
0x00007ffe67e80000 - 0x00007ffe67ea5000 	C:\WINDOWS\SYSTEM32\bcrypt.dll
0x00007ffe29220000 - 0x00007ffe29231000 	C:\Program Files\Java\jre1.8.0_201\bin\nio.dll
0x00007ffe67d50000 - 0x00007ffe67d67000 	C:\WINDOWS\SYSTEM32\CRYPTSP.dll
0x00007ffe67780000 - 0x00007ffe677b3000 	C:\WINDOWS\system32\rsaenh.dll
0x00007ffe68220000 - 0x00007ffe68248000 	C:\WINDOWS\SYSTEM32\USERENV.dll
0x00007ffe61f70000 - 0x00007ffe61f86000 	C:\WINDOWS\SYSTEM32\dhcpcsvc6.DLL
0x00007ffe61000000 - 0x00007ffe6101a000 	C:\WINDOWS\SYSTEM32\dhcpcsvc.DLL
0x000000006cd80000 - 0x000000006ce70000 	C:\Users\Dominique\AppData\Local\Temp\sqlite-3.16.1-47b92ebb-e190-4eb4-b2d2-6ab279f4c3dd-sqlitejdbc.dll
0x00007ffe4fa60000 - 0x00007ffe4fc29000 	C:\WINDOWS\SYSTEM32\dbghelp.dll

VM Arguments:
jvm_args: -Dfile.encoding=UTF-8 
java_command: Ascari.one.AscariCab.AscariCabApplication
java_class_path (initial): C:\Program Files\Java\jre1.8.0_201\lib\resources.jar;C:\Program Files\Java\jre1.8.0_201\lib\rt.jar;C:\Program Files\Java\jre1.8.0_201\lib\jsse.jar;C:\Program Files\Java\jre1.8.0_201\lib\jce.jar;C:\Program Files\Java\jre1.8.0_201\lib\charsets.jar;C:\Program Files\Java\jre1.8.0_201\lib\jfr.jar;C:\Program Files\Java\jre1.8.0_201\lib\ext\access-bridge-64.jar;C:\Program Files\Java\jre1.8.0_201\lib\ext\cldrdata.jar;C:\Program Files\Java\jre1.8.0_201\lib\ext\dnsns.jar;C:\Program Files\Java\jre1.8.0_201\lib\ext\jaccess.jar;C:\Program Files\Java\jre1.8.0_201\lib\ext\jfxrt.jar;C:\Program Files\Java\jre1.8.0_201\lib\ext\localedata.jar;C:\Program Files\Java\jre1.8.0_201\lib\ext\nashorn.jar;C:\Program Files\Java\jre1.8.0_201\lib\ext\sunec.jar;C:\Program Files\Java\jre1.8.0_201\lib\ext\sunjce_provider.jar;C:\Program Files\Java\jre1.8.0_201\lib\ext\sunmscapi.jar;C:\Program Files\Java\jre1.8.0_201\lib\ext\sunpkcs11.jar;C:\Program Files\Java\jre1.8.0_201\lib\ext\zipfs.jar;C:\Users\Dominique\git\New folder (3)\Ascari\target\classes;C:\Users\Dominique\.m2\repository\org\springframework\boot\spring-boot-starter-data-jpa\2.1.3.RELEASE\spring-boot-starter-data-jpa-2.1.3.RELEASE.jar;C:\Users\Dominique\.m2\repository\org\springframework\boot\spring-boot-starter-aop\2.1.3.RELEASE\spring-boot-starter-aop-2.1.3.RELEASE.jar;C:\Users\Dominique\.m2\repository\org\springframework\spring-aop\5.1.5.RELEASE\spring-aop-5.1.5.RELEASE.jar;C:\Users\Dominique\.m2\repository\org\aspectj\aspectjweaver\1.9.2\aspectjweaver-1.9.2.jar;C:\Users\Dominique\.m2\repository\org\springframework\boot\spring-boot-starter-jdbc\2.1.3.RELEASE\spring-boot-starter-jdbc-2.1.3.RELEASE.jar;C:\Users\Dominique\.m2\repository\com\zaxxer\HikariCP\3.2.0\HikariCP-3.2.0.jar;C:\Users\Dominique\.m2\repository\org\springframework\spring-jdbc\5.1.5.RELEASE\spring-jdbc-5.1.5.RELEASE.jar;C:\Users\Dominique\.m2\repository\javax\transaction\javax.transaction-api\1.3\javax.transaction-api-1.3.jar;C:\Users\Dominiqu
Launcher Type: SUN_STANDARD

Environment Variables:
JAVA_HOME=C:\Program Files\Java\jdk1.8.0_201
PATH=C:/Program Files/Java/jre1.8.0_201/bin/server;C:/Program Files/Java/jre1.8.0_201/bin;C:/Program Files/Java/jre1.8.0_201/lib/amd64;C:\Program Files (x86)\Common Files\Oracle\Java\javapath;C:\ProgramData\Oracle\Java\javapath;C:\WINDOWS\system32;C:\WINDOWS;C:\WINDOWS\System32\Wbem;C:\WINDOWS\System32\WindowsPowerShell\v1.0\;C:\Program Files (x86)\NVIDIA Corporation\PhysX\Common;C:\WINDOWS\system32;C:\WINDOWS;C:\WINDOWS\System32\Wbem;C:\WINDOWS\System32\WindowsPowerShell\v1.0\;C:\WINDOWS\System32\OpenSSH\;C:\Program Files\NVIDIA Corporation\NVIDIA NvDLISR;C:\Program Files\swipl\bin;C:\Program Files (x86)\OpenVPN\bin;C:\Program Files (x86)\sbt\bin;C:\Program Files (x86)\Yarn\bin\;C:\Program Files\nodejs\;C:\Program Files\Git\cmd;C:\Users\Dominique\Documents\apache-maven-3.6.0\bin;C:\Users\Dominique\AppData\Local\Microsoft\WindowsApps;C:\Users\Dominique\AppData\Local\Yarn\bin;C:\Users\Dominique\AppData\Roaming\npm;C:\Users\Dominique\Desktop\JUMP FORCE [FitGirl Repack]\eclipse;
USERNAME=Dominique
OS=Windows_NT
PROCESSOR_IDENTIFIER=Intel64 Family 6 Model 158 Stepping 9, GenuineIntel



---------------  S Y S T E M  ---------------

OS: Windows 10.0 , 64 bit Build 17134 (10.0.17134.648)

CPU:total 8 (initial active 8) (4 cores per cpu, 2 threads per core) family 6 model 158 stepping 9, cmov, cx8, fxsr, mmx, sse, sse2, sse3, ssse3, sse4.1, sse4.2, popcnt, avx, avx2, aes, clmul, erms, 3dnowpref, lzcnt, ht, tsc, tscinvbit, bmi1, bmi2, adx

Memory: 4k page, physical 16655964k(6666784k free), swap 21664404k(5769780k free)

vm_info: Java HotSpot(TM) 64-Bit Server VM (25.201-b09) for windows-amd64 JRE (1.8.0_201-b09), built on Dec 15 2018 18:36:39 by "java_re" with MS VC++ 10.0 (VS2010)

time: Mon Mar 25 14:18:49 2019
timezone: Pacific Daylight Time
elapsed time: 78 seconds (0d 0h 1m 18s)

