#
# A fatal error has been detected by the Java Runtime Environment:
#
#  EXCEPTION_ACCESS_VIOLATION (0xc0000005) at pc=0x000000006cdfa0c5, pid=10884, tid=0x0000000000001858
#
# JRE version: Java(TM) SE Runtime Environment (8.0_201-b09) (build 1.8.0_201-b09)
# Java VM: Java HotSpot(TM) 64-Bit Server VM (25.201-b09 mixed mode windows-amd64 compressed oops)
# Problematic frame:
# C  [sqlite-3.16.1-cd7a3577-a780-45ce-8fbf-1afad1f8b35f-sqlitejdbc.dll+0x7a0c5]
#
# Failed to write core dump. Minidumps are not enabled by default on client versions of Windows
#
# If you would like to submit a bug report, please visit:
#   http://bugreport.java.com/bugreport/crash.jsp
# The crash happened outside the Java Virtual Machine in native code.
# See problematic frame for where to report the bug.
#

---------------  T H R E A D  ---------------

Current thread (0x0000000024f54000):  JavaThread "Secondary finalizer" [_thread_in_native, id=6232, stack(0x000000002aef0000,0x000000002aff0000)]

siginfo: ExceptionCode=0xc0000005, reading address 0x00000000215f9a18

Registers:
RAX=0x000000006cd826d0, RBX=0x00000000286f6648, RCX=0x00000000286f6648, RDX=0x000000002afef340
RSP=0x000000002afef240, RBP=0x000000002afef310, RSI=0x00000000215f9a00, RDI=0x000000000f0d2000
R8 =0x00000000286f6648, R9 =0x00000000264c1600, R10=0x00000000033397af, R11=0x00000000595dcd40
R12=0x0000000000000000, R13=0x000000002734e2f8, R14=0x000000002afef340, R15=0x0000000024f54000
RIP=0x000000006cdfa0c5, EFLAGS=0x0000000000010206

Top of Stack: (sp=0x000000002afef240)
0x000000002afef240:   0000000000000118 0000000000000000
0x000000002afef250:   0000000020fa36b0 0000000059467f71
0x000000002afef260:   000000002afef8c8 000000002734e2f8
0x000000002afef270:   0000000000000118 00000000033397db
0x000000002afef280:   000000000f0d2000 0000000003339542
0x000000002afef290:   0000000024f54000 000000002734e2f8
0x000000002afef2a0:   000000001c5b8478 00000006c2f4b830
0x000000002afef2b0:   00000006c2f4b820 000000000333950a
0x000000002afef2c0:   0000000000000003 00000006c2fa8388
0x000000002afef2d0:   000000002afef2c0 000000002734e2f8
0x000000002afef2e0:   000000002afef340 0000000027380838
0x000000002afef2f0:   0000000000000000 000000002734e2f8
0x000000002afef300:   0000000000000000 000000002afef330
0x000000002afef310:   000000002afef388 0000000003327da0
0x000000002afef320:   0000000000000000 00000000033321d6
0x000000002afef330:   00000000286f6648 00000000286f6648 

Instructions: (pc=0x000000006cdfa0c5)
0x000000006cdfa0a5:   48 83 c4 38 c3 66 0f 1f 44 00 00 56 53 48 83 ec
0x000000006cdfa0b5:   28 48 85 c9 0f 84 b1 00 00 00 48 8b 31 48 89 cb
0x000000006cdfa0c5:   48 8b 4e 18 48 85 c9 74 06 ff 15 74 df 04 00 48
0x000000006cdfa0d5:   83 bb b0 00 00 00 00 7e 0b 48 89 da 48 89 f1 e8 


Register to memory mapping:

RAX=0x000000006cd826d0 is an unknown value
RBX=0x00000000286f6648 is an unknown value
RCX=0x00000000286f6648 is an unknown value
RDX=0x000000002afef340 is pointing into the stack for thread: 0x0000000024f54000
RSP=0x000000002afef240 is pointing into the stack for thread: 0x0000000024f54000
RBP=0x000000002afef310 is pointing into the stack for thread: 0x0000000024f54000
RSI=0x00000000215f9a00 is an unknown value
RDI=0x000000000f0d2000 is an unknown value
R8 =0x00000000286f6648 is an unknown value
R9 =0x00000000264c1600 is an unknown value
R10=0x00000000033397af is at code_begin+1295 in an Interpreter codelet
method entry point (kind = native_synchronized)  [0x00000000033392a0, 0x0000000003339e00]  2912 bytes
R11=0x00000000595dcd40 is an unknown value
R12=0x0000000000000000 is an unknown value
R13={method} {0x000000002734e300} 'reset' '(J)I' in 'org/sqlite/core/NativeDB'
R14=0x000000002afef340 is pointing into the stack for thread: 0x0000000024f54000
R15=0x0000000024f54000 is a thread


Stack: [0x000000002aef0000,0x000000002aff0000],  sp=0x000000002afef240,  free space=1020k
Native frames: (J=compiled Java code, j=interpreted, Vv=VM code, C=native code)
C  [sqlite-3.16.1-cd7a3577-a780-45ce-8fbf-1afad1f8b35f-sqlitejdbc.dll+0x7a0c5]
C  0x00000000033397db

Java frames: (J=compiled Java code, j=interpreted, Vv=VM code)
j  org.sqlite.core.NativeDB.reset(J)I+0
j  org.sqlite.core.CoreResultSet.close()V+81
j  org.sqlite.jdbc4.JDBC4ResultSet.close()V+6
j  org.sqlite.core.CoreStatement.internalClose()V+34
j  org.sqlite.jdbc3.JDBC3Statement.close()V+33
j  org.sqlite.jdbc4.JDBC4Statement.close()V+1
j  org.sqlite.jdbc3.JDBC3Statement.finalize()V+1
J 4505 C2 java.lang.ref.Finalizer.access$100(Ljava/lang/ref/Finalizer;Lsun/misc/JavaLangAccess;)V (6 bytes) @ 0x0000000003cb0e28 [0x0000000003cb0c40+0x1e8]
j  java.lang.ref.Finalizer$2.run()V+36
j  java.lang.Thread.run()V+11
v  ~StubRoutines::call_stub

---------------  P R O C E S S  ---------------

Java Threads: ( => current thread )
=>0x0000000024f54000 JavaThread "Secondary finalizer" [_thread_in_native, id=6232, stack(0x000000002aef0000,0x000000002aff0000)]
  0x0000000024f5c800 JavaThread "Thread-5" [_thread_blocked, id=25348, stack(0x000000002abf0000,0x000000002acf0000)]
  0x0000000024f5a000 JavaThread "DestroyJavaVM" [_thread_blocked, id=22956, stack(0x0000000003050000,0x0000000003150000)]
  0x000000001ec45000 JavaThread "Live Reload Server" daemon [_thread_in_native, id=15880, stack(0x0000000028520000,0x0000000028620000)]
  0x000000001ec44800 JavaThread "mysql-cj-abandoned-connection-cleanup" daemon [_thread_blocked, id=15612, stack(0x0000000027490000,0x0000000027590000)]
  0x000000001ecd2800 JavaThread "Service Thread" daemon [_thread_blocked, id=10592, stack(0x000000001f7f0000,0x000000001f8f0000)]
  0x000000001ec40000 JavaThread "C1 CompilerThread3" daemon [_thread_blocked, id=20236, stack(0x000000001f6f0000,0x000000001f7f0000)]
  0x000000001ec3a800 JavaThread "C2 CompilerThread2" daemon [_thread_blocked, id=16688, stack(0x000000001f5f0000,0x000000001f6f0000)]
  0x000000001ec34800 JavaThread "C2 CompilerThread1" daemon [_thread_blocked, id=15628, stack(0x000000001f4f0000,0x000000001f5f0000)]
  0x000000001ec32000 JavaThread "C2 CompilerThread0" daemon [_thread_blocked, id=7196, stack(0x000000001f3f0000,0x000000001f4f0000)]
  0x000000001ec2d800 JavaThread "Attach Listener" daemon [_thread_blocked, id=1568, stack(0x000000001f2f0000,0x000000001f3f0000)]
  0x000000001ec2c000 JavaThread "Signal Dispatcher" daemon [_thread_blocked, id=22412, stack(0x000000001f1f0000,0x000000001f2f0000)]
  0x000000001ec20800 JavaThread "Finalizer" daemon [_thread_blocked, id=21732, stack(0x000000001f000000,0x000000001f100000)]
  0x000000000331b000 JavaThread "Reference Handler" daemon [_thread_blocked, id=11476, stack(0x000000001eb00000,0x000000001ec00000)]

Other Threads:
  0x000000001cd3a000 VMThread [stack: 0x000000001ea00000,0x000000001eb00000] [id=17468]
  0x000000001ed16000 WatcherThread [stack: 0x000000001f8f0000,0x000000001f9f0000] [id=20744]

VM state:not at safepoint (normal execution)

VM Mutex/Monitor currently owned by a thread: None

heap address: 0x00000006c1c00000, size: 4068 MB, Compressed Oops mode: Zero based, Oop shift amount: 3
Narrow klass base: 0x0000000000000000, Narrow klass shift: 3
Compressed class space size: 1073741824 Address: 0x00000007c0000000

Heap:
 PSYoungGen      total 195584K, used 4340K [0x000000076b400000, 0x0000000778500000, 0x00000007c0000000)
  eden space 177152K, 2% used [0x000000076b400000,0x000000076b83d150,0x0000000776100000)
  from space 18432K, 0% used [0x0000000776100000,0x0000000776100000,0x0000000777300000)
  to   space 18432K, 0% used [0x0000000777300000,0x0000000777300000,0x0000000778500000)
 ParOldGen       total 174080K, used 20165K [0x00000006c1c00000, 0x00000006cc600000, 0x000000076b400000)
  object space 174080K, 11% used [0x00000006c1c00000,0x00000006c2fb17c0,0x00000006cc600000)
 Metaspace       used 50386K, capacity 52452K, committed 52608K, reserved 1095680K
  class space    used 6794K, capacity 7184K, committed 7296K, reserved 1048576K

Card table byte_map: [0x00000000126e0000,0x0000000012ee0000] byte_map_base: 0x000000000f0d2000

Marking Bits: (ParMarkBitMap*) 0x0000000059bd4ce0
 Begin Bits: [0x0000000013c30000, 0x0000000017bc0000)
 End Bits:   [0x0000000017bc0000, 0x000000001bb50000)

Polling page: 0x00000000012a0000

CodeCache: size=245760Kb used=13950Kb max_used=15145Kb free=231809Kb
 bounds [0x0000000003320000, 0x0000000004230000, 0x0000000012320000]
 total_blobs=4455 nmethods=3976 adapters=389
 compilation: enabled

Compilation events (10 events):
Event: 1109.654 Thread 0x000000001ec40000 4735       3       java.util.concurrent.locks.ReentrantLock$Sync::tryRelease (45 bytes)
Event: 1109.655 Thread 0x000000001ec40000 nmethod 4735 0x000000000358a1d0 code [0x000000000358a360, 0x000000000358a908]
Event: 1109.655 Thread 0x000000001ec40000 4736  s    3       org.apache.catalina.util.LifecycleBase::setStateInternal (144 bytes)
Event: 1109.914 Thread 0x000000001ec40000 nmethod 4736 0x0000000003586ed0 code [0x0000000003587120, 0x00000000035881c8]
Event: 1109.914 Thread 0x000000001ec40000 4739   !   3       java.lang.ref.Reference::tryHandlePending (115 bytes)
Event: 1109.916 Thread 0x000000001ec40000 nmethod 4739 0x00000000036a8a90 code [0x00000000036a8cc0, 0x00000000036a9968]
Event: 1109.916 Thread 0x000000001ec40000 4738       3       java.util.concurrent.locks.ReentrantLock$NonfairSync::lock (25 bytes)
Event: 1109.917 Thread 0x000000001ec40000 nmethod 4738 0x0000000003589550 code [0x0000000003589720, 0x0000000003589f78]
Event: 1109.917 Thread 0x000000001ec40000 4737       1       org.springframework.util.ConcurrentReferenceHashMap::access$600 (5 bytes)
Event: 1109.917 Thread 0x000000001ec40000 nmethod 4737 0x00000000036a87d0 code [0x00000000036a8920, 0x00000000036a8a10]

GC Heap History (10 events):
Event: 3.677 GC heap before
{Heap before GC invocations=8 (full 2):
 PSYoungGen      total 147456K, used 14314K [0x000000076b400000, 0x0000000778380000, 0x00000007c0000000)
  eden space 133120K, 0% used [0x000000076b400000,0x000000076b400000,0x0000000773600000)
  from space 14336K, 99% used [0x0000000774700000,0x00000007754fab78,0x0000000775500000)
  to   space 17408K, 0% used [0x0000000773600000,0x0000000773600000,0x0000000774700000)
 ParOldGen       total 109056K, used 10575K [0x00000006c1c00000, 0x00000006c8680000, 0x000000076b400000)
  object space 109056K, 9% used [0x00000006c1c00000,0x00000006c2653d00,0x00000006c8680000)
 Metaspace       used 33973K, capacity 35414K, committed 35456K, reserved 1079296K
  class space    used 4434K, capacity 4723K, committed 4736K, reserved 1048576K
Event: 3.728 GC heap after
Heap after GC invocations=8 (full 2):
 PSYoungGen      total 147456K, used 0K [0x000000076b400000, 0x0000000778380000, 0x00000007c0000000)
  eden space 133120K, 0% used [0x000000076b400000,0x000000076b400000,0x0000000773600000)
  from space 14336K, 0% used [0x0000000774700000,0x0000000774700000,0x0000000775500000)
  to   space 17408K, 0% used [0x0000000773600000,0x0000000773600000,0x0000000774700000)
 ParOldGen       total 174080K, used 19017K [0x00000006c1c00000, 0x00000006cc600000, 0x000000076b400000)
  object space 174080K, 10% used [0x00000006c1c00000,0x00000006c2e92578,0x00000006cc600000)
 Metaspace       used 33973K, capacity 35414K, committed 35456K, reserved 1079296K
  class space    used 4434K, capacity 4723K, committed 4736K, reserved 1048576K
}
Event: 5.754 GC heap before
{Heap before GC invocations=9 (full 2):
 PSYoungGen      total 147456K, used 133120K [0x000000076b400000, 0x0000000778380000, 0x00000007c0000000)
  eden space 133120K, 100% used [0x000000076b400000,0x0000000773600000,0x0000000773600000)
  from space 14336K, 0% used [0x0000000774700000,0x0000000774700000,0x0000000775500000)
  to   space 17408K, 0% used [0x0000000773600000,0x0000000773600000,0x0000000774700000)
 ParOldGen       total 174080K, used 19017K [0x00000006c1c00000, 0x00000006cc600000, 0x000000076b400000)
  object space 174080K, 10% used [0x00000006c1c00000,0x00000006c2e92578,0x00000006cc600000)
 Metaspace       used 46712K, capacity 48638K, committed 48768K, reserved 1091584K
  class space    used 6342K, capacity 6700K, committed 6784K, reserved 1048576K
Event: 5.765 GC heap after
Heap after GC invocations=9 (full 2):
 PSYoungGen      total 150528K, used 15430K [0x000000076b400000, 0x0000000778f80000, 0x00000007c0000000)
  eden space 133120K, 0% used [0x000000076b400000,0x000000076b400000,0x0000000773600000)
  from space 17408K, 88% used [0x0000000773600000,0x0000000774511910,0x0000000774700000)
  to   space 19456K, 0% used [0x0000000777c80000,0x0000000777c80000,0x0000000778f80000)
 ParOldGen       total 174080K, used 19025K [0x00000006c1c00000, 0x00000006cc600000, 0x000000076b400000)
  object space 174080K, 10% used [0x00000006c1c00000,0x00000006c2e94578,0x00000006cc600000)
 Metaspace       used 46712K, capacity 48638K, committed 48768K, reserved 1091584K
  class space    used 6342K, capacity 6700K, committed 6784K, reserved 1048576K
}
Event: 732.833 GC heap before
{Heap before GC invocations=10 (full 2):
 PSYoungGen      total 150528K, used 148550K [0x000000076b400000, 0x0000000778f80000, 0x00000007c0000000)
  eden space 133120K, 100% used [0x000000076b400000,0x0000000773600000,0x0000000773600000)
  from space 17408K, 88% used [0x0000000773600000,0x0000000774511910,0x0000000774700000)
  to   space 19456K, 0% used [0x0000000777c80000,0x0000000777c80000,0x0000000778f80000)
 ParOldGen       total 174080K, used 19025K [0x00000006c1c00000, 0x00000006cc600000, 0x000000076b400000)
  object space 174080K, 10% used [0x00000006c1c00000,0x00000006c2e94578,0x00000006cc600000)
 Metaspace       used 49575K, capacity 51526K, committed 51712K, reserved 1093632K
  class space    used 6682K, capacity 7062K, committed 7168K, reserved 1048576K
Event: 732.853 GC heap after
Heap after GC invocations=10 (full 2):
 PSYoungGen      total 185856K, used 7943K [0x000000076b400000, 0x0000000778500000, 0x00000007c0000000)
  eden space 177152K, 0% used [0x000000076b400000,0x000000076b400000,0x0000000776100000)
  from space 8704K, 91% used [0x0000000777c80000,0x0000000778441de8,0x0000000778500000)
  to   space 18432K, 0% used [0x0000000776100000,0x0000000776100000,0x0000000777300000)
 ParOldGen       total 174080K, used 19033K [0x00000006c1c00000, 0x00000006cc600000, 0x000000076b400000)
  object space 174080K, 10% used [0x00000006c1c00000,0x00000006c2e96578,0x00000006cc600000)
 Metaspace       used 49575K, capacity 51526K, committed 51712K, reserved 1093632K
  class space    used 6682K, capacity 7062K, committed 7168K, reserved 1048576K
}
Event: 1109.656 GC heap before
{Heap before GC invocations=11 (full 2):
 PSYoungGen      total 185856K, used 79986K [0x000000076b400000, 0x0000000778500000, 0x00000007c0000000)
  eden space 177152K, 40% used [0x000000076b400000,0x000000076fa5ac10,0x0000000776100000)
  from space 8704K, 91% used [0x0000000777c80000,0x0000000778441de8,0x0000000778500000)
  to   space 18432K, 0% used [0x0000000776100000,0x0000000776100000,0x0000000777300000)
 ParOldGen       total 174080K, used 19033K [0x00000006c1c00000, 0x00000006cc600000, 0x000000076b400000)
  object space 174080K, 10% used [0x00000006c1c00000,0x00000006c2e96578,0x00000006cc600000)
 Metaspace       used 50382K, capacity 52452K, committed 52608K, reserved 1095680K
  class space    used 6792K, capacity 7184K, committed 7296K, reserved 1048576K
Event: 1109.667 GC heap after
Heap after GC invocations=11 (full 2):
 PSYoungGen      total 195584K, used 6263K [0x000000076b400000, 0x0000000778500000, 0x00000007c0000000)
  eden space 177152K, 0% used [0x000000076b400000,0x000000076b400000,0x0000000776100000)
  from space 18432K, 33% used [0x0000000776100000,0x000000077671dcd8,0x0000000777300000)
  to   space 18432K, 0% used [0x0000000777300000,0x0000000777300000,0x0000000778500000)
 ParOldGen       total 174080K, used 19041K [0x00000006c1c00000, 0x00000006cc600000, 0x000000076b400000)
  object space 174080K, 10% used [0x00000006c1c00000,0x00000006c2e98578,0x00000006cc600000)
 Metaspace       used 50382K, capacity 52452K, committed 52608K, reserved 1095680K
  class space    used 6792K, capacity 7184K, committed 7296K, reserved 1048576K
}
Event: 1109.667 GC heap before
{Heap before GC invocations=12 (full 3):
 PSYoungGen      total 195584K, used 6263K [0x000000076b400000, 0x0000000778500000, 0x00000007c0000000)
  eden space 177152K, 0% used [0x000000076b400000,0x000000076b400000,0x0000000776100000)
  from space 18432K, 33% used [0x0000000776100000,0x000000077671dcd8,0x0000000777300000)
  to   space 18432K, 0% used [0x0000000777300000,0x0000000777300000,0x0000000778500000)
 ParOldGen       total 174080K, used 19041K [0x00000006c1c00000, 0x00000006cc600000, 0x000000076b400000)
  object space 174080K, 10% used [0x00000006c1c00000,0x00000006c2e98578,0x00000006cc600000)
 Metaspace       used 50382K, capacity 52452K, committed 52608K, reserved 1095680K
  class space    used 6792K, capacity 7184K, committed 7296K, reserved 1048576K
Event: 1109.912 GC heap after
Heap after GC invocations=12 (full 3):
 PSYoungGen      total 195584K, used 0K [0x000000076b400000, 0x0000000778500000, 0x00000007c0000000)
  eden space 177152K, 0% used [0x000000076b400000,0x000000076b400000,0x0000000776100000)
  from space 18432K, 0% used [0x0000000776100000,0x0000000776100000,0x0000000777300000)
  to   space 18432K, 0% used [0x0000000777300000,0x0000000777300000,0x0000000778500000)
 ParOldGen       total 174080K, used 20165K [0x00000006c1c00000, 0x00000006cc600000, 0x000000076b400000)
  object space 174080K, 11% used [0x00000006c1c00000,0x00000006c2fb17c0,0x00000006cc600000)
 Metaspace       used 50382K, capacity 52452K, committed 52608K, reserved 1095680K
  class space    used 6792K, capacity 7184K, committed 7296K, reserved 1048576K
}

Deoptimization events (10 events):
Event: 650.535 Thread 0x0000000024f54000 Uncommon trap: reason=unstable_if action=reinterpret pc=0x0000000003f1a6c0 method=java.nio.Buffer.limit(I)Ljava/nio/Buffer; @ 33
Event: 805.343 Thread 0x0000000024f53000 Uncommon trap: reason=unstable_if action=reinterpret pc=0x00000000039a8ee8 method=java.io.WinNTFileSystem.isLetter(C)Z @ 3
Event: 947.408 Thread 0x0000000024f51000 Uncommon trap: reason=unstable_if action=reinterpret pc=0x0000000003a21a54 method=java.io.WinNTFileSystem.isLetter(C)Z @ 3
Event: 974.453 Thread 0x0000000024f50000 Uncommon trap: reason=unstable_if action=reinterpret pc=0x0000000003743ecc method=org.springframework.boot.devtools.filewatch.FileSnapshot.equals(Ljava/lang/Object;)Z @ 93
Event: 1108.583 Thread 0x0000000024f50000 Uncommon trap: reason=unstable_if action=reinterpret pc=0x0000000003dd653c method=jdk.internal.org.objectweb.asm.Item.isEqualTo(Ljdk/internal/org/objectweb/asm/Item;)Z @ 331
Event: 1108.639 Thread 0x0000000024f5c800 Uncommon trap: reason=unstable_if action=reinterpret pc=0x0000000003539200 method=java.util.concurrent.locks.ReentrantLock$Sync.nonfairTryAcquire(I)Z @ 34
Event: 1108.639 Thread 0x0000000024f5c800 Uncommon trap: reason=unstable_if action=reinterpret pc=0x00000000035e9d44 method=java.util.concurrent.locks.ReentrantLock$Sync.tryRelease(I)Z @ 28
Event: 1108.651 Thread 0x0000000024f5c800 Uncommon trap: reason=unstable_if action=reinterpret pc=0x0000000003b7412c method=java.util.concurrent.locks.ReentrantLock$Sync.nonfairTryAcquire(I)Z @ 34
Event: 1109.631 Thread 0x0000000024f5c800 Uncommon trap: reason=unstable_if action=reinterpret pc=0x000000000381bc4c method=java.net.URI$Parser.scan(IIJJ)I @ 39
Event: 1109.912 Thread 0x000000000331b000 Uncommon trap: reason=unstable_if action=reinterpret pc=0x0000000003a03fb0 method=java.lang.ref.Reference.tryHandlePending(Z)Z @ 20

Classes redefined (0 events):
No events

Internal exceptions (10 events):
Event: 5.081 Thread 0x000000002035e800 Exception <a 'java/lang/ClassNotFoundException': org/springframework/context/annotation/ConfigurationClassEnhancer$EnhancedConfigurationCustomizer> (0x0000000770b78e68) thrown at [C:\re\workspace\8-2-build-windows-amd64-cygwin\jdk8u201\12322\hotspot\src\s
Event: 5.081 Thread 0x000000002035e800 Exception <a 'java/lang/ClassNotFoundException': org/springframework/beans/factory/BeanFactoryAwareCustomizer> (0x0000000770b8db48) thrown at [C:\re\workspace\8-2-build-windows-amd64-cygwin\jdk8u201\12322\hotspot\src\share\vm\classfile\systemDictionary.cp
Event: 5.082 Thread 0x000000002035e800 Exception <a 'java/lang/ClassNotFoundException': org/springframework/beans/factory/AwareCustomizer> (0x0000000770ba12a8) thrown at [C:\re\workspace\8-2-build-windows-amd64-cygwin\jdk8u201\12322\hotspot\src\share\vm\classfile\systemDictionary.cpp, line 210
Event: 5.082 Thread 0x000000002035e800 Exception <a 'java/lang/ClassNotFoundException': org/springframework/context/ApplicationContextAwareCustomizer> (0x0000000770bb62c0) thrown at [C:\re\workspace\8-2-build-windows-amd64-cygwin\jdk8u201\12322\hotspot\src\share\vm\classfile\systemDictionary.c
Event: 5.083 Thread 0x000000002035e800 Exception <a 'java/lang/ClassNotFoundException': org/springframework/beans/factory/AwareCustomizer> (0x0000000770bc99f8) thrown at [C:\re\workspace\8-2-build-windows-amd64-cygwin\jdk8u201\12322\hotspot\src\share\vm\classfile\systemDictionary.cpp, line 210
Event: 5.083 Thread 0x000000002035e800 Exception <a 'java/lang/ClassNotFoundException': org/springframework/web/context/ServletContextAwareCustomizer> (0x0000000770bde9a0) thrown at [C:\re\workspace\8-2-build-windows-amd64-cygwin\jdk8u201\12322\hotspot\src\share\vm\classfile\systemDictionary.c
Event: 5.084 Thread 0x000000002035e800 Exception <a 'java/lang/ClassNotFoundException': org/springframework/beans/factory/AwareCustomizer> (0x0000000770bf1b48) thrown at [C:\re\workspace\8-2-build-windows-amd64-cygwin\jdk8u201\12322\hotspot\src\share\vm\classfile\systemDictionary.cpp, line 210
Event: 586.717 Thread 0x0000000024f53000 Implicit null exception at 0x000000000349c255 to 0x000000000349e6b1
Event: 805.533 Thread 0x0000000024f53000 Exception <a 'java/io/IOException'> (0x000000076c9424c8) thrown at [C:\re\workspace\8-2-build-windows-amd64-cygwin\jdk8u201\12322\hotspot\src\share\vm\prims\jni.cpp, line 709]
Event: 1109.654 Thread 0x000000001ec41800 Exception <a 'java/lang/InterruptedException': sleep interrupted> (0x000000076f933840) thrown at [C:\re\workspace\8-2-build-windows-amd64-cygwin\jdk8u201\12322\hotspot\src\share\vm\prims\jvm.cpp, line 3340]

Events (10 events):
Event: 1109.915 Executing VM operation: RevokeBias done
Event: 1109.917 Thread 0x000000001ec40000 flushing nmethod 0x00000000036c7c90
Event: 1109.917 Executing VM operation: RevokeBias
Event: 1109.918 Executing VM operation: RevokeBias done
Event: 1109.918 Executing VM operation: RevokeBias
Event: 1109.918 Executing VM operation: RevokeBias done
Event: 1109.918 Executing VM operation: RevokeBias
Event: 1109.918 Executing VM operation: RevokeBias done
Event: 1109.918 Executing VM operation: RevokeBias
Event: 1109.918 Executing VM operation: RevokeBias done


Dynamic libraries:
0x00007ff65f020000 - 0x00007ff65f057000 	C:\Program Files\Java\jre1.8.0_201\bin\javaw.exe
0x00007ffaa4c00000 - 0x00007ffaa4de1000 	C:\WINDOWS\SYSTEM32\ntdll.dll
0x00007ffaa49f0000 - 0x00007ffaa4aa2000 	C:\WINDOWS\System32\KERNEL32.DLL
0x00007ffaa1990000 - 0x00007ffaa1c03000 	C:\WINDOWS\System32\KERNELBASE.dll
0x00007ffaa4b10000 - 0x00007ffaa4bb1000 	C:\WINDOWS\System32\ADVAPI32.dll
0x00007ffaa22d0000 - 0x00007ffaa236e000 	C:\WINDOWS\System32\msvcrt.dll
0x00007ffaa20f0000 - 0x00007ffaa214b000 	C:\WINDOWS\System32\sechost.dll
0x00007ffaa3c70000 - 0x00007ffaa3d94000 	C:\WINDOWS\System32\RPCRT4.dll
0x00007ffaa2370000 - 0x00007ffaa2500000 	C:\WINDOWS\System32\USER32.dll
0x00007ffaa11c0000 - 0x00007ffaa11e0000 	C:\WINDOWS\System32\win32u.dll
0x00007ffaa3e50000 - 0x00007ffaa3e78000 	C:\WINDOWS\System32\GDI32.dll
0x00007ffaa1de0000 - 0x00007ffaa1f72000 	C:\WINDOWS\System32\gdi32full.dll
0x00007ffaa11e0000 - 0x00007ffaa127f000 	C:\WINDOWS\System32\msvcp_win.dll
0x00007ffaa1ce0000 - 0x00007ffaa1dd8000 	C:\WINDOWS\System32\ucrtbase.dll
0x00007ffa907b0000 - 0x00007ffa90a19000 	C:\WINDOWS\WinSxS\amd64_microsoft.windows.common-controls_6595b64144ccf1df_6.0.17134.648_none_fb45a0e93062a6d2\COMCTL32.dll
0x00007ffaa2500000 - 0x00007ffaa2822000 	C:\WINDOWS\System32\combase.dll
0x00007ffaa1c60000 - 0x00007ffaa1cda000 	C:\WINDOWS\System32\bcryptPrimitives.dll
0x00007ffaa41c0000 - 0x00007ffaa41ed000 	C:\WINDOWS\System32\IMM32.DLL
0x0000000058d90000 - 0x0000000058e61000 	C:\Program Files\Java\jre1.8.0_201\bin\msvcr100.dll
0x00000000593b0000 - 0x0000000059c54000 	C:\Program Files\Java\jre1.8.0_201\bin\server\jvm.dll
0x00007ffaa3ef0000 - 0x00007ffaa3ef8000 	C:\WINDOWS\System32\PSAPI.DLL
0x00007ffa9e980000 - 0x00007ffa9e989000 	C:\WINDOWS\SYSTEM32\WSOCK32.dll
0x00007ffa9b690000 - 0x00007ffa9b69a000 	C:\WINDOWS\SYSTEM32\VERSION.dll
0x00007ffaa3e80000 - 0x00007ffaa3eec000 	C:\WINDOWS\System32\WS2_32.dll
0x00007ffa9caf0000 - 0x00007ffa9cb13000 	C:\WINDOWS\SYSTEM32\WINMM.dll
0x00007ffa9cac0000 - 0x00007ffa9caea000 	C:\WINDOWS\SYSTEM32\winmmbase.dll
0x00007ffaa1c10000 - 0x00007ffaa1c59000 	C:\WINDOWS\System32\cfgmgr32.dll
0x00007ffa9cdb0000 - 0x00007ffa9cdbf000 	C:\Program Files\Java\jre1.8.0_201\bin\verify.dll
0x00007ffa91600000 - 0x00007ffa91629000 	C:\Program Files\Java\jre1.8.0_201\bin\java.dll
0x00007ffa8ee60000 - 0x00007ffa8ee76000 	C:\Program Files\Java\jre1.8.0_201\bin\zip.dll
0x00007ffaa2830000 - 0x00007ffaa3c70000 	C:\WINDOWS\System32\SHELL32.dll
0x00007ffaa3da0000 - 0x00007ffaa3e49000 	C:\WINDOWS\System32\shcore.dll
0x00007ffaa1280000 - 0x00007ffaa198d000 	C:\WINDOWS\System32\windows.storage.dll
0x00007ffaa4060000 - 0x00007ffaa40b1000 	C:\WINDOWS\System32\shlwapi.dll
0x00007ffaa0f90000 - 0x00007ffaa0fa1000 	C:\WINDOWS\System32\kernel.appcore.dll
0x00007ffaa0f70000 - 0x00007ffaa0f8f000 	C:\WINDOWS\System32\profapi.dll
0x00007ffaa0f20000 - 0x00007ffaa0f6c000 	C:\WINDOWS\System32\powrprof.dll
0x00007ffaa0f10000 - 0x00007ffaa0f1a000 	C:\WINDOWS\System32\FLTLIB.DLL
0x00007ffa9cd10000 - 0x00007ffa9cd1d000 	C:\Program Files\Java\jre1.8.0_201\bin\management.dll
0x00007ffa8ee40000 - 0x00007ffa8ee5a000 	C:\Program Files\Java\jre1.8.0_201\bin\net.dll
0x00007ffa92f40000 - 0x00007ffa93108000 	C:\WINDOWS\SYSTEM32\urlmon.dll
0x00007ffa932c0000 - 0x00007ffa93565000 	C:\WINDOWS\SYSTEM32\iertutil.dll
0x00007ffaa0960000 - 0x00007ffaa096b000 	C:\WINDOWS\SYSTEM32\CRYPTBASE.DLL
0x00007ffaa0790000 - 0x00007ffaa07f6000 	C:\WINDOWS\system32\mswsock.dll
0x00007ffa81600000 - 0x00007ffa81616000 	C:\WINDOWS\system32\napinsp.dll
0x00007ffa78c30000 - 0x00007ffa78c4a000 	C:\WINDOWS\system32\pnrpnsp.dll
0x00007ffa9d900000 - 0x00007ffa9d919000 	C:\WINDOWS\system32\NLAapi.dll
0x00007ffaa0550000 - 0x00007ffaa060e000 	C:\WINDOWS\SYSTEM32\DNSAPI.dll
0x00007ffaa4bc0000 - 0x00007ffaa4bc8000 	C:\WINDOWS\System32\NSI.dll
0x00007ffaa0510000 - 0x00007ffaa0548000 	C:\WINDOWS\SYSTEM32\IPHLPAPI.DLL
0x00007ffa815f0000 - 0x00007ffa815fe000 	C:\WINDOWS\System32\winrnr.dll
0x00007ffa9b890000 - 0x00007ffa9b8a5000 	C:\WINDOWS\System32\wshbth.dll
0x00007ffa954f0000 - 0x00007ffa954fa000 	C:\Windows\System32\rasadhlp.dll
0x00007ffa95890000 - 0x00007ffa95902000 	C:\WINDOWS\System32\fwpuclnt.dll
0x00007ffaa0a70000 - 0x00007ffaa0a95000 	C:\WINDOWS\SYSTEM32\bcrypt.dll
0x00007ffa8ee20000 - 0x00007ffa8ee31000 	C:\Program Files\Java\jre1.8.0_201\bin\nio.dll
0x00007ffaa0940000 - 0x00007ffaa0957000 	C:\WINDOWS\SYSTEM32\CRYPTSP.dll
0x00007ffaa0370000 - 0x00007ffaa03a3000 	C:\WINDOWS\system32\rsaenh.dll
0x00007ffaa0e10000 - 0x00007ffaa0e38000 	C:\WINDOWS\SYSTEM32\USERENV.dll
0x00007ffa9be70000 - 0x00007ffa9be86000 	C:\WINDOWS\SYSTEM32\dhcpcsvc6.DLL
0x00007ffa9bca0000 - 0x00007ffa9bcba000 	C:\WINDOWS\SYSTEM32\dhcpcsvc.DLL
0x000000006cd80000 - 0x000000006ce70000 	C:\Users\Dominique\AppData\Local\Temp\sqlite-3.16.1-cd7a3577-a780-45ce-8fbf-1afad1f8b35f-sqlitejdbc.dll
0x00007ffa8b610000 - 0x00007ffa8b7d9000 	C:\WINDOWS\SYSTEM32\dbghelp.dll

VM Arguments:
jvm_args: -Dfile.encoding=UTF-8 
java_command: Ascari.one.AscariCab.AscariCabApplication
java_class_path (initial): C:\Program Files\Java\jre1.8.0_201\lib\resources.jar;C:\Program Files\Java\jre1.8.0_201\lib\rt.jar;C:\Program Files\Java\jre1.8.0_201\lib\jsse.jar;C:\Program Files\Java\jre1.8.0_201\lib\jce.jar;C:\Program Files\Java\jre1.8.0_201\lib\charsets.jar;C:\Program Files\Java\jre1.8.0_201\lib\jfr.jar;C:\Program Files\Java\jre1.8.0_201\lib\ext\access-bridge-64.jar;C:\Program Files\Java\jre1.8.0_201\lib\ext\cldrdata.jar;C:\Program Files\Java\jre1.8.0_201\lib\ext\dnsns.jar;C:\Program Files\Java\jre1.8.0_201\lib\ext\jaccess.jar;C:\Program Files\Java\jre1.8.0_201\lib\ext\jfxrt.jar;C:\Program Files\Java\jre1.8.0_201\lib\ext\localedata.jar;C:\Program Files\Java\jre1.8.0_201\lib\ext\nashorn.jar;C:\Program Files\Java\jre1.8.0_201\lib\ext\sunec.jar;C:\Program Files\Java\jre1.8.0_201\lib\ext\sunjce_provider.jar;C:\Program Files\Java\jre1.8.0_201\lib\ext\sunmscapi.jar;C:\Program Files\Java\jre1.8.0_201\lib\ext\sunpkcs11.jar;C:\Program Files\Java\jre1.8.0_201\lib\ext\zipfs.jar;C:\Users\Dominique\git\New folder (3)\Ascari\target\classes;C:\Users\Dominique\.m2\repository\org\springframework\boot\spring-boot-starter-data-jpa\2.1.3.RELEASE\spring-boot-starter-data-jpa-2.1.3.RELEASE.jar;C:\Users\Dominique\.m2\repository\org\springframework\boot\spring-boot-starter-aop\2.1.3.RELEASE\spring-boot-starter-aop-2.1.3.RELEASE.jar;C:\Users\Dominique\.m2\repository\org\springframework\spring-aop\5.1.5.RELEASE\spring-aop-5.1.5.RELEASE.jar;C:\Users\Dominique\.m2\repository\org\aspectj\aspectjweaver\1.9.2\aspectjweaver-1.9.2.jar;C:\Users\Dominique\.m2\repository\org\springframework\boot\spring-boot-starter-jdbc\2.1.3.RELEASE\spring-boot-starter-jdbc-2.1.3.RELEASE.jar;C:\Users\Dominique\.m2\repository\com\zaxxer\HikariCP\3.2.0\HikariCP-3.2.0.jar;C:\Users\Dominique\.m2\repository\org\springframework\spring-jdbc\5.1.5.RELEASE\spring-jdbc-5.1.5.RELEASE.jar;C:\Users\Dominique\.m2\repository\javax\transaction\javax.transaction-api\1.3\javax.transaction-api-1.3.jar;C:\Users\Dominiqu
Launcher Type: SUN_STANDARD

Environment Variables:
JAVA_HOME=C:\Program Files\Java\jdk1.8.0_201
PATH=C:/Program Files/Java/jre1.8.0_201/bin/server;C:/Program Files/Java/jre1.8.0_201/bin;C:/Program Files/Java/jre1.8.0_201/lib/amd64;C:\Program Files (x86)\Common Files\Oracle\Java\javapath;C:\ProgramData\Oracle\Java\javapath;C:\WINDOWS\system32;C:\WINDOWS;C:\WINDOWS\System32\Wbem;C:\WINDOWS\System32\WindowsPowerShell\v1.0\;C:\Program Files (x86)\NVIDIA Corporation\PhysX\Common;C:\WINDOWS\system32;C:\WINDOWS;C:\WINDOWS\System32\Wbem;C:\WINDOWS\System32\WindowsPowerShell\v1.0\;C:\WINDOWS\System32\OpenSSH\;C:\Program Files\NVIDIA Corporation\NVIDIA NvDLISR;C:\Program Files\swipl\bin;C:\Program Files (x86)\OpenVPN\bin;C:\Program Files (x86)\sbt\bin;C:\Program Files (x86)\Yarn\bin\;C:\Program Files\nodejs\;C:\Program Files\Git\cmd;C:\Users\Dominique\Documents\apache-maven-3.6.0\bin;C:\Users\Dominique\AppData\Local\Microsoft\WindowsApps;C:\Users\Dominique\AppData\Local\Yarn\bin;C:\Users\Dominique\AppData\Roaming\npm;C:\Users\Dominique\Desktop\JUMP FORCE [FitGirl Repack]\eclipse;
USERNAME=Dominique
OS=Windows_NT
PROCESSOR_IDENTIFIER=Intel64 Family 6 Model 158 Stepping 9, GenuineIntel



---------------  S Y S T E M  ---------------

OS: Windows 10.0 , 64 bit Build 17134 (10.0.17134.648)

CPU:total 8 (initial active 8) (4 cores per cpu, 2 threads per core) family 6 model 158 stepping 9, cmov, cx8, fxsr, mmx, sse, sse2, sse3, ssse3, sse4.1, sse4.2, popcnt, avx, avx2, aes, clmul, erms, 3dnowpref, lzcnt, ht, tsc, tscinvbit, bmi1, bmi2, adx

Memory: 4k page, physical 16655964k(4922768k free), swap 22668924k(3019264k free)

vm_info: Java HotSpot(TM) 64-Bit Server VM (25.201-b09) for windows-amd64 JRE (1.8.0_201-b09), built on Dec 15 2018 18:36:39 by "java_re" with MS VC++ 10.0 (VS2010)

time: Sun Mar 24 21:32:42 2019
timezone: Pacific Daylight Time
elapsed time: 1109 seconds (0d 0h 18m 29s)

