#
# A fatal error has been detected by the Java Runtime Environment:
#
#  EXCEPTION_ACCESS_VIOLATION (0xc0000005) at pc=0x00007ffa7a1aee9d, pid=9568, tid=0x0000000000004530
#
# JRE version: Java(TM) SE Runtime Environment (8.0_201-b09) (build 1.8.0_201-b09)
# Java VM: Java HotSpot(TM) 64-Bit Server VM (25.201-b09 mixed mode windows-amd64 compressed oops)
# Problematic frame:
# C  [ntdll.dll+0x1ee9d]
#
# Failed to write core dump. Minidumps are not enabled by default on client versions of Windows
#
# If you would like to submit a bug report, please visit:
#   http://bugreport.java.com/bugreport/crash.jsp
# The crash happened outside the Java Virtual Machine in native code.
# See problematic frame for where to report the bug.
#

---------------  T H R E A D  ---------------

Current thread (0x0000000021937000):  JavaThread "Secondary finalizer" [_thread_in_native, id=17712, stack(0x0000000026850000,0x0000000026950000)]

siginfo: ExceptionCode=0xc0000005, reading address 0xffffffffffffffff

Registers:
RAX=0x0000000000208000, RBX=0x00000000238411c8, RCX=0x100ec3fa0b01000a, RDX=0x000000002694f210
RSP=0x000000002694f0e0, RBP=0x000000002694f1e0, RSI=0x000000001dfc8a50, RDI=0x000000000ddc1000
R8 =0x00000000238411c8, R9 =0x0000000000000000, R10=0x00000000022297af, R11=0x000000006bcfcd40
R12=0x0000000000000000, R13=0x0000000022bfd9a8, R14=0x000000002694f210, R15=0x0000000021937000
RIP=0x00007ffa7a1aee9d, EFLAGS=0x0000000000010202

Top of Stack: (sp=0x000000002694f0e0)
0x000000002694f0e0:   0000000021937000 0000000021937000
0x000000002694f0f0:   000000002694f190 000000006bd0ecca
0x000000002694f100:   00000000208781a8 000000006cdfa0d4
0x000000002694f110:   000000070368e8b0 0000000000000000
0x000000002694f120:   000000001dcb4eb0 000000006bb87f71
0x000000002694f130:   000000002694f688 0000000022bfd9a8
0x000000002694f140:   000000070368e8b0 00000000022297db
0x000000002694f150:   000000000ddc1000 0000000002229542
0x000000002694f160:   0000000021937000 0000000022bfd9a8
0x000000002694f170:   0000000000000000 0000000000000000
0x000000002694f180:   0000000000000000 000000000222950a
0x000000002694f190:   0000000000000003 000000070385e648
0x000000002694f1a0:   000000002694f190 0000000022bfd9a8
0x000000002694f1b0:   000000002694f210 0000000022e26220
0x000000002694f1c0:   0000000000000000 0000000022bfd9a8
0x000000002694f1d0:   0000000000000000 000000002694f200 

Instructions: (pc=0x00007ffa7a1aee9d)
0x00007ffa7a1aee7d:   5e c3 f0 ff 43 38 eb c8 cc cc cc cc cc cc cc cc
0x00007ffa7a1aee8d:   cc cc cc 48 83 ec 28 65 48 8b 04 25 30 00 00 00
0x00007ffa7a1aee9d:   f0 0f ba 71 08 00 48 8b 40 48 73 12 48 89 41 10
0x00007ffa7a1aeead:   33 c0 c7 41 0c 01 00 00 00 48 83 c4 28 c3 48 39 


Register to memory mapping:

RAX=0x0000000000208000 is an unknown value
RBX=0x00000000238411c8 is an unknown value
RCX=0x100ec3fa0b01000a is an unknown value
RDX=0x000000002694f210 is pointing into the stack for thread: 0x0000000021937000
RSP=0x000000002694f0e0 is pointing into the stack for thread: 0x0000000021937000
RBP=0x000000002694f1e0 is pointing into the stack for thread: 0x0000000021937000
RSI=0x000000001dfc8a50 is an unknown value
RDI=0x000000000ddc1000 is an unknown value
R8 =0x00000000238411c8 is an unknown value
R9 =0x0000000000000000 is an unknown value
R10=0x00000000022297af is at code_begin+1295 in an Interpreter codelet
method entry point (kind = native_synchronized)  [0x00000000022292a0, 0x0000000002229e00]  2912 bytes
R11=0x000000006bcfcd40 is an unknown value
R12=0x0000000000000000 is an unknown value
R13={method} {0x0000000022bfd9b0} 'reset' '(J)I' in 'org/sqlite/core/NativeDB'
R14=0x000000002694f210 is pointing into the stack for thread: 0x0000000021937000
R15=0x0000000021937000 is a thread


Stack: [0x0000000026850000,0x0000000026950000],  sp=0x000000002694f0e0,  free space=1020k
Native frames: (J=compiled Java code, j=interpreted, Vv=VM code, C=native code)
C  [ntdll.dll+0x1ee9d]
C  [sqlite-3.16.1-0de97e25-a3d6-4483-965d-de73423ba1cf-sqlitejdbc.dll+0x7a0d4]
C  0x00000000022297db

Java frames: (J=compiled Java code, j=interpreted, Vv=VM code)
j  org.sqlite.core.NativeDB.reset(J)I+0
j  org.sqlite.core.CoreResultSet.close()V+81
j  org.sqlite.jdbc4.JDBC4ResultSet.close()V+6
j  org.sqlite.jdbc3.JDBC3ResultSet.finalize()V+1
J 3133 C2 java.lang.ref.Finalizer.access$100(Ljava/lang/ref/Finalizer;Lsun/misc/JavaLangAccess;)V (6 bytes) @ 0x0000000002d33114 [0x0000000002d32f40+0x1d4]
j  java.lang.ref.Finalizer$2.run()V+36
j  java.lang.Thread.run()V+11
v  ~StubRoutines::call_stub

---------------  P R O C E S S  ---------------

Java Threads: ( => current thread )
=>0x0000000021937000 JavaThread "Secondary finalizer" [_thread_in_native, id=17712, stack(0x0000000026850000,0x0000000026950000)]
  0x000000002193e800 JavaThread "Thread-5" [_thread_blocked, id=15392, stack(0x0000000026550000,0x0000000026650000)]
  0x0000000021943800 JavaThread "DestroyJavaVM" [_thread_blocked, id=15480, stack(0x0000000001fd0000,0x00000000020d0000)]
  0x000000001d795800 JavaThread "Live Reload Server" daemon [_thread_in_native, id=13796, stack(0x0000000023b00000,0x0000000023c00000)]
  0x000000001d791800 JavaThread "mysql-cj-abandoned-connection-cleanup" daemon [_thread_blocked, id=17720, stack(0x0000000022d00000,0x0000000022e00000)]
  0x000000001b6b2000 JavaThread "Service Thread" daemon [_thread_blocked, id=5040, stack(0x000000001c1e0000,0x000000001c2e0000)]
  0x000000001b638000 JavaThread "C1 CompilerThread3" daemon [_thread_blocked, id=12980, stack(0x000000001c0e0000,0x000000001c1e0000)]
  0x000000001b62a800 JavaThread "C2 CompilerThread2" daemon [_thread_blocked, id=1752, stack(0x000000001bfe0000,0x000000001c0e0000)]
  0x000000001b622000 JavaThread "C2 CompilerThread1" daemon [_thread_blocked, id=18732, stack(0x000000001bee0000,0x000000001bfe0000)]
  0x000000001b620000 JavaThread "C2 CompilerThread0" daemon [_thread_blocked, id=17856, stack(0x000000001bde0000,0x000000001bee0000)]
  0x000000001b61c000 JavaThread "Attach Listener" daemon [_thread_blocked, id=19004, stack(0x000000001bce0000,0x000000001bde0000)]
  0x000000001b61b000 JavaThread "Signal Dispatcher" daemon [_thread_blocked, id=19028, stack(0x000000001bbe0000,0x000000001bce0000)]
  0x000000001b610800 JavaThread "Finalizer" daemon [_thread_blocked, id=19024, stack(0x000000001b9f0000,0x000000001baf0000)]
  0x000000000220b000 JavaThread "Reference Handler" daemon [_thread_blocked, id=3544, stack(0x000000001b4f0000,0x000000001b5f0000)]

Other Threads:
  0x0000000019708800 VMThread [stack: 0x000000001b3f0000,0x000000001b4f0000] [id=12960]
  0x000000001b6cd800 WatcherThread [stack: 0x000000001c2e0000,0x000000001c3e0000] [id=19080]

VM state:not at safepoint (normal execution)

VM Mutex/Monitor currently owned by a thread: None

heap address: 0x0000000701e00000, size: 3042 MB, Compressed Oops mode: Zero based, Oop shift amount: 3
Narrow klass base: 0x0000000000000000, Narrow klass shift: 3
Compressed class space size: 1073741824 Address: 0x00000007c0000000

Heap:
 PSYoungGen      total 242176K, used 6705K [0x0000000780a00000, 0x0000000791500000, 0x00000007c0000000)
  eden space 227328K, 2% used [0x0000000780a00000,0x000000078108c430,0x000000078e800000)
  from space 14848K, 0% used [0x0000000790680000,0x0000000790680000,0x0000000791500000)
  to   space 17408K, 0% used [0x000000078f300000,0x000000078f300000,0x0000000790400000)
 ParOldGen       total 125440K, used 27543K [0x0000000701e00000, 0x0000000709880000, 0x0000000780a00000)
  object space 125440K, 21% used [0x0000000701e00000,0x00000007038e5d88,0x0000000709880000)
 Metaspace       used 46435K, capacity 48386K, committed 48512K, reserved 1091584K
  class space    used 6352K, capacity 6731K, committed 6784K, reserved 1048576K

Card table byte_map: [0x00000000115d0000,0x0000000011bd0000] byte_map_base: 0x000000000ddc1000

Marking Bits: (ParMarkBitMap*) 0x000000006c2f4ce0
 Begin Bits: [0x00000000127d0000, 0x0000000015758000)
 End Bits:   [0x0000000015758000, 0x00000000186e0000)

Polling page: 0x00000000004d0000

CodeCache: size=245760Kb used=12799Kb max_used=14529Kb free=232960Kb
 bounds [0x0000000002210000, 0x0000000003050000, 0x0000000011210000]
 total_blobs=3987 nmethods=3528 adapters=370
 compilation: enabled

Compilation events (10 events):
Event: 74.642 Thread 0x000000001b62a800 nmethod 4089 0x00000000025fd2d0 code [0x00000000025fd420, 0x00000000025fd758]
Event: 74.642 Thread 0x000000001b638000 4090       3       java.util.Formatter$Conversion::isGeneral (64 bytes)
Event: 74.642 Thread 0x000000001b62a800 4091       4       java.util.regex.Matcher::reset (83 bytes)
Event: 74.642 Thread 0x000000001b638000 nmethod 4090 0x0000000002979450 code [0x00000000029795a0, 0x0000000002979710]
Event: 74.642 Thread 0x000000001b638000 4092       1       java.util.Formatter$FormatSpecifier::index (5 bytes)
Event: 74.643 Thread 0x000000001b638000 nmethod 4092 0x0000000002a3cd90 code [0x0000000002a3cee0, 0x0000000002a3cff0]
Event: 74.643 Thread 0x000000001b638000 4093       3       java.util.Locale::getCountry (8 bytes)
Event: 74.643 Thread 0x000000001b638000 nmethod 4093 0x0000000002a73e90 code [0x0000000002a73fe0, 0x0000000002a741d0]
Event: 74.643 Thread 0x000000001b622000 4094       4       java.util.zip.ZipFile$ZipFileInflaterInputStream::finalize (5 bytes)
Event: 74.645 Thread 0x000000001b622000 nmethod 4094 0x0000000002ae81d0 code [0x0000000002ae8320, 0x0000000002ae83a8]

GC Heap History (10 events):
Event: 8.800 GC heap before
{Heap before GC invocations=7 (full 1):
 PSYoungGen      total 106496K, used 105180K [0x0000000780a00000, 0x000000078b700000, 0x00000007c0000000)
  eden space 98304K, 99% used [0x0000000780a00000,0x00000007869f9ef0,0x0000000786a00000)
  from space 8192K, 84% used [0x0000000786a00000,0x00000007870bd1e0,0x0000000787200000)
  to   space 10240K, 0% used [0x000000078ad00000,0x000000078ad00000,0x000000078b700000)
 ParOldGen       total 76288K, used 6578K [0x0000000701e00000, 0x0000000706880000, 0x0000000780a00000)
  object space 76288K, 8% used [0x0000000701e00000,0x000000070246c8e0,0x0000000706880000)
 Metaspace       used 31264K, capacity 32672K, committed 32896K, reserved 1077248K
  class space    used 4122K, capacity 4375K, committed 4480K, reserved 1048576K
Event: 8.825 GC heap after
Heap after GC invocations=7 (full 1):
 PSYoungGen      total 163328K, used 10237K [0x0000000780a00000, 0x000000078ba80000, 0x00000007c0000000)
  eden space 153088K, 0% used [0x0000000780a00000,0x0000000780a00000,0x0000000789f80000)
  from space 10240K, 99% used [0x000000078ad00000,0x000000078b6ff7c0,0x000000078b700000)
  to   space 13824K, 0% used [0x0000000789f80000,0x0000000789f80000,0x000000078ad00000)
 ParOldGen       total 76288K, used 10573K [0x0000000701e00000, 0x0000000706880000, 0x0000000780a00000)
  object space 76288K, 13% used [0x0000000701e00000,0x00000007028535b8,0x0000000706880000)
 Metaspace       used 31264K, capacity 32672K, committed 32896K, reserved 1077248K
  class space    used 4122K, capacity 4375K, committed 4480K, reserved 1048576K
}
Event: 10.150 GC heap before
{Heap before GC invocations=8 (full 1):
 PSYoungGen      total 163328K, used 77256K [0x0000000780a00000, 0x000000078ba80000, 0x00000007c0000000)
  eden space 153088K, 43% used [0x0000000780a00000,0x0000000784b72928,0x0000000789f80000)
  from space 10240K, 99% used [0x000000078ad00000,0x000000078b6ff7c0,0x000000078b700000)
  to   space 13824K, 0% used [0x0000000789f80000,0x0000000789f80000,0x000000078ad00000)
 ParOldGen       total 76288K, used 10573K [0x0000000701e00000, 0x0000000706880000, 0x0000000780a00000)
  object space 76288K, 13% used [0x0000000701e00000,0x00000007028535b8,0x0000000706880000)
 Metaspace       used 33971K, capacity 35442K, committed 35456K, reserved 1079296K
  class space    used 4438K, capacity 4728K, committed 4736K, reserved 1048576K
Event: 10.182 GC heap after
Heap after GC invocations=8 (full 1):
 PSYoungGen      total 166912K, used 13561K [0x0000000780a00000, 0x0000000791600000, 0x00000007c0000000)
  eden space 153088K, 0% used [0x0000000780a00000,0x0000000780a00000,0x0000000789f80000)
  from space 13824K, 98% used [0x0000000789f80000,0x000000078acbe548,0x000000078ad00000)
  to   space 15872K, 0% used [0x0000000790680000,0x0000000790680000,0x0000000791600000)
 ParOldGen       total 76288K, used 10581K [0x0000000701e00000, 0x0000000706880000, 0x0000000780a00000)
  object space 76288K, 13% used [0x0000000701e00000,0x00000007028555b8,0x0000000706880000)
 Metaspace       used 33971K, capacity 35442K, committed 35456K, reserved 1079296K
  class space    used 4438K, capacity 4728K, committed 4736K, reserved 1048576K
}
Event: 10.182 GC heap before
{Heap before GC invocations=9 (full 2):
 PSYoungGen      total 166912K, used 13561K [0x0000000780a00000, 0x0000000791600000, 0x00000007c0000000)
  eden space 153088K, 0% used [0x0000000780a00000,0x0000000780a00000,0x0000000789f80000)
  from space 13824K, 98% used [0x0000000789f80000,0x000000078acbe548,0x000000078ad00000)
  to   space 15872K, 0% used [0x0000000790680000,0x0000000790680000,0x0000000791600000)
 ParOldGen       total 76288K, used 10581K [0x0000000701e00000, 0x0000000706880000, 0x0000000780a00000)
  object space 76288K, 13% used [0x0000000701e00000,0x00000007028555b8,0x0000000706880000)
 Metaspace       used 33971K, capacity 35442K, committed 35456K, reserved 1079296K
  class space    used 4438K, capacity 4728K, committed 4736K, reserved 1048576K
Event: 10.330 GC heap after
Heap after GC invocations=9 (full 2):
 PSYoungGen      total 166912K, used 0K [0x0000000780a00000, 0x0000000791600000, 0x00000007c0000000)
  eden space 153088K, 0% used [0x0000000780a00000,0x0000000780a00000,0x0000000789f80000)
  from space 13824K, 0% used [0x0000000789f80000,0x0000000789f80000,0x000000078ad00000)
  to   space 15872K, 0% used [0x0000000790680000,0x0000000790680000,0x0000000791600000)
 ParOldGen       total 125440K, used 18638K [0x0000000701e00000, 0x0000000709880000, 0x0000000780a00000)
  object space 125440K, 14% used [0x0000000701e00000,0x0000000703033888,0x0000000709880000)
 Metaspace       used 33971K, capacity 35442K, committed 35456K, reserved 1079296K
  class space    used 4438K, capacity 4728K, committed 4736K, reserved 1048576K
}
Event: 74.158 GC heap before
{Heap before GC invocations=10 (full 2):
 PSYoungGen      total 166912K, used 149281K [0x0000000780a00000, 0x0000000791600000, 0x00000007c0000000)
  eden space 153088K, 97% used [0x0000000780a00000,0x0000000789bc8588,0x0000000789f80000)
  from space 13824K, 0% used [0x0000000789f80000,0x0000000789f80000,0x000000078ad00000)
  to   space 15872K, 0% used [0x0000000790680000,0x0000000790680000,0x0000000791600000)
 ParOldGen       total 125440K, used 18638K [0x0000000701e00000, 0x0000000709880000, 0x0000000780a00000)
  object space 125440K, 14% used [0x0000000701e00000,0x0000000703033888,0x0000000709880000)
 Metaspace       used 46431K, capacity 48386K, committed 48512K, reserved 1091584K
  class space    used 6350K, capacity 6731K, committed 6784K, reserved 1048576K
Event: 74.197 GC heap after
Heap after GC invocations=10 (full 2):
 PSYoungGen      total 242176K, used 14482K [0x0000000780a00000, 0x0000000791500000, 0x00000007c0000000)
  eden space 227328K, 0% used [0x0000000780a00000,0x0000000780a00000,0x000000078e800000)
  from space 14848K, 97% used [0x0000000790680000,0x00000007914a4990,0x0000000791500000)
  to   space 17408K, 0% used [0x000000078f300000,0x000000078f300000,0x0000000790400000)
 ParOldGen       total 125440K, used 18646K [0x0000000701e00000, 0x0000000709880000, 0x0000000780a00000)
  object space 125440K, 14% used [0x0000000701e00000,0x0000000703035888,0x0000000709880000)
 Metaspace       used 46431K, capacity 48386K, committed 48512K, reserved 1091584K
  class space    used 6350K, capacity 6731K, committed 6784K, reserved 1048576K
}
Event: 74.197 GC heap before
{Heap before GC invocations=11 (full 3):
 PSYoungGen      total 242176K, used 14482K [0x0000000780a00000, 0x0000000791500000, 0x00000007c0000000)
  eden space 227328K, 0% used [0x0000000780a00000,0x0000000780a00000,0x000000078e800000)
  from space 14848K, 97% used [0x0000000790680000,0x00000007914a4990,0x0000000791500000)
  to   space 17408K, 0% used [0x000000078f300000,0x000000078f300000,0x0000000790400000)
 ParOldGen       total 125440K, used 18646K [0x0000000701e00000, 0x0000000709880000, 0x0000000780a00000)
  object space 125440K, 14% used [0x0000000701e00000,0x0000000703035888,0x0000000709880000)
 Metaspace       used 46431K, capacity 48386K, committed 48512K, reserved 1091584K
  class space    used 6350K, capacity 6731K, committed 6784K, reserved 1048576K
Event: 74.630 GC heap after
Heap after GC invocations=11 (full 3):
 PSYoungGen      total 242176K, used 0K [0x0000000780a00000, 0x0000000791500000, 0x00000007c0000000)
  eden space 227328K, 0% used [0x0000000780a00000,0x0000000780a00000,0x000000078e800000)
  from space 14848K, 0% used [0x0000000790680000,0x0000000790680000,0x0000000791500000)
  to   space 17408K, 0% used [0x000000078f300000,0x000000078f300000,0x0000000790400000)
 ParOldGen       total 125440K, used 27543K [0x0000000701e00000, 0x0000000709880000, 0x0000000780a00000)
  object space 125440K, 21% used [0x0000000701e00000,0x00000007038e5d88,0x0000000709880000)
 Metaspace       used 46431K, capacity 48386K, committed 48512K, reserved 1091584K
  class space    used 6350K, capacity 6731K, committed 6784K, reserved 1048576K
}

Deoptimization events (10 events):
Event: 14.876 Thread 0x000000001cb0c000 Uncommon trap: reason=bimorphic action=maybe_recompile pc=0x0000000002d1e384 method=java.util.Hashtable.get(Ljava/lang/Object;)Ljava/lang/Object; @ 6
Event: 14.877 Thread 0x000000001cb0c000 Uncommon trap: reason=bimorphic action=maybe_recompile pc=0x0000000002d1e384 method=java.util.Hashtable.get(Ljava/lang/Object;)Ljava/lang/Object; @ 6
Event: 15.755 Thread 0x000000001d796000 Uncommon trap: reason=class_check action=maybe_recompile pc=0x0000000002e01a08 method=java.util.AbstractCollection.containsAll(Ljava/util/Collection;)Z @ 1
Event: 15.755 Thread 0x000000001d796000 Uncommon trap: reason=class_check action=maybe_recompile pc=0x0000000002e01a08 method=java.util.AbstractCollection.containsAll(Ljava/util/Collection;)Z @ 1
Event: 15.755 Thread 0x000000001d796000 Uncommon trap: reason=class_check action=maybe_recompile pc=0x0000000002e01a08 method=java.util.AbstractCollection.containsAll(Ljava/util/Collection;)Z @ 1
Event: 15.756 Thread 0x000000001d796000 Uncommon trap: reason=class_check action=maybe_recompile pc=0x0000000002e01a08 method=java.util.AbstractCollection.containsAll(Ljava/util/Collection;)Z @ 1
Event: 72.323 Thread 0x000000001d796000 Uncommon trap: reason=unstable_if action=reinterpret pc=0x0000000002a771f8 method=java.util.AbstractCollection.containsAll(Ljava/util/Collection;)Z @ 28
Event: 73.219 Thread 0x000000001d796000 Uncommon trap: reason=unstable_if action=reinterpret pc=0x0000000002e769fc method=jdk.internal.org.objectweb.asm.Item.isEqualTo(Ljdk/internal/org/objectweb/asm/Item;)Z @ 331
Event: 74.108 Thread 0x000000002193e800 Uncommon trap: reason=unstable_if action=reinterpret pc=0x000000000249cf88 method=java.net.URI.match(CJJ)Z @ 19
Event: 74.631 Thread 0x000000000220b000 Uncommon trap: reason=unstable_if action=reinterpret pc=0x0000000002a15a70 method=java.lang.ref.Reference.tryHandlePending(Z)Z @ 20

Classes redefined (0 events):
No events

Internal exceptions (10 events):
Event: 13.650 Thread 0x000000001cb0c000 Exception <a 'java/lang/ClassNotFoundException': org/springframework/boot/autoconfigure/web/servlet/WebMvcAutoConfiguration$EnableWebMvcConfiguration$$EnhancerBySpringCGLIB$$7530a315Customizer> (0x000000078510f9c0) thrown at [C:\re\workspace\8-2-build-win
Event: 13.653 Thread 0x000000001cb0c000 Exception <a 'java/lang/ClassNotFoundException': org/springframework/context/annotation/ConfigurationClassEnhancer$EnhancedConfigurationCustomizer> (0x000000078514d608) thrown at [C:\re\workspace\8-2-build-windows-amd64-cygwin\jdk8u201\12322\hotspot\src\s
Event: 13.654 Thread 0x000000001cb0c000 Exception <a 'java/lang/ClassNotFoundException': org/springframework/beans/factory/BeanFactoryAwareCustomizer> (0x0000000785160830) thrown at [C:\re\workspace\8-2-build-windows-amd64-cygwin\jdk8u201\12322\hotspot\src\share\vm\classfile\systemDictionary.cp
Event: 13.655 Thread 0x000000001cb0c000 Exception <a 'java/lang/ClassNotFoundException': org/springframework/beans/factory/AwareCustomizer> (0x0000000785172820) thrown at [C:\re\workspace\8-2-build-windows-amd64-cygwin\jdk8u201\12322\hotspot\src\share\vm\classfile\systemDictionary.cpp, line 210
Event: 13.655 Thread 0x000000001cb0c000 Exception <a 'java/lang/ClassNotFoundException': org/springframework/context/ApplicationContextAwareCustomizer> (0x0000000785185d50) thrown at [C:\re\workspace\8-2-build-windows-amd64-cygwin\jdk8u201\12322\hotspot\src\share\vm\classfile\systemDictionary.c
Event: 13.656 Thread 0x000000001cb0c000 Exception <a 'java/lang/ClassNotFoundException': org/springframework/beans/factory/AwareCustomizer> (0x0000000785197d18) thrown at [C:\re\workspace\8-2-build-windows-amd64-cygwin\jdk8u201\12322\hotspot\src\share\vm\classfile\systemDictionary.cpp, line 210
Event: 13.657 Thread 0x000000001cb0c000 Exception <a 'java/lang/ClassNotFoundException': org/springframework/web/context/ServletContextAwareCustomizer> (0x00000007851ab1d8) thrown at [C:\re\workspace\8-2-build-windows-amd64-cygwin\jdk8u201\12322\hotspot\src\share\vm\classfile\systemDictionary.c
Event: 13.658 Thread 0x000000001cb0c000 Exception <a 'java/lang/ClassNotFoundException': org/springframework/beans/factory/AwareCustomizer> (0x00000007851bcc10) thrown at [C:\re\workspace\8-2-build-windows-amd64-cygwin\jdk8u201\12322\hotspot\src\share\vm\classfile\systemDictionary.cpp, line 210
Event: 14.034 Thread 0x000000001cb0c000 Implicit null exception at 0x0000000002fda706 to 0x0000000002fdcc69
Event: 74.154 Thread 0x000000001d790000 Exception <a 'java/lang/InterruptedException': sleep interrupted> (0x0000000789ac9368) thrown at [C:\re\workspace\8-2-build-windows-amd64-cygwin\jdk8u201\12322\hotspot\src\share\vm\prims\jvm.cpp, line 3340]

Events (10 events):
Event: 74.632 Executing VM operation: RevokeBias
Event: 74.633 Executing VM operation: RevokeBias done
Event: 74.640 Executing VM operation: RevokeBias
Event: 74.640 Executing VM operation: RevokeBias done
Event: 74.640 Executing VM operation: RevokeBias
Event: 74.640 Executing VM operation: RevokeBias done
Event: 74.641 Executing VM operation: RevokeBias
Event: 74.641 Executing VM operation: RevokeBias done
Event: 74.645 Executing VM operation: RevokeBias
Event: 74.645 Executing VM operation: RevokeBias done


Dynamic libraries:
0x00007ff65eac0000 - 0x00007ff65eaf7000 	C:\Program Files\Java\jre1.8.0_201\bin\javaw.exe
0x00007ffa7a190000 - 0x00007ffa7a371000 	C:\WINDOWS\SYSTEM32\ntdll.dll
0x00007ffa72320000 - 0x00007ffa72332000 	C:\Program Files (x86)\AVG\Antivirus\aswhook.dll
0x00007ffa79d70000 - 0x00007ffa79e22000 	C:\WINDOWS\System32\KERNEL32.DLL
0x00007ffa76f30000 - 0x00007ffa771a3000 	C:\WINDOWS\System32\KERNELBASE.dll
0x00007ffa77850000 - 0x00007ffa778f1000 	C:\WINDOWS\System32\ADVAPI32.dll
0x00007ffa78f60000 - 0x00007ffa78ffe000 	C:\WINDOWS\System32\msvcrt.dll
0x00007ffa77a30000 - 0x00007ffa77a8b000 	C:\WINDOWS\System32\sechost.dll
0x00007ffa77720000 - 0x00007ffa77844000 	C:\WINDOWS\System32\RPCRT4.dll
0x00007ffa79190000 - 0x00007ffa79320000 	C:\WINDOWS\System32\USER32.dll
0x00007ffa76560000 - 0x00007ffa76580000 	C:\WINDOWS\System32\win32u.dll
0x00007ffa78f30000 - 0x00007ffa78f58000 	C:\WINDOWS\System32\GDI32.dll
0x00007ffa76c90000 - 0x00007ffa76e22000 	C:\WINDOWS\System32\gdi32full.dll
0x00007ffa772b0000 - 0x00007ffa7734f000 	C:\WINDOWS\System32\msvcp_win.dll
0x00007ffa76e30000 - 0x00007ffa76f28000 	C:\WINDOWS\System32\ucrtbase.dll
0x00007ffa67050000 - 0x00007ffa672b9000 	C:\WINDOWS\WinSxS\amd64_microsoft.windows.common-controls_6595b64144ccf1df_6.0.17134.648_none_fb45a0e93062a6d2\COMCTL32.dll
0x00007ffa79a30000 - 0x00007ffa79d52000 	C:\WINDOWS\System32\combase.dll
0x00007ffa773b0000 - 0x00007ffa7742a000 	C:\WINDOWS\System32\bcryptPrimitives.dll
0x00007ffa7a0a0000 - 0x00007ffa7a0cd000 	C:\WINDOWS\System32\IMM32.DLL
0x000000006b910000 - 0x000000006b9e1000 	C:\Program Files\Java\jre1.8.0_201\bin\msvcr100.dll
0x000000006bad0000 - 0x000000006c374000 	C:\Program Files\Java\jre1.8.0_201\bin\server\jvm.dll
0x00007ffa79000000 - 0x00007ffa79008000 	C:\WINDOWS\System32\PSAPI.DLL
0x00007ffa65610000 - 0x00007ffa65619000 	C:\WINDOWS\SYSTEM32\WSOCK32.dll
0x00007ffa7a0f0000 - 0x00007ffa7a15c000 	C:\WINDOWS\System32\WS2_32.dll
0x00007ffa72250000 - 0x00007ffa72273000 	C:\WINDOWS\SYSTEM32\WINMM.dll
0x00007ffa70bd0000 - 0x00007ffa70bda000 	C:\WINDOWS\SYSTEM32\VERSION.dll
0x00007ffa72220000 - 0x00007ffa7224a000 	C:\WINDOWS\SYSTEM32\WINMMBASE.dll
0x00007ffa77260000 - 0x00007ffa772a9000 	C:\WINDOWS\System32\cfgmgr32.dll
0x00007ffa731c0000 - 0x00007ffa731cf000 	C:\Program Files\Java\jre1.8.0_201\bin\verify.dll
0x00007ffa6f920000 - 0x00007ffa6f949000 	C:\Program Files\Java\jre1.8.0_201\bin\java.dll
0x00007ffa6f900000 - 0x00007ffa6f916000 	C:\Program Files\Java\jre1.8.0_201\bin\zip.dll
0x00007ffa77af0000 - 0x00007ffa78f30000 	C:\WINDOWS\System32\SHELL32.dll
0x00007ffa77900000 - 0x00007ffa779a9000 	C:\WINDOWS\System32\shcore.dll
0x00007ffa76580000 - 0x00007ffa76c8d000 	C:\WINDOWS\System32\windows.storage.dll
0x00007ffa77a90000 - 0x00007ffa77ae1000 	C:\WINDOWS\System32\shlwapi.dll
0x00007ffa764d0000 - 0x00007ffa764e1000 	C:\WINDOWS\System32\kernel.appcore.dll
0x00007ffa764a0000 - 0x00007ffa764bf000 	C:\WINDOWS\System32\profapi.dll
0x00007ffa764f0000 - 0x00007ffa7653c000 	C:\WINDOWS\System32\powrprof.dll
0x00007ffa764c0000 - 0x00007ffa764ca000 	C:\WINDOWS\System32\FLTLIB.DLL
0x00007ffa712f0000 - 0x00007ffa712fd000 	C:\Program Files\Java\jre1.8.0_201\bin\management.dll
0x00007ffa6f8e0000 - 0x00007ffa6f8fa000 	C:\Program Files\Java\jre1.8.0_201\bin\net.dll
0x00007ffa6af10000 - 0x00007ffa6b0d8000 	C:\WINDOWS\SYSTEM32\urlmon.dll
0x00007ffa69510000 - 0x00007ffa697b5000 	C:\WINDOWS\SYSTEM32\iertutil.dll
0x00007ffa75ef0000 - 0x00007ffa75efb000 	C:\WINDOWS\SYSTEM32\CRYPTBASE.DLL
0x00007ffa75d20000 - 0x00007ffa75d86000 	C:\WINDOWS\system32\mswsock.dll
0x00007ffa576e0000 - 0x00007ffa576f6000 	C:\WINDOWS\system32\napinsp.dll
0x00007ffa57590000 - 0x00007ffa575aa000 	C:\WINDOWS\system32\pnrpnsp.dll
0x00007ffa73190000 - 0x00007ffa731a9000 	C:\WINDOWS\system32\NLAapi.dll
0x00007ffa75ae0000 - 0x00007ffa75b9e000 	C:\WINDOWS\SYSTEM32\DNSAPI.dll
0x00007ffa79a20000 - 0x00007ffa79a28000 	C:\WINDOWS\System32\NSI.dll
0x00007ffa75aa0000 - 0x00007ffa75ad8000 	C:\WINDOWS\SYSTEM32\IPHLPAPI.DLL
0x00007ffa57680000 - 0x00007ffa5768e000 	C:\WINDOWS\System32\winrnr.dll
0x00007ffa57660000 - 0x00007ffa57675000 	C:\WINDOWS\System32\wshbth.dll
0x00007ffa709f0000 - 0x00007ffa709fa000 	C:\Windows\System32\rasadhlp.dll
0x00007ffa6bba0000 - 0x00007ffa6bc12000 	C:\WINDOWS\System32\fwpuclnt.dll
0x00007ffa76000000 - 0x00007ffa76025000 	C:\WINDOWS\SYSTEM32\bcrypt.dll
0x00007ffa6f8c0000 - 0x00007ffa6f8d1000 	C:\Program Files\Java\jre1.8.0_201\bin\nio.dll
0x00007ffa75ed0000 - 0x00007ffa75ee7000 	C:\WINDOWS\SYSTEM32\CRYPTSP.dll
0x00007ffa75900000 - 0x00007ffa75933000 	C:\WINDOWS\system32\rsaenh.dll
0x00007ffa763a0000 - 0x00007ffa763c8000 	C:\WINDOWS\SYSTEM32\USERENV.dll
0x00007ffa70f60000 - 0x00007ffa70f76000 	C:\WINDOWS\SYSTEM32\dhcpcsvc6.DLL
0x00007ffa70e70000 - 0x00007ffa70e8a000 	C:\WINDOWS\SYSTEM32\dhcpcsvc.DLL
0x000000006cd80000 - 0x000000006ce70000 	C:\Users\samso\AppData\Local\Temp\sqlite-3.16.1-0de97e25-a3d6-4483-965d-de73423ba1cf-sqlitejdbc.dll
0x00007ffa62e00000 - 0x00007ffa62fc9000 	C:\WINDOWS\SYSTEM32\dbghelp.dll

VM Arguments:
jvm_args: -Dfile.encoding=UTF-8 
java_command: Ascari.one.AscariCab.AscariCabApplication
java_class_path (initial): C:\Users\samso\git\Ascari\target\classes;C:\Users\samso\.m2\repository\org\springframework\boot\spring-boot-starter-data-jpa\2.1.3.RELEASE\spring-boot-starter-data-jpa-2.1.3.RELEASE.jar;C:\Users\samso\.m2\repository\org\springframework\boot\spring-boot-starter-aop\2.1.3.RELEASE\spring-boot-starter-aop-2.1.3.RELEASE.jar;C:\Users\samso\.m2\repository\org\springframework\spring-aop\5.1.5.RELEASE\spring-aop-5.1.5.RELEASE.jar;C:\Users\samso\.m2\repository\org\aspectj\aspectjweaver\1.9.2\aspectjweaver-1.9.2.jar;C:\Users\samso\.m2\repository\org\springframework\boot\spring-boot-starter-jdbc\2.1.3.RELEASE\spring-boot-starter-jdbc-2.1.3.RELEASE.jar;C:\Users\samso\.m2\repository\com\zaxxer\HikariCP\3.2.0\HikariCP-3.2.0.jar;C:\Users\samso\.m2\repository\org\springframework\spring-jdbc\5.1.5.RELEASE\spring-jdbc-5.1.5.RELEASE.jar;C:\Users\samso\.m2\repository\javax\transaction\javax.transaction-api\1.3\javax.transaction-api-1.3.jar;C:\Users\samso\.m2\repository\javax\xml\bind\jaxb-api\2.3.1\jaxb-api-2.3.1.jar;C:\Users\samso\.m2\repository\javax\activation\javax.activation-api\1.2.0\javax.activation-api-1.2.0.jar;C:\Users\samso\.m2\repository\org\hibernate\hibernate-core\5.3.7.Final\hibernate-core-5.3.7.Final.jar;C:\Users\samso\.m2\repository\org\jboss\logging\jboss-logging\3.3.2.Final\jboss-logging-3.3.2.Final.jar;C:\Users\samso\.m2\repository\javax\persistence\javax.persistence-api\2.2\javax.persistence-api-2.2.jar;C:\Users\samso\.m2\repository\org\javassist\javassist\3.23.1-GA\javassist-3.23.1-GA.jar;C:\Users\samso\.m2\repository\net\bytebuddy\byte-buddy\1.9.10\byte-buddy-1.9.10.jar;C:\Users\samso\.m2\repository\antlr\antlr\2.7.7\antlr-2.7.7.jar;C:\Users\samso\.m2\repository\org\jboss\jandex\2.0.5.Final\jandex-2.0.5.Final.jar;C:\Users\samso\.m2\repository\com\fasterxml\classmate\1.4.0\classmate-1.4.0.jar;C:\Users\samso\.m2\repository\org\dom4j\dom4j\2.1.1\dom4j-2.1.1.jar;C:\Users\samso\.m2\repository\org\hibernate\common\hibernate-commons-annotatio
Launcher Type: SUN_STANDARD

Environment Variables:
PATH=C:/Program Files/Java/jre1.8.0_201/bin/server;C:/Program Files/Java/jre1.8.0_201/bin;C:/Program Files/Java/jre1.8.0_201/lib/amd64;C:\Program Files (x86)\Common Files\Oracle\Java\javapath;C:\Program Files (x86)\Intel\iCLS Client\;C:\Program Files\Intel\iCLS Client\;C:\Windows\system32;C:\Windows;C:\Windows\System32\Wbem;C:\Windows\System32\WindowsPowerShell\v1.0\;C:\Program Files (x86)\Intel\Intel(R) Management Engine Components\DAL;C:\Program Files\Intel\Intel(R) Management Engine Components\DAL;C:\Program Files (x86)\Intel\Intel(R) Management Engine Components\IPT;C:\Program Files\Intel\Intel(R) Management Engine Components\IPT;C:\Program Files (x86)\NVIDIA Corporation\PhysX\Common;C:\WINDOWS\system32;C:\WINDOWS;C:\WINDOWS\System32\Wbem;C:\WINDOWS\System32\WindowsPowerShell\v1.0\;C:\WINDOWS\System32\OpenSSH\;C:\Program Files\Intel\WiFi\bin\;C:\Program Files\Common Files\Intel\WirelessCommon\;C:\Program Files\NVIDIA Corporation\NVIDIA NvDLISR;D:\Program Files\IBM\SPSS\Statistics\25\JRE\bin;C:\Users\samso\AppData\Local\Microsoft\WindowsApps;C:\MinGW\bin;D:\Users\samso\AppData\Local\Programs\Microsoft VS Code\bin;C:\Users\samso\Desktop;
USERNAME=samso
OS=Windows_NT
PROCESSOR_IDENTIFIER=Intel64 Family 6 Model 94 Stepping 3, GenuineIntel



---------------  S Y S T E M  ---------------

OS: Windows 10.0 , 64 bit Build 17134 (10.0.17134.648)

CPU:total 8 (initial active 8) (4 cores per cpu, 2 threads per core) family 6 model 94 stepping 3, cmov, cx8, fxsr, mmx, sse, sse2, sse3, ssse3, sse4.1, sse4.2, popcnt, avx, avx2, aes, clmul, erms, rtm, 3dnowpref, lzcnt, ht, tsc, tscinvbit, bmi1, bmi2, adx

Memory: 4k page, physical 12456056k(5249136k free), swap 17698936k(7177676k free)

vm_info: Java HotSpot(TM) 64-Bit Server VM (25.201-b09) for windows-amd64 JRE (1.8.0_201-b09), built on Dec 15 2018 18:36:39 by "java_re" with MS VC++ 10.0 (VS2010)

time: Fri Mar 22 16:26:32 2019
timezone: SA Pacific Standard Time
elapsed time: 74 seconds (0d 0h 1m 14s)

